2020-12-17 14:08:07,614 ERROR [JavaFX Application Thread] m.j.s.Main [Main.java:32] Pokrenuli smo program
2020-12-17 14:21:29,745 ERROR [JavaFX Application Thread] m.j.s.Main [Main.java:32] Pokrenuli smo program
2020-12-17 14:42:53,480 ERROR [JavaFX Application Thread] m.j.s.Main [Main.java:32] Pokrenuli smo program
2020-12-17 14:45:30,916 ERROR [JavaFX Application Thread] m.j.s.Main [Main.java:32] Pokrenuli smo program
2020-12-17 14:51:28,524 ERROR [JavaFX Application Thread] m.j.s.Main [Main.java:32] Pokrenuli smo program
2020-12-17 14:51:43,542 ERROR [JavaFX Application Thread] m.j.s.Main [Utility.java:12] Unesen je podatak koji nije broj
2020-12-17 14:51:43,543 ERROR [JavaFX Application Thread] m.j.s.Main [Utility.java:12] Unesen je podatak koji nije broj
2020-12-17 15:19:05,003 ERROR [JavaFX Application Thread] m.j.s.Main [Main.java:32] Pokrenuli smo program
2020-12-17 15:23:22,283 ERROR [JavaFX Application Thread] m.j.s.Main [Main.java:32] Pokrenuli smo program
2020-12-17 15:24:37,231 ERROR [JavaFX Application Thread] m.j.s.Main [Main.java:32] Pokrenuli smo program
2020-12-17 15:24:47,512 ERROR [JavaFX Application Thread] m.j.s.Main [Main.java:32] Pokrenuli smo program
2020-12-19 13:24:56,817 ERROR [JavaFX Application Thread] m.j.s.Main [Main.java:32] Pokrenuli smo program
2020-12-19 13:28:42,548 ERROR [JavaFX Application Thread] m.j.s.Main [Main.java:35] Pokrenuli smo program
2020-12-19 13:31:57,361 ERROR [JavaFX Application Thread] m.j.s.Main [Main.java:35] Pokrenuli smo program
2020-12-19 13:32:37,813 ERROR [JavaFX Application Thread] m.j.s.Main [Utility.java:12] Unesen je podatak koji nije broj
2020-12-19 13:32:37,813 ERROR [JavaFX Application Thread] m.j.s.Main [Utility.java:12] Unesen je podatak koji nije broj
2020-12-19 13:33:52,547 ERROR [JavaFX Application Thread] m.j.s.Main [Main.java:35] Pokrenuli smo program
2020-12-19 13:42:38,928 ERROR [JavaFX Application Thread] m.j.s.Main [Main.java:35] Pokrenuli smo program
2020-12-19 13:42:43,007 ERROR [JavaFX Application Thread] m.j.s.Main [Utility.java:12] Unesen je podatak koji nije broj
2020-12-19 13:42:43,007 ERROR [JavaFX Application Thread] m.j.s.Main [Utility.java:12] Unesen je podatak koji nije broj
2020-12-19 13:42:46,882 ERROR [JavaFX Application Thread] m.j.s.Main [Utility.java:12] Unesen je podatak koji nije broj
2020-12-19 13:42:46,883 ERROR [JavaFX Application Thread] m.j.s.Main [Utility.java:12] Unesen je podatak koji nije broj
2020-12-19 13:43:19,726 ERROR [JavaFX Application Thread] m.j.s.Main [Main.java:35] Pokrenuli smo program
2020-12-19 13:43:29,351 ERROR [JavaFX Application Thread] m.j.s.Main [Utility.java:12] Unesen je podatak koji nije broj
2020-12-19 13:43:31,851 ERROR [JavaFX Application Thread] m.j.s.Main [Utility.java:12] Unesen je podatak koji nije broj
2020-12-19 13:44:28,533 ERROR [JavaFX Application Thread] m.j.s.Main [Utility.java:12] Unesen je podatak koji nije broj
2020-12-19 13:44:43,663 ERROR [JavaFX Application Thread] m.j.s.Main [Utility.java:12] Unesen je podatak koji nije broj
2020-12-19 13:47:06,899 ERROR [JavaFX Application Thread] m.j.s.Main [Main.java:35] Pokrenuli smo program
2020-12-19 13:52:24,047 ERROR [JavaFX Application Thread] m.j.s.Main [Main.java:35] Pokrenuli smo program
2020-12-19 13:52:28,779 ERROR [JavaFX Application Thread] m.j.s.Main [Utility.java:12] Unesen je podatak koji nije broj
2020-12-19 13:52:28,779 ERROR [JavaFX Application Thread] m.j.s.Main [Utility.java:12] Unesen je podatak koji nije broj
2020-12-19 13:52:34,626 ERROR [JavaFX Application Thread] m.j.s.Main [Utility.java:12] Unesen je podatak koji nije broj
2020-12-19 13:52:34,627 ERROR [JavaFX Application Thread] m.j.s.Main [Utility.java:12] Unesen je podatak koji nije broj
2020-12-19 13:52:36,544 ERROR [JavaFX Application Thread] m.j.s.Main [Utility.java:12] Unesen je podatak koji nije broj
2020-12-19 13:56:06,374 ERROR [JavaFX Application Thread] m.j.s.Main [Main.java:35] Pokrenuli smo program
2020-12-19 13:56:09,215 ERROR [JavaFX Application Thread] m.j.s.Main [Utility.java:12] Unesen je podatak koji nije broj
2020-12-19 13:56:09,215 ERROR [JavaFX Application Thread] m.j.s.Main [Utility.java:12] Unesen je podatak koji nije broj
2020-12-19 13:56:12,236 ERROR [JavaFX Application Thread] m.j.s.Main [Utility.java:12] Unesen je podatak koji nije broj
2020-12-19 13:56:12,236 ERROR [JavaFX Application Thread] m.j.s.Main [Utility.java:12] Unesen je podatak koji nije broj
2020-12-19 14:04:50,436 ERROR [JavaFX Application Thread] m.j.s.Main [Main.java:35] Pokrenuli smo program
2020-12-19 14:05:00,875 ERROR [JavaFX Application Thread] m.j.s.Main [Utility.java:12] Unesen je podatak koji nije broj
2020-12-19 14:05:00,875 ERROR [JavaFX Application Thread] m.j.s.Main [Utility.java:12] Unesen je podatak koji nije broj
2020-12-19 14:08:41,549 ERROR [JavaFX Application Thread] m.j.s.Main [Main.java:35] Pokrenuli smo program
2020-12-19 14:08:46,460 ERROR [JavaFX Application Thread] m.j.s.Main [Utility.java:12] Unesen je podatak koji nije broj
2020-12-19 14:08:46,460 ERROR [JavaFX Application Thread] m.j.s.Main [Utility.java:12] Unesen je podatak koji nije broj
2020-12-19 14:15:04,278 ERROR [JavaFX Application Thread] m.j.s.Main [Main.java:35] Pokrenuli smo program
2020-12-19 14:15:10,296 ERROR [JavaFX Application Thread] m.j.s.Main [Utility.java:12] Unesen je podatak koji nije broj
2020-12-19 14:15:10,296 ERROR [JavaFX Application Thread] m.j.s.Main [Utility.java:12] Unesen je podatak koji nije broj
2020-12-19 14:15:12,775 ERROR [JavaFX Application Thread] m.j.s.Main [Utility.java:12] Unesen je podatak koji nije broj
2020-12-19 14:15:13,587 ERROR [JavaFX Application Thread] m.j.s.Main [Utility.java:12] Unesen je podatak koji nije broj
2020-12-19 14:15:14,288 ERROR [JavaFX Application Thread] m.j.s.Main [Utility.java:12] Unesen je podatak koji nije broj
2020-12-19 14:15:14,874 ERROR [JavaFX Application Thread] m.j.s.Main [Utility.java:12] Unesen je podatak koji nije broj
2020-12-19 14:15:15,037 ERROR [JavaFX Application Thread] m.j.s.Main [Utility.java:12] Unesen je podatak koji nije broj
2020-12-19 14:15:15,177 ERROR [JavaFX Application Thread] m.j.s.Main [Utility.java:12] Unesen je podatak koji nije broj
2020-12-19 14:15:18,795 ERROR [JavaFX Application Thread] m.j.s.Main [Utility.java:12] Unesen je podatak koji nije broj
2020-12-19 14:15:26,272 ERROR [JavaFX Application Thread] m.j.s.Main [Utility.java:12] Unesen je podatak koji nije broj
2020-12-19 14:15:35,317 ERROR [JavaFX Application Thread] m.j.s.Main [Utility.java:12] Unesen je podatak koji nije broj
2020-12-19 14:15:35,318 ERROR [JavaFX Application Thread] m.j.s.Main [Utility.java:12] Unesen je podatak koji nije broj
2020-12-19 14:16:22,058 ERROR [JavaFX Application Thread] m.j.s.Main [Main.java:35] Pokrenuli smo program
2020-12-19 14:19:26,369 ERROR [JavaFX Application Thread] m.j.s.Main [Main.java:35] Pokrenuli smo program
2020-12-19 14:20:29,582 ERROR [JavaFX Application Thread] m.j.s.Main [Main.java:35] Pokrenuli smo program
2020-12-19 14:23:24,276 ERROR [JavaFX Application Thread] m.j.s.Main [Main.java:35] Pokrenuli smo program
2020-12-19 14:24:29,163 ERROR [JavaFX Application Thread] m.j.s.Main [Main.java:35] Pokrenuli smo program
2020-12-19 14:29:08,416 ERROR [JavaFX Application Thread] m.j.s.Main [Main.java:35] Pokrenuli smo program
2020-12-19 14:30:28,680 ERROR [JavaFX Application Thread] m.j.s.Main [Main.java:35] Pokrenuli smo program
2020-12-19 14:35:41,589 ERROR [JavaFX Application Thread] m.j.s.Main [Main.java:35] Pokrenuli smo program
2020-12-19 14:36:06,742 ERROR [JavaFX Application Thread] m.j.s.Main [Main.java:35] Pokrenuli smo program
2020-12-19 14:37:04,930 ERROR [JavaFX Application Thread] m.j.s.Main [Main.java:35] Pokrenuli smo program
2020-12-19 14:48:28,918 ERROR [JavaFX Application Thread] m.j.s.Main [Main.java:34] Pokrenuli smo program
2020-12-19 14:48:35,499 ERROR [JavaFX Application Thread] m.j.s.Main [UnosController.java:114] Unesen je podatak koji nije broj
2020-12-19 14:48:35,556 ERROR [JavaFX Application Thread] m.j.s.Main [UnosController.java:114] Unesen je podatak koji nije broj
2020-12-19 14:48:35,557 ERROR [JavaFX Application Thread] m.j.s.Main [UnosController.java:114] Unesen je podatak koji nije broj
2020-12-19 14:48:35,750 ERROR [JavaFX Application Thread] m.j.s.Main [UnosController.java:114] Unesen je podatak koji nije broj
2020-12-19 14:48:35,751 ERROR [JavaFX Application Thread] m.j.s.Main [UnosController.java:114] Unesen je podatak koji nije broj
2020-12-19 14:48:35,764 ERROR [JavaFX Application Thread] m.j.s.Main [UnosController.java:114] Unesen je podatak koji nije broj
2020-12-19 14:48:36,301 ERROR [JavaFX Application Thread] m.j.s.Main [UnosController.java:114] Unesen je podatak koji nije broj
2020-12-19 14:48:37,813 ERROR [JavaFX Application Thread] m.j.s.Main [UnosController.java:114] Unesen je podatak koji nije broj
2020-12-19 14:48:39,335 ERROR [JavaFX Application Thread] m.j.s.Main [UnosController.java:114] Unesen je podatak koji nije broj
2020-12-19 14:48:39,835 ERROR [JavaFX Application Thread] m.j.s.Main [UnosController.java:114] Unesen je podatak koji nije broj
2020-12-19 14:48:39,876 ERROR [JavaFX Application Thread] m.j.s.Main [UnosController.java:114] Unesen je podatak koji nije broj
2020-12-19 14:48:39,888 ERROR [JavaFX Application Thread] m.j.s.Main [UnosController.java:114] Unesen je podatak koji nije broj
2020-12-19 14:48:40,084 ERROR [JavaFX Application Thread] m.j.s.Main [UnosController.java:114] Unesen je podatak koji nije broj
2020-12-19 14:48:40,096 ERROR [JavaFX Application Thread] m.j.s.Main [UnosController.java:114] Unesen je podatak koji nije broj
2020-12-19 14:48:40,098 ERROR [JavaFX Application Thread] m.j.s.Main [UnosController.java:114] Unesen je podatak koji nije broj
2020-12-19 14:48:40,492 ERROR [JavaFX Application Thread] m.j.s.Main [UnosController.java:114] Unesen je podatak koji nije broj
2020-12-19 14:48:44,360 ERROR [JavaFX Application Thread] m.j.s.Main [UnosController.java:114] Unesen je podatak koji nije broj
2020-12-19 14:48:44,452 ERROR [JavaFX Application Thread] m.j.s.Main [UnosController.java:114] Unesen je podatak koji nije broj
2020-12-19 14:48:44,572 ERROR [JavaFX Application Thread] m.j.s.Main [UnosController.java:114] Unesen je podatak koji nije broj
2020-12-19 14:48:44,630 ERROR [JavaFX Application Thread] m.j.s.Main [UnosController.java:114] Unesen je podatak koji nije broj
2020-12-19 14:48:47,383 ERROR [JavaFX Application Thread] m.j.s.Main [UnosController.java:114] Unesen je podatak koji nije broj
2020-12-19 14:48:49,111 ERROR [JavaFX Application Thread] m.j.s.Main [UnosController.java:114] Unesen je podatak koji nije broj
2020-12-19 14:48:54,546 ERROR [JavaFX Application Thread] m.j.s.Main [UnosController.java:114] Unesen je podatak koji nije broj
2020-12-19 14:48:54,547 ERROR [JavaFX Application Thread] m.j.s.Main [UnosController.java:114] Unesen je podatak koji nije broj
2020-12-19 14:55:06,466 ERROR [JavaFX Application Thread] m.j.s.Main [Main.java:34] Pokrenuli smo program
2020-12-19 14:55:55,901 ERROR [JavaFX Application Thread] m.j.s.Main [Main.java:34] Pokrenuli smo program
2020-12-19 14:56:44,402 ERROR [JavaFX Application Thread] m.j.s.Main [Main.java:34] Pokrenuli smo program
2020-12-20 18:37:18,030 ERROR [JavaFX Application Thread] m.j.s.Main [Main.java:34] Pokrenuli smo program
2020-12-20 18:44:01,213 ERROR [JavaFX Application Thread] m.j.s.Main [Main.java:34] Pokrenuli smo program
2020-12-20 18:45:11,444 ERROR [JavaFX Application Thread] m.j.s.Main [Main.java:34] Pokrenuli smo program
2020-12-20 18:45:35,338 ERROR [JavaFX Application Thread] m.j.s.Main [Main.java:34] Pokrenuli smo program
2020-12-20 18:47:32,383 ERROR [JavaFX Application Thread] m.j.s.Main [Main.java:34] Pokrenuli smo program
2020-12-20 18:49:24,612 ERROR [JavaFX Application Thread] m.j.s.Main [UnosController.java:124] Unesen je podatak koji nije broj
2020-12-20 18:49:24,726 ERROR [JavaFX Application Thread] m.j.s.Main [UnosController.java:124] Unesen je podatak koji nije broj
2020-12-20 18:49:24,734 ERROR [JavaFX Application Thread] m.j.s.Main [UnosController.java:124] Unesen je podatak koji nije broj
2020-12-20 18:49:24,927 ERROR [JavaFX Application Thread] m.j.s.Main [UnosController.java:124] Unesen je podatak koji nije broj
2020-12-20 18:49:24,946 ERROR [JavaFX Application Thread] m.j.s.Main [UnosController.java:124] Unesen je podatak koji nije broj
2020-12-20 18:49:24,949 ERROR [JavaFX Application Thread] m.j.s.Main [UnosController.java:124] Unesen je podatak koji nije broj
2020-12-20 18:49:26,145 ERROR [JavaFX Application Thread] m.j.s.Main [UnosController.java:124] Unesen je podatak koji nije broj
2020-12-20 18:51:47,102 ERROR [JavaFX Application Thread] m.j.s.Main [Main.java:34] Pokrenuli smo program
2020-12-20 18:56:54,541 ERROR [JavaFX Application Thread] m.j.s.Main [Main.java:34] Pokrenuli smo program
2020-12-20 19:02:12,177 ERROR [JavaFX Application Thread] m.j.s.Main [Main.java:34] Pokrenuli smo program
2020-12-20 19:04:20,323 ERROR [JavaFX Application Thread] m.j.s.Main [Main.java:34] Pokrenuli smo program
2020-12-20 19:05:10,937 ERROR [JavaFX Application Thread] m.j.s.Main [Main.java:34] Pokrenuli smo program
2020-12-20 19:06:00,997 ERROR [JavaFX Application Thread] m.j.s.Main [Main.java:34] Pokrenuli smo program
2020-12-20 19:06:50,731 ERROR [JavaFX Application Thread] m.j.s.Main [Main.java:34] Pokrenuli smo program
2020-12-20 19:07:55,598 ERROR [JavaFX Application Thread] m.j.s.Main [Main.java:34] Pokrenuli smo program
2020-12-20 19:08:34,962 ERROR [JavaFX Application Thread] m.j.s.Main [Main.java:34] Pokrenuli smo program
2020-12-20 19:08:44,446 ERROR [JavaFX Application Thread] m.j.s.Main [Main.java:34] Pokrenuli smo program
2020-12-20 19:11:13,068 ERROR [JavaFX Application Thread] m.j.s.Main [Main.java:34] Pokrenuli smo program
2020-12-20 19:11:43,105 ERROR [JavaFX Application Thread] m.j.s.Main [Main.java:34] Pokrenuli smo program
2020-12-20 19:12:09,185 ERROR [JavaFX Application Thread] m.j.s.Main [Main.java:34] Pokrenuli smo program
2020-12-20 19:12:28,866 ERROR [JavaFX Application Thread] m.j.s.Main [Main.java:34] Pokrenuli smo program
2020-12-20 19:14:11,768 ERROR [JavaFX Application Thread] m.j.s.Main [Main.java:34] Pokrenuli smo program
2020-12-20 19:14:38,675 ERROR [JavaFX Application Thread] m.j.s.Main [Main.java:34] Pokrenuli smo program
2020-12-20 19:15:27,702 ERROR [JavaFX Application Thread] m.j.s.Main [UnosController.java:124] Unesen je podatak koji nije broj
2020-12-20 19:15:30,002 ERROR [JavaFX Application Thread] m.j.s.Main [UnosController.java:124] Unesen je podatak koji nije broj
2020-12-20 19:15:32,323 ERROR [JavaFX Application Thread] m.j.s.Main [UnosController.java:124] Unesen je podatak koji nije broj
2020-12-20 19:15:33,533 ERROR [JavaFX Application Thread] m.j.s.Main [UnosController.java:124] Unesen je podatak koji nije broj
2020-12-20 19:15:33,861 ERROR [JavaFX Application Thread] m.j.s.Main [UnosController.java:124] Unesen je podatak koji nije broj
2020-12-20 19:15:34,776 ERROR [JavaFX Application Thread] m.j.s.Main [UnosController.java:124] Unesen je podatak koji nije broj
2020-12-20 19:15:35,277 ERROR [JavaFX Application Thread] m.j.s.Main [UnosController.java:124] Unesen je podatak koji nije broj
2020-12-20 19:15:35,506 ERROR [JavaFX Application Thread] m.j.s.Main [UnosController.java:124] Unesen je podatak koji nije broj
2020-12-20 19:15:35,664 ERROR [JavaFX Application Thread] m.j.s.Main [UnosController.java:124] Unesen je podatak koji nije broj
2020-12-20 19:15:35,813 ERROR [JavaFX Application Thread] m.j.s.Main [UnosController.java:124] Unesen je podatak koji nije broj
2020-12-20 19:15:39,921 ERROR [JavaFX Application Thread] m.j.s.Main [UnosController.java:124] Unesen je podatak koji nije broj
2020-12-20 19:15:57,256 ERROR [JavaFX Application Thread] m.j.s.Main [Main.java:34] Pokrenuli smo program
2020-12-20 20:51:10,245 ERROR [JavaFX Application Thread] m.j.s.Main [Main.java:34] Pokrenuli smo program
2020-12-20 21:03:55,846 ERROR [JavaFX Application Thread] m.j.s.Main [Main.java:34] Pokrenuli smo program
2020-12-20 21:06:06,952 ERROR [JavaFX Application Thread] m.j.s.Main [Main.java:34] Pokrenuli smo program
2020-12-20 21:07:35,631 ERROR [JavaFX Application Thread] m.j.s.Main [Main.java:34] Pokrenuli smo program
2020-12-20 21:11:07,500 ERROR [JavaFX Application Thread] m.j.s.Main [Main.java:34] Pokrenuli smo program
2020-12-20 21:14:59,482 ERROR [JavaFX Application Thread] m.j.s.Main [Main.java:34] Pokrenuli smo program
2020-12-20 21:15:49,409 ERROR [JavaFX Application Thread] m.j.s.Main [Main.java:34] Pokrenuli smo program
2020-12-20 21:16:19,308 ERROR [JavaFX Application Thread] m.j.s.Main [PocetniEkranController.java:30] Greška kod prikaza ekrana Unos županije
2020-12-20 21:16:20,274 ERROR [JavaFX Application Thread] m.j.s.Main [PocetniEkranController.java:30] Greška kod prikaza ekrana Unos županije
2020-12-20 21:16:47,472 ERROR [JavaFX Application Thread] m.j.s.Main [Main.java:34] Pokrenuli smo program
2020-12-20 21:16:55,547 ERROR [JavaFX Application Thread] m.j.s.Main [PocetniEkranController.java:30] Greška kod prikaza ekrana Unos županije
2020-12-20 21:17:04,312 ERROR [JavaFX Application Thread] m.j.s.Main [Main.java:34] Pokrenuli smo program
2020-12-20 21:21:04,983 ERROR [JavaFX Application Thread] m.j.s.Main [Main.java:34] Pokrenuli smo program
2020-12-20 21:24:30,544 ERROR [JavaFX Application Thread] m.j.s.Main [Main.java:34] Pokrenuli smo program
2020-12-20 21:25:35,556 ERROR [JavaFX Application Thread] m.j.s.Main [Main.java:34] Pokrenuli smo program
2020-12-20 21:26:20,816 ERROR [JavaFX Application Thread] m.j.s.Main [Main.java:34] Pokrenuli smo program
2020-12-20 21:32:45,745 ERROR [JavaFX Application Thread] m.j.s.Main [Main.java:34] Pokrenuli smo program
2020-12-20 21:35:21,548 ERROR [JavaFX Application Thread] m.j.s.Main [Main.java:34] Pokrenuli smo program
2020-12-20 21:35:26,882 ERROR [JavaFX Application Thread] m.j.s.Main [PocetniEkranController.java:30] Greška kod prikaza ekrana Unos županije
2020-12-20 21:35:52,414 ERROR [JavaFX Application Thread] m.j.s.Main [Main.java:34] Pokrenuli smo program
2020-12-20 21:39:37,920 ERROR [JavaFX Application Thread] m.j.s.Main [PocetniEkranController.java:30] Greška kod prikaza ekrana Unos županije
2020-12-20 21:39:41,343 ERROR [JavaFX Application Thread] m.j.s.Main [Main.java:34] Pokrenuli smo program
2020-12-20 21:40:30,854 ERROR [JavaFX Application Thread] m.j.s.Main [Main.java:34] Pokrenuli smo program
2020-12-20 21:40:51,509 ERROR [JavaFX Application Thread] m.j.s.Main [Main.java:34] Pokrenuli smo program
2020-12-20 21:41:43,731 ERROR [JavaFX Application Thread] m.j.s.Main [Main.java:34] Pokrenuli smo program
2020-12-20 21:48:03,582 ERROR [JavaFX Application Thread] m.j.s.Main [Main.java:34] Pokrenuli smo program
2020-12-20 21:48:33,125 ERROR [JavaFX Application Thread] m.j.s.Main [Main.java:34] Pokrenuli smo program
2020-12-20 21:50:28,940 ERROR [JavaFX Application Thread] m.j.s.Main [Main.java:34] Pokrenuli smo program
2020-12-20 21:52:25,867 ERROR [JavaFX Application Thread] m.j.s.Main [Main.java:34] Pokrenuli smo program
2020-12-20 21:55:34,972 ERROR [JavaFX Application Thread] m.j.s.Main [Main.java:34] Pokrenuli smo program
2020-12-20 21:55:43,164 ERROR [JavaFX Application Thread] m.j.s.Main [PocetniEkranController.java:30] Greška kod prikaza ekrana Unos osobe
2020-12-20 21:56:06,920 ERROR [JavaFX Application Thread] m.j.s.Main [PocetniEkranController.java:30] Greška kod prikaza ekrana Unos županije
2020-12-20 21:56:11,301 ERROR [JavaFX Application Thread] m.j.s.Main [Main.java:34] Pokrenuli smo program
2020-12-20 21:58:47,881 ERROR [JavaFX Application Thread] m.j.s.Main [PocetniEkranController.java:30] Greška kod prikaza ekrana Unos županije
2020-12-20 22:11:52,458 ERROR [JavaFX Application Thread] m.j.s.Main [Main.java:34] Pokrenuli smo program
2020-12-20 22:12:40,135 ERROR [JavaFX Application Thread] m.j.s.Main [PocetniEkranController.java:30] Greška kod prikaza ekrana Unos županije
2020-12-20 22:13:42,482 ERROR [JavaFX Application Thread] m.j.s.Main [Main.java:34] Pokrenuli smo program
2020-12-20 22:13:44,498 ERROR [JavaFX Application Thread] m.j.s.Main [PocetniEkranController.java:30] Greška kod prikaza ekrana Unos županije
2020-12-20 22:14:08,468 ERROR [JavaFX Application Thread] m.j.s.Main [Main.java:34] Pokrenuli smo program
2020-12-20 22:14:43,524 ERROR [JavaFX Application Thread] m.j.s.Main [Main.java:34] Pokrenuli smo program
2020-12-20 22:15:16,814 ERROR [JavaFX Application Thread] m.j.s.Main [Main.java:34] Pokrenuli smo program
2020-12-20 22:17:21,842 ERROR [JavaFX Application Thread] m.j.s.Main [Main.java:34] Pokrenuli smo program
2020-12-20 22:17:47,283 ERROR [JavaFX Application Thread] m.j.s.Main [Main.java:34] Pokrenuli smo program
2020-12-20 22:19:54,012 ERROR [JavaFX Application Thread] m.j.s.Main [Main.java:34] Pokrenuli smo program
2020-12-20 22:20:50,480 ERROR [JavaFX Application Thread] m.j.s.Main [Main.java:34] Pokrenuli smo program
2020-12-21 10:10:49,934 ERROR [JavaFX Application Thread] m.j.s.Main [Main.java:34] Pokrenuli smo program
2020-12-21 10:11:24,788 ERROR [JavaFX Application Thread] m.j.s.Main [Main.java:34] Pokrenuli smo program
2020-12-21 10:19:23,318 ERROR [JavaFX Application Thread] m.j.s.Main [Main.java:34] Pokrenuli smo program
2020-12-21 10:21:20,063 ERROR [JavaFX Application Thread] m.j.s.Main [Main.java:34] Pokrenuli smo program
2020-12-21 10:23:53,420 ERROR [JavaFX Application Thread] m.j.s.Main [Main.java:34] Pokrenuli smo program
2020-12-21 10:25:24,562 ERROR [JavaFX Application Thread] m.j.s.Main [Main.java:34] Pokrenuli smo program
2020-12-21 10:37:41,879 ERROR [JavaFX Application Thread] m.j.s.Main [Main.java:34] Pokrenuli smo program
2020-12-21 10:39:03,352 ERROR [JavaFX Application Thread] m.j.s.Main [Main.java:34] Pokrenuli smo program
2020-12-21 10:41:10,625 ERROR [JavaFX Application Thread] m.j.s.Main [Main.java:34] Pokrenuli smo program
2020-12-22 16:40:08,033 ERROR [JavaFX Application Thread] m.j.s.Main [Main.java:34] Pokrenuli smo program
2020-12-26 13:29:44,776 ERROR [JavaFX Application Thread] m.j.s.Main [Main.java:34] Pokrenuli smo program
2020-12-26 15:58:04,655 ERROR [JavaFX Application Thread] m.j.s.Main [Main.java:34] Pokrenuli smo program
2020-12-26 15:58:07,150 ERROR [JavaFX Application Thread] m.j.s.Main [PocetniEkranController.java:30] Greška kod prikaza ekrana Pretraga županije
2020-12-26 15:58:30,050 ERROR [JavaFX Application Thread] m.j.s.Main [Main.java:34] Pokrenuli smo program
2020-12-26 15:58:53,519 ERROR [JavaFX Application Thread] m.j.s.Main [PocetniEkranController.java:30] Greška kod prikaza ekrana Pretraga županije
2020-12-26 15:58:55,543 ERROR [JavaFX Application Thread] m.j.s.Main [Main.java:34] Pokrenuli smo program
2020-12-26 15:59:16,356 ERROR [JavaFX Application Thread] m.j.s.Main [PocetniEkranController.java:30] Greška kod prikaza ekrana Pretraga županije
2020-12-26 15:59:18,392 ERROR [JavaFX Application Thread] m.j.s.Main [Main.java:34] Pokrenuli smo program
2020-12-26 15:59:57,313 ERROR [JavaFX Application Thread] m.j.s.Main [PocetniEkranController.java:30] Greška kod prikaza ekrana Pretraga županije
2020-12-26 16:00:00,019 ERROR [JavaFX Application Thread] m.j.s.Main [Main.java:34] Pokrenuli smo program
2020-12-26 16:00:26,302 ERROR [JavaFX Application Thread] m.j.s.Main [PocetniEkranController.java:30] Greška kod prikaza ekrana Pretraga županije
2020-12-26 16:00:28,929 ERROR [JavaFX Application Thread] m.j.s.Main [Main.java:34] Pokrenuli smo program
2020-12-27 14:32:46,941 ERROR [JavaFX Application Thread] m.j.s.Main [Main.java:34] Pokrenuli smo program
2020-12-27 14:32:51,253 ERROR [JavaFX Application Thread] m.j.s.Main [PretragaZupanijaController.java:64] Greška kod dohvaćanja županija iz baze podataka
2020-12-27 14:32:51,256 ERROR [JavaFX Application Thread] m.j.s.Main [PocetniEkranController.java:30] Greška kod prikaza ekrana Pretraga županije
2020-12-27 14:33:08,953 ERROR [JavaFX Application Thread] m.j.s.Main [Main.java:34] Pokrenuli smo program
2020-12-27 14:34:54,416 ERROR [JavaFX Application Thread] m.j.s.Main [PretragaZupanijaController.java:64] Greška kod dohvaćanja županija iz baze podataka
2020-12-27 14:34:54,435 ERROR [JavaFX Application Thread] m.j.s.Main [PocetniEkranController.java:30] Greška kod prikaza ekrana Pretraga županije
2020-12-27 14:34:57,652 ERROR [JavaFX Application Thread] m.j.s.Main [Main.java:34] Pokrenuli smo program
2020-12-27 14:36:37,655 ERROR [JavaFX Application Thread] m.j.s.Main [Main.java:34] Pokrenuli smo program
2020-12-27 14:37:09,559 ERROR [JavaFX Application Thread] m.j.s.Main [UnosZupanijeController.java:89] Greška kod spremanja nove županije
2020-12-27 14:38:08,764 ERROR [JavaFX Application Thread] m.j.s.Main [Main.java:34] Pokrenuli smo program
2020-12-27 14:38:46,592 ERROR [JavaFX Application Thread] m.j.s.Main [Main.java:34] Pokrenuli smo program
2020-12-27 14:39:05,216 ERROR [JavaFX Application Thread] m.j.s.Main [UnosZupanijeController.java:89] Greška kod spremanja nove županije
2020-12-27 14:39:20,214 ERROR [JavaFX Application Thread] m.j.s.Main [Main.java:34] Pokrenuli smo program
2020-12-27 14:39:35,464 ERROR [JavaFX Application Thread] m.j.s.Main [UnosZupanijeController.java:89] Greška kod spremanja nove županije
2020-12-27 14:41:17,353 ERROR [JavaFX Application Thread] m.j.s.Main [Main.java:34] Pokrenuli smo program
2020-12-27 14:41:28,882 ERROR [JavaFX Application Thread] m.j.s.Main [Main.java:34] Pokrenuli smo program
2020-12-27 14:41:57,191 ERROR [JavaFX Application Thread] m.j.s.Main [UnosZupanijeController.java:89] Greška kod spremanja nove županije
2020-12-27 14:43:10,323 ERROR [JavaFX Application Thread] m.j.s.Main [Main.java:34] Pokrenuli smo program
2020-12-27 14:43:22,918 ERROR [JavaFX Application Thread] m.j.s.Main [UnosZupanijeController.java:89] Greška kod spremanja nove županije
2020-12-27 14:44:50,677 ERROR [JavaFX Application Thread] m.j.s.Main [Main.java:34] Pokrenuli smo program
2020-12-27 14:45:05,043 ERROR [JavaFX Application Thread] m.j.s.Main [Main.java:34] Pokrenuli smo program
2020-12-27 14:52:06,883 ERROR [JavaFX Application Thread] m.j.s.Main [Main.java:34] Pokrenuli smo program
2020-12-27 14:55:24,701 ERROR [JavaFX Application Thread] m.j.s.Main [Main.java:34] Pokrenuli smo program
2020-12-27 14:57:00,396 ERROR [JavaFX Application Thread] m.j.s.Main [Main.java:34] Pokrenuli smo program
2020-12-27 14:57:56,284 ERROR [JavaFX Application Thread] m.j.s.Main [Main.java:34] Pokrenuli smo program
2020-12-27 14:59:10,575 ERROR [JavaFX Application Thread] m.j.s.Main [Main.java:34] Pokrenuli smo program
2020-12-27 14:59:45,135 ERROR [JavaFX Application Thread] m.j.s.Main [Main.java:34] Pokrenuli smo program
2020-12-27 15:03:56,753 ERROR [JavaFX Application Thread] m.j.s.Main [Main.java:34] Pokrenuli smo program
2020-12-27 16:15:15,303 ERROR [JavaFX Application Thread] m.j.s.Main [Main.java:34] Pokrenuli smo program
2020-12-27 16:15:18,715 ERROR [JavaFX Application Thread] m.j.s.Main [PocetniEkranController.java:30] Greška kod prikaza ekrana Pretraga simptoma
2020-12-27 16:17:54,334 ERROR [JavaFX Application Thread] m.j.s.Main [Main.java:34] Pokrenuli smo program
2020-12-27 16:17:56,405 ERROR [JavaFX Application Thread] m.j.s.Main [PocetniEkranController.java:30] Greška kod prikaza ekrana Pretraga simptoma
2020-12-27 16:18:27,239 ERROR [JavaFX Application Thread] m.j.s.Main [Main.java:34] Pokrenuli smo program
2020-12-27 16:18:36,435 ERROR [JavaFX Application Thread] m.j.s.Main [PocetniEkranController.java:30] Greška kod prikaza ekrana Unos simptoma
2020-12-27 16:34:13,396 ERROR [JavaFX Application Thread] m.j.s.Main [Main.java:34] Pokrenuli smo program
2020-12-27 16:34:44,480 ERROR [JavaFX Application Thread] m.j.s.Main [Main.java:34] Pokrenuli smo program
2020-12-27 16:37:51,862 ERROR [JavaFX Application Thread] m.j.s.Main [Main.java:34] Pokrenuli smo program
2020-12-27 16:39:19,912 ERROR [JavaFX Application Thread] m.j.s.Main [Main.java:34] Pokrenuli smo program
2020-12-27 16:40:25,738 ERROR [JavaFX Application Thread] m.j.s.Main [Main.java:34] Pokrenuli smo program
2020-12-27 16:40:56,382 ERROR [JavaFX Application Thread] m.j.s.Main [Main.java:34] Pokrenuli smo program
2020-12-27 16:42:22,718 ERROR [JavaFX Application Thread] m.j.s.Main [Main.java:34] Pokrenuli smo program
2020-12-27 16:43:58,083 ERROR [JavaFX Application Thread] m.j.s.Main [Main.java:34] Pokrenuli smo program
2020-12-27 16:45:36,832 ERROR [JavaFX Application Thread] m.j.s.Main [Main.java:34] Pokrenuli smo program
2020-12-27 16:47:10,066 ERROR [JavaFX Application Thread] m.j.s.Main [Main.java:34] Pokrenuli smo program
2020-12-27 17:02:46,221 ERROR [JavaFX Application Thread] m.j.s.Main [Main.java:34] Pokrenuli smo program
2020-12-27 17:04:03,171 ERROR [JavaFX Application Thread] m.j.s.Main [Main.java:34] Pokrenuli smo program
2020-12-27 17:05:32,007 ERROR [JavaFX Application Thread] m.j.s.Main [Main.java:34] Pokrenuli smo program
2020-12-27 17:05:37,516 ERROR [JavaFX Application Thread] m.j.s.Main [PocetniEkranController.java:30] Greška kod prikaza ekrana Unos simptoma
2020-12-27 17:05:57,923 ERROR [JavaFX Application Thread] m.j.s.Main [Main.java:34] Pokrenuli smo program
2020-12-27 17:06:00,032 ERROR [JavaFX Application Thread] m.j.s.Main [PocetniEkranController.java:30] Greška kod prikaza ekrana Unos simptoma
2020-12-27 17:07:22,701 ERROR [JavaFX Application Thread] m.j.s.Main [Main.java:34] Pokrenuli smo program
2020-12-27 17:07:30,136 ERROR [JavaFX Application Thread] m.j.s.Main [Main.java:34] Pokrenuli smo program
2020-12-27 17:07:40,021 ERROR [JavaFX Application Thread] m.j.s.Main [UnosSimptomaController.java:114] Greška kod spremanja novog simptoma
2020-12-27 17:08:21,306 ERROR [JavaFX Application Thread] m.j.s.Main [Main.java:34] Pokrenuli smo program
2020-12-27 17:09:07,493 ERROR [JavaFX Application Thread] m.j.s.Main [PocetniEkranController.java:30] Greška kod prikaza ekrana Pretraga simptoma
2020-12-27 17:09:40,141 ERROR [JavaFX Application Thread] m.j.s.Main [Main.java:34] Pokrenuli smo program
2020-12-27 17:11:02,504 ERROR [JavaFX Application Thread] m.j.s.Main [PocetniEkranController.java:30] Greška kod prikaza ekrana Unos simptoma
2020-12-27 17:11:04,996 ERROR [JavaFX Application Thread] m.j.s.Main [Main.java:34] Pokrenuli smo program
2020-12-27 17:11:07,004 ERROR [JavaFX Application Thread] m.j.s.Main [PocetniEkranController.java:30] Greška kod prikaza ekrana Pretraga simptoma
2020-12-27 17:11:11,962 ERROR [JavaFX Application Thread] m.j.s.Main [PocetniEkranController.java:30] Greška kod prikaza ekrana Unos simptoma
2020-12-27 17:12:58,676 ERROR [JavaFX Application Thread] m.j.s.Main [Main.java:34] Pokrenuli smo program
2020-12-27 17:13:01,077 ERROR [JavaFX Application Thread] m.j.s.Main [PocetniEkranController.java:30] Greška kod prikaza ekrana Pretraga simptoma
2020-12-27 17:13:28,884 ERROR [JavaFX Application Thread] m.j.s.Main [Main.java:34] Pokrenuli smo program
2020-12-27 17:13:30,813 ERROR [JavaFX Application Thread] m.j.s.Main [PocetniEkranController.java:30] Greška kod prikaza ekrana Pretraga simptoma
2020-12-27 17:13:44,944 ERROR [JavaFX Application Thread] m.j.s.Main [Main.java:34] Pokrenuli smo program
2020-12-27 17:13:47,200 ERROR [JavaFX Application Thread] m.j.s.Main [PocetniEkranController.java:30] Greška kod prikaza ekrana Pretraga simptoma
2020-12-27 17:15:24,752 ERROR [JavaFX Application Thread] m.j.s.Main [Main.java:34] Pokrenuli smo program
2020-12-27 17:15:54,098 ERROR [JavaFX Application Thread] m.j.s.Main [PocetniEkranController.java:30] Greška kod prikaza ekrana Pretraga simptoma
2020-12-27 17:16:07,097 ERROR [JavaFX Application Thread] m.j.s.Main [Main.java:34] Pokrenuli smo program
2020-12-27 17:32:34,649 ERROR [JavaFX Application Thread] m.j.s.Main [Main.java:34] Pokrenuli smo program
2020-12-27 17:57:53,025 ERROR [JavaFX Application Thread] m.j.s.Main [Main.java:34] Pokrenuli smo program
2020-12-27 17:58:36,060 ERROR [JavaFX Application Thread] m.j.s.Main [PocetniEkranController.java:30] Greška kod prikaza ekrana Pretraga bolesti
2020-12-27 17:58:39,123 ERROR [JavaFX Application Thread] m.j.s.Main [Main.java:34] Pokrenuli smo program
2020-12-27 17:59:41,363 ERROR [JavaFX Application Thread] m.j.s.Main [PocetniEkranController.java:30] Greška kod prikaza ekrana Pretraga bolesti
2020-12-27 17:59:43,389 ERROR [JavaFX Application Thread] m.j.s.Main [Main.java:34] Pokrenuli smo program
2020-12-27 17:59:47,299 ERROR [JavaFX Application Thread] m.j.s.Main [PocetniEkranController.java:30] Greška kod prikaza ekrana Unos bolesti
2020-12-27 17:59:55,610 ERROR [JavaFX Application Thread] m.j.s.Main [PocetniEkranController.java:30] Greška kod prikaza ekrana Pretraga bolesti
2020-12-27 17:59:57,723 ERROR [JavaFX Application Thread] m.j.s.Main [Main.java:34] Pokrenuli smo program
2020-12-27 18:01:13,873 ERROR [JavaFX Application Thread] m.j.s.Main [PocetniEkranController.java:30] Greška kod prikaza ekrana Pretraga bolesti
2020-12-27 18:02:22,528 ERROR [JavaFX Application Thread] m.j.s.Main [Main.java:34] Pokrenuli smo program
2020-12-27 18:02:25,264 ERROR [JavaFX Application Thread] m.j.s.Main [PocetniEkranController.java:30] Greška kod prikaza ekrana Pretraga bolesti
2020-12-27 18:04:19,339 ERROR [JavaFX Application Thread] m.j.s.Main [Main.java:34] Pokrenuli smo program
2020-12-27 18:04:21,702 ERROR [JavaFX Application Thread] m.j.s.Main [PocetniEkranController.java:30] Greška kod prikaza ekrana Pretraga bolesti
2020-12-27 18:08:36,459 ERROR [JavaFX Application Thread] m.j.s.Main [Main.java:34] Pokrenuli smo program
2020-12-27 18:08:41,761 ERROR [JavaFX Application Thread] m.j.s.Main [PocetniEkranController.java:30] Greška kod prikaza ekrana Pretraga bolesti
2020-12-27 18:08:57,508 ERROR [JavaFX Application Thread] m.j.s.Main [Main.java:34] Pokrenuli smo program
2020-12-27 18:09:02,101 ERROR [JavaFX Application Thread] m.j.s.Main [PocetniEkranController.java:30] Greška kod prikaza ekrana Pretraga bolesti
2020-12-27 18:09:15,683 ERROR [JavaFX Application Thread] m.j.s.Main [Main.java:34] Pokrenuli smo program
2020-12-27 18:10:28,692 ERROR [JavaFX Application Thread] m.j.s.Main [PocetniEkranController.java:30] Greška kod prikaza ekrana Pretraga bolesti
2020-12-27 18:10:31,002 ERROR [JavaFX Application Thread] m.j.s.Main [Main.java:34] Pokrenuli smo program
2020-12-27 18:13:19,552 ERROR [JavaFX Application Thread] m.j.s.Main [PocetniEkranController.java:30] Greška kod prikaza ekrana Pretraga bolesti
2020-12-27 18:13:22,677 ERROR [JavaFX Application Thread] m.j.s.Main [Main.java:34] Pokrenuli smo program
2020-12-27 18:13:41,813 ERROR [JavaFX Application Thread] m.j.s.Main [PocetniEkranController.java:30] Greška kod prikaza ekrana Pretraga bolesti
2020-12-27 18:13:44,773 ERROR [JavaFX Application Thread] m.j.s.Main [Main.java:34] Pokrenuli smo program
2020-12-27 18:15:57,305 ERROR [JavaFX Application Thread] m.j.s.Main [PocetniEkranController.java:30] Greška kod prikaza ekrana Pretraga bolesti
2020-12-27 18:16:00,237 ERROR [JavaFX Application Thread] m.j.s.Main [Main.java:34] Pokrenuli smo program
2020-12-27 18:16:02,847 ERROR [JavaFX Application Thread] m.j.s.Main [PocetniEkranController.java:30] Greška kod prikaza ekrana Pretraga bolesti
2020-12-27 18:16:27,522 ERROR [JavaFX Application Thread] m.j.s.Main [Main.java:34] Pokrenuli smo program
2020-12-27 18:16:30,066 ERROR [JavaFX Application Thread] m.j.s.Main [PocetniEkranController.java:30] Greška kod prikaza ekrana Pretraga bolesti
2020-12-27 18:23:19,123 ERROR [JavaFX Application Thread] m.j.s.Main [Main.java:34] Pokrenuli smo program
2020-12-27 18:24:41,513 ERROR [JavaFX Application Thread] m.j.s.Main [PocetniEkranController.java:30] Greška kod prikaza ekrana Pretraga bolesti
2020-12-27 18:25:27,764 ERROR [JavaFX Application Thread] m.j.s.Main [Main.java:34] Pokrenuli smo program
2020-12-27 18:25:29,958 ERROR [JavaFX Application Thread] m.j.s.Main [PocetniEkranController.java:30] Greška kod prikaza ekrana Pretraga bolesti
2020-12-27 18:25:42,672 ERROR [JavaFX Application Thread] m.j.s.Main [Main.java:34] Pokrenuli smo program
2020-12-27 18:26:05,194 ERROR [JavaFX Application Thread] m.j.s.Main [PocetniEkranController.java:30] Greška kod prikaza ekrana Pretraga bolesti
2020-12-27 18:26:07,070 ERROR [JavaFX Application Thread] m.j.s.Main [Main.java:34] Pokrenuli smo program
2020-12-27 18:26:20,128 ERROR [JavaFX Application Thread] m.j.s.Main [PocetniEkranController.java:30] Greška kod prikaza ekrana Pretraga bolesti
2020-12-27 18:26:22,089 ERROR [JavaFX Application Thread] m.j.s.Main [Main.java:34] Pokrenuli smo program
2020-12-27 18:26:56,668 ERROR [JavaFX Application Thread] m.j.s.Main [PocetniEkranController.java:30] Greška kod prikaza ekrana Pretraga bolesti
2020-12-27 18:26:58,660 ERROR [JavaFX Application Thread] m.j.s.Main [Main.java:34] Pokrenuli smo program
2020-12-27 18:27:35,790 ERROR [JavaFX Application Thread] m.j.s.Main [PocetniEkranController.java:30] Greška kod prikaza ekrana Pretraga bolesti
2020-12-27 18:27:37,829 ERROR [JavaFX Application Thread] m.j.s.Main [Main.java:34] Pokrenuli smo program
2020-12-27 18:29:36,476 ERROR [JavaFX Application Thread] m.j.s.Main [PocetniEkranController.java:30] Greška kod prikaza ekrana Pretraga bolesti
2020-12-27 18:29:39,427 ERROR [JavaFX Application Thread] m.j.s.Main [Main.java:34] Pokrenuli smo program
2020-12-27 18:29:44,665 ERROR [JavaFX Application Thread] m.j.s.Main [PocetniEkranController.java:30] Greška kod prikaza ekrana Unos bolesti
2020-12-27 18:30:26,836 ERROR [JavaFX Application Thread] m.j.s.Main [Main.java:34] Pokrenuli smo program
2020-12-27 18:30:28,870 ERROR [JavaFX Application Thread] m.j.s.Main [PocetniEkranController.java:30] Greška kod prikaza ekrana Pretraga bolesti
2020-12-27 18:31:16,311 ERROR [JavaFX Application Thread] m.j.s.Main [Main.java:34] Pokrenuli smo program
2020-12-27 18:31:18,434 ERROR [JavaFX Application Thread] m.j.s.Main [PocetniEkranController.java:30] Greška kod prikaza ekrana Pretraga bolesti
2020-12-27 18:31:36,241 ERROR [JavaFX Application Thread] m.j.s.Main [Main.java:34] Pokrenuli smo program
2020-12-27 18:41:15,986 ERROR [JavaFX Application Thread] m.j.s.Main [Main.java:34] Pokrenuli smo program
2020-12-27 18:44:29,938 ERROR [JavaFX Application Thread] m.j.s.Main [Main.java:34] Pokrenuli smo program
2020-12-27 18:44:34,041 ERROR [JavaFX Application Thread] m.j.s.Main [PocetniEkranController.java:30] Greška kod prikaza ekrana Pretraga virusa
2020-12-27 18:47:42,758 ERROR [JavaFX Application Thread] m.j.s.Main [Main.java:34] Pokrenuli smo program
2020-12-27 18:48:34,381 ERROR [JavaFX Application Thread] m.j.s.Main [Main.java:34] Pokrenuli smo program
2020-12-27 18:48:48,740 ERROR [JavaFX Application Thread] m.j.s.Main [Main.java:34] Pokrenuli smo program
2020-12-27 18:49:28,938 ERROR [JavaFX Application Thread] m.j.s.Main [Main.java:34] Pokrenuli smo program
2020-12-27 18:49:35,591 ERROR [JavaFX Application Thread] m.j.s.Main [PocetniEkranController.java:30] Greška kod prikaza ekrana Unos bolesti
2020-12-27 18:52:00,309 ERROR [JavaFX Application Thread] m.j.s.Main [Main.java:34] Pokrenuli smo program
2020-12-27 18:52:05,317 ERROR [JavaFX Application Thread] m.j.s.Main [PocetniEkranController.java:30] Greška kod prikaza ekrana Pretraga virusa
2020-12-27 18:53:15,969 ERROR [JavaFX Application Thread] m.j.s.Main [Main.java:34] Pokrenuli smo program
2020-12-27 18:56:48,393 ERROR [JavaFX Application Thread] m.j.s.Main [Main.java:34] Pokrenuli smo program
2020-12-27 18:56:55,754 ERROR [JavaFX Application Thread] m.j.s.Main [PocetniEkranController.java:30] Greška kod prikaza ekrana Unos bolesti
2020-12-27 19:23:18,293 ERROR [JavaFX Application Thread] m.j.s.Main [Main.java:34] Pokrenuli smo program
2020-12-27 19:25:13,732 ERROR [JavaFX Application Thread] m.j.s.Main [Main.java:34] Pokrenuli smo program
2020-12-27 19:26:56,725 ERROR [JavaFX Application Thread] m.j.s.Main [Main.java:34] Pokrenuli smo program
2020-12-27 19:27:10,868 ERROR [JavaFX Application Thread] m.j.s.Main [Main.java:34] Pokrenuli smo program
2020-12-27 19:28:30,185 ERROR [JavaFX Application Thread] m.j.s.Main [Main.java:34] Pokrenuli smo program
2020-12-27 19:31:37,229 ERROR [JavaFX Application Thread] m.j.s.Main [Main.java:34] Pokrenuli smo program
2020-12-27 19:33:38,345 ERROR [JavaFX Application Thread] m.j.s.Main [Main.java:34] Pokrenuli smo program
2020-12-27 20:35:49,041 ERROR [JavaFX Application Thread] m.j.s.Main [Main.java:34] Pokrenuli smo program
2020-12-27 20:40:43,859 ERROR [JavaFX Application Thread] m.j.s.Main [PocetniEkranController.java:30] Greška kod prikaza ekrana Pretraga osoba
2020-12-28 14:11:46,331 ERROR [JavaFX Application Thread] m.j.s.Main [Main.java:34] Pokrenuli smo program
2020-12-28 14:11:57,419 ERROR [JavaFX Application Thread] m.j.s.Main [PocetniEkranController.java:30] Greška kod prikaza ekrana Pretraga osoba
2020-12-28 14:31:52,570 ERROR [JavaFX Application Thread] m.j.s.Main [Main.java:34] Pokrenuli smo program
2020-12-28 14:31:55,052 ERROR [JavaFX Application Thread] m.j.s.Main [PocetniEkranController.java:30] Greška kod prikaza ekrana Pretraga osoba
2020-12-28 14:32:36,666 ERROR [JavaFX Application Thread] m.j.s.Main [Main.java:34] Pokrenuli smo program
2020-12-28 14:32:38,814 ERROR [JavaFX Application Thread] m.j.s.Main [PocetniEkranController.java:30] Greška kod prikaza ekrana Pretraga osoba
2020-12-28 14:33:49,099 ERROR [JavaFX Application Thread] m.j.s.Main [Main.java:34] Pokrenuli smo program
2020-12-28 14:33:51,161 ERROR [JavaFX Application Thread] m.j.s.Main [PocetniEkranController.java:30] Greška kod prikaza ekrana Pretraga osoba
2020-12-28 14:34:49,337 ERROR [JavaFX Application Thread] m.j.s.Main [Main.java:34] Pokrenuli smo program
2020-12-28 14:34:51,524 ERROR [JavaFX Application Thread] m.j.s.Main [PocetniEkranController.java:30] Greška kod prikaza ekrana Pretraga osoba
2020-12-28 14:36:00,393 ERROR [JavaFX Application Thread] m.j.s.Main [Main.java:34] Pokrenuli smo program
2020-12-28 14:36:03,184 ERROR [JavaFX Application Thread] m.j.s.Main [PocetniEkranController.java:30] Greška kod prikaza ekrana Pretraga osoba
2020-12-28 14:36:09,891 ERROR [JavaFX Application Thread] m.j.s.Main [Main.java:34] Pokrenuli smo program
2020-12-28 14:38:14,850 ERROR [JavaFX Application Thread] m.j.s.Main [PocetniEkranController.java:30] Greška kod prikaza ekrana Pretraga osoba
2020-12-28 14:38:19,042 ERROR [JavaFX Application Thread] m.j.s.Main [Main.java:34] Pokrenuli smo program
2020-12-28 14:40:02,263 ERROR [JavaFX Application Thread] m.j.s.Main [Main.java:34] Pokrenuli smo program
2020-12-28 14:40:17,535 ERROR [JavaFX Application Thread] m.j.s.Main [Main.java:34] Pokrenuli smo program
2020-12-28 14:51:11,512 ERROR [JavaFX Application Thread] m.j.s.Main [Main.java:34] Pokrenuli smo program
2020-12-28 14:52:41,214 ERROR [JavaFX Application Thread] m.j.s.Main [Main.java:34] Pokrenuli smo program
2020-12-28 14:55:08,879 ERROR [JavaFX Application Thread] m.j.s.Main [Main.java:34] Pokrenuli smo program
2020-12-28 14:55:36,225 ERROR [JavaFX Application Thread] m.j.s.Main [Main.java:34] Pokrenuli smo program
2020-12-28 14:55:48,412 ERROR [JavaFX Application Thread] m.j.s.Main [PocetniEkranController.java:30] Greška kod prikaza ekrana Unos osobe
2020-12-28 15:12:34,787 ERROR [JavaFX Application Thread] m.j.s.Main [Main.java:34] Pokrenuli smo program
2020-12-28 15:12:49,673 ERROR [JavaFX Application Thread] m.j.s.Main [PocetniEkranController.java:30] Greška kod prikaza ekrana Pretraga osoba
2020-12-28 15:13:26,181 ERROR [JavaFX Application Thread] m.j.s.Main [Main.java:34] Pokrenuli smo program
2020-12-28 15:16:16,192 ERROR [JavaFX Application Thread] m.j.s.Main [Main.java:34] Pokrenuli smo program
2020-12-28 15:18:27,691 ERROR [JavaFX Application Thread] m.j.s.Main [Main.java:34] Pokrenuli smo program
2020-12-28 15:20:48,917 ERROR [JavaFX Application Thread] m.j.s.Main [Main.java:34] Pokrenuli smo program
2020-12-28 15:24:38,563 ERROR [JavaFX Application Thread] m.j.s.Main [Main.java:34] Pokrenuli smo program
2020-12-28 15:26:04,744 ERROR [JavaFX Application Thread] m.j.s.Main [Main.java:34] Pokrenuli smo program
2020-12-28 15:27:33,969 ERROR [JavaFX Application Thread] m.j.s.Main [Main.java:34] Pokrenuli smo program
2020-12-28 15:27:36,106 ERROR [JavaFX Application Thread] m.j.s.Main [PocetniEkranController.java:30] Greška kod prikaza ekrana Pretraga osoba
2020-12-28 15:28:08,198 ERROR [JavaFX Application Thread] m.j.s.Main [Main.java:34] Pokrenuli smo program
2020-12-28 16:36:48,732 ERROR [JavaFX Application Thread] m.j.s.Main [Main.java:34] Pokrenuli smo program
2020-12-28 16:36:50,859 ERROR [JavaFX Application Thread] m.j.s.Main [PocetniEkranController.java:30] Greška kod prikaza ekrana Unos osobe
2020-12-28 16:48:11,947 ERROR [JavaFX Application Thread] m.j.s.Main [Main.java:34] Pokrenuli smo program
2020-12-28 16:48:35,465 ERROR [JavaFX Application Thread] m.j.s.Main [PocetniEkranController.java:30] Greška kod prikaza ekrana Unos osobe
2020-12-28 17:17:41,906 ERROR [JavaFX Application Thread] m.j.s.Main [Main.java:34] Pokrenuli smo program
2020-12-28 17:20:06,933 ERROR [JavaFX Application Thread] m.j.s.Main [Main.java:34] Pokrenuli smo program
2020-12-28 17:22:31,948 ERROR [JavaFX Application Thread] m.j.s.Main [Main.java:34] Pokrenuli smo program
2020-12-28 17:25:41,210 ERROR [JavaFX Application Thread] m.j.s.Main [Main.java:34] Pokrenuli smo program
2020-12-28 17:26:12,175 ERROR [JavaFX Application Thread] m.j.s.Main [UnosOsobeController.java:139] Greška kod spremanja novoe osobe
2020-12-28 17:26:34,080 ERROR [JavaFX Application Thread] m.j.s.Main [Main.java:34] Pokrenuli smo program
2020-12-28 17:28:11,835 ERROR [JavaFX Application Thread] m.j.s.Main [Main.java:34] Pokrenuli smo program
2020-12-28 17:29:10,577 ERROR [JavaFX Application Thread] m.j.s.Main [Main.java:34] Pokrenuli smo program
2020-12-28 17:31:00,874 ERROR [JavaFX Application Thread] m.j.s.Main [Main.java:34] Pokrenuli smo program
2020-12-28 17:33:32,758 ERROR [JavaFX Application Thread] m.j.s.Main [Main.java:34] Pokrenuli smo program
2020-12-28 17:35:42,423 ERROR [JavaFX Application Thread] m.j.s.Main [Main.java:34] Pokrenuli smo program
2020-12-28 17:36:31,603 ERROR [JavaFX Application Thread] m.j.s.Main [Main.java:34] Pokrenuli smo program
2020-12-28 17:37:05,523 ERROR [JavaFX Application Thread] m.j.s.Main [Main.java:34] Pokrenuli smo program
2020-12-28 17:37:27,598 ERROR [JavaFX Application Thread] m.j.s.Main [UnosBolestiController.java:103] Greška kod spremanja nove bolesti
2020-12-28 17:37:43,396 ERROR [JavaFX Application Thread] m.j.s.Main [Main.java:34] Pokrenuli smo program
2020-12-28 17:41:18,508 ERROR [JavaFX Application Thread] m.j.s.Main [Main.java:34] Pokrenuli smo program
2020-12-28 17:41:45,872 ERROR [JavaFX Application Thread] m.j.s.Main [UnosOsobeController.java:133] Greška kod spremanja novoe osobe
2020-12-28 17:42:08,864 ERROR [JavaFX Application Thread] m.j.s.Main [UnosOsobeController.java:133] Greška kod spremanja novoe osobe
2020-12-28 17:44:52,631 ERROR [JavaFX Application Thread] m.j.s.Main [Main.java:34] Pokrenuli smo program
2020-12-28 17:45:11,429 ERROR [JavaFX Application Thread] m.j.s.Main [UnosOsobeController.java:133] Greška kod spremanja novoe osobe
2020-12-28 17:48:55,074 ERROR [JavaFX Application Thread] m.j.s.Main [Main.java:34] Pokrenuli smo program
2020-12-28 17:50:42,731 ERROR [JavaFX Application Thread] m.j.s.Main [UnosOsobeController.java:133] Greška kod spremanja novoe osobe
2020-12-28 17:50:47,727 ERROR [JavaFX Application Thread] m.j.s.Main [Main.java:34] Pokrenuli smo program
2020-12-28 17:52:17,214 ERROR [JavaFX Application Thread] m.j.s.Main [UnosOsobeController.java:133] Greška kod spremanja nove osobe
2020-12-28 17:52:21,525 ERROR [JavaFX Application Thread] m.j.s.Main [Main.java:34] Pokrenuli smo program
2020-12-28 18:40:20,008 ERROR [JavaFX Application Thread] m.j.s.Main [Main.java:34] Pokrenuli smo program
2020-12-28 18:40:22,427 ERROR [JavaFX Application Thread] m.j.s.Main [PocetniEkranController.java:30] Greška kod prikaza ekrana Pretraga osoba
2020-12-28 18:40:51,816 ERROR [JavaFX Application Thread] m.j.s.Main [Main.java:34] Pokrenuli smo program
2020-12-28 18:40:54,146 ERROR [JavaFX Application Thread] m.j.s.Main [PocetniEkranController.java:30] Greška kod prikaza ekrana Pretraga osoba
2020-12-28 18:41:23,768 ERROR [JavaFX Application Thread] m.j.s.Main [Main.java:34] Pokrenuli smo program
2020-12-30 10:40:14,427 ERROR [JavaFX Application Thread] m.j.s.Main [Main.java:34] Pokrenuli smo program
2020-12-30 10:50:44,113 ERROR [JavaFX Application Thread] m.j.s.Main [Main.java:34] Pokrenuli smo program
2020-12-30 10:53:48,465 ERROR [JavaFX Application Thread] m.j.s.Main [Main.java:34] Pokrenuli smo program
2020-12-30 10:56:35,659 ERROR [JavaFX Application Thread] m.j.s.Main [Main.java:34] Pokrenuli smo program
2020-12-30 11:00:09,389 ERROR [JavaFX Application Thread] m.j.s.Main [Main.java:34] Pokrenuli smo program
2020-12-30 11:00:41,022 ERROR [JavaFX Application Thread] m.j.s.Main [PocetniEkranController.java:30] Greška kod prikaza ekrana Pretraga osoba
2020-12-30 11:00:45,181 ERROR [JavaFX Application Thread] m.j.s.Main [Main.java:34] Pokrenuli smo program
2020-12-30 11:01:40,879 ERROR [JavaFX Application Thread] m.j.s.Main [Main.java:34] Pokrenuli smo program
2020-12-30 11:01:55,127 ERROR [JavaFX Application Thread] m.j.s.Main [Main.java:34] Pokrenuli smo program
2020-12-30 11:02:03,746 ERROR [JavaFX Application Thread] m.j.s.Main [Main.java:34] Pokrenuli smo program
2020-12-30 11:20:55,842 ERROR [JavaFX Application Thread] m.j.s.Main [Main.java:34] Pokrenuli smo program
2020-12-30 11:23:48,303 ERROR [JavaFX Application Thread] m.j.s.Main [Main.java:34] Pokrenuli smo program
2020-12-30 11:30:21,614 ERROR [JavaFX Application Thread] m.j.s.Main [Main.java:34] Pokrenuli smo program
2020-12-30 11:30:40,739 ERROR [JavaFX Application Thread] m.j.s.Main [Main.java:34] Pokrenuli smo program
2020-12-30 11:30:52,353 ERROR [JavaFX Application Thread] m.j.s.Main [Main.java:34] Pokrenuli smo program
2020-12-30 11:33:04,522 ERROR [JavaFX Application Thread] m.j.s.Main [Main.java:34] Pokrenuli smo program
2020-12-30 11:33:38,833 ERROR [JavaFX Application Thread] m.j.s.Main [Main.java:34] Pokrenuli smo program
2020-12-30 11:37:57,275 ERROR [JavaFX Application Thread] m.j.s.Main [Main.java:34] Pokrenuli smo program
2020-12-30 12:06:48,514 ERROR [JavaFX Application Thread] m.j.s.Main [Main.java:34] Pokrenuli smo program
2020-12-30 12:16:11,995 ERROR [JavaFX Application Thread] m.j.s.Main [Main.java:34] Pokrenuli smo program
2020-12-30 12:17:02,489 ERROR [JavaFX Application Thread] m.j.s.Main [Main.java:34] Pokrenuli smo program
2020-12-30 12:18:17,083 ERROR [JavaFX Application Thread] m.j.s.Main [Main.java:34] Pokrenuli smo program
2020-12-30 12:18:31,399 ERROR [JavaFX Application Thread] m.j.s.Main [Main.java:34] Pokrenuli smo program
2020-12-30 12:18:40,346 ERROR [JavaFX Application Thread] m.j.s.Main [Main.java:34] Pokrenuli smo program
2020-12-30 12:21:27,788 ERROR [JavaFX Application Thread] m.j.s.Main [Main.java:34] Pokrenuli smo program
2020-12-30 12:22:30,865 ERROR [JavaFX Application Thread] m.j.s.Main [Main.java:34] Pokrenuli smo program
2020-12-30 12:22:35,054 ERROR [JavaFX Application Thread] m.j.s.Main [PocetniEkranController.java:30] Greška kod prikaza ekrana Unos osobe
2020-12-30 12:22:36,706 ERROR [JavaFX Application Thread] m.j.s.Main [PocetniEkranController.java:30] Greška kod prikaza ekrana Pretraga osoba
2020-12-30 12:23:11,040 ERROR [JavaFX Application Thread] m.j.s.Main [Main.java:34] Pokrenuli smo program
2020-12-30 12:23:21,430 ERROR [JavaFX Application Thread] m.j.s.Main [PocetniEkranController.java:30] Greška kod prikaza ekrana Pretraga osoba
2020-12-30 12:32:59,565 ERROR [JavaFX Application Thread] m.j.s.Main [Main.java:34] Pokrenuli smo program
2020-12-30 12:34:54,701 ERROR [JavaFX Application Thread] m.j.s.Main [Main.java:34] Pokrenuli smo program
2020-12-30 12:35:08,748 ERROR [JavaFX Application Thread] m.j.s.Main [Main.java:34] Pokrenuli smo program
2020-12-30 12:35:23,404 ERROR [JavaFX Application Thread] m.j.s.Main [Main.java:34] Pokrenuli smo program
2020-12-30 12:40:41,789 ERROR [JavaFX Application Thread] m.j.s.Main [Main.java:34] Pokrenuli smo program
2020-12-30 12:40:57,571 ERROR [JavaFX Application Thread] m.j.s.Main [Main.java:34] Pokrenuli smo program
2020-12-30 12:41:29,998 ERROR [JavaFX Application Thread] m.j.s.Main [Main.java:34] Pokrenuli smo program
2020-12-30 12:46:07,458 ERROR [JavaFX Application Thread] m.j.s.Main [Main.java:34] Pokrenuli smo program
2020-12-30 13:39:47,660 ERROR [JavaFX Application Thread] m.j.s.Main [Main.java:34] Pokrenuli smo program
2020-12-30 13:39:49,773 ERROR [JavaFX Application Thread] m.j.s.Main [PocetniEkranController.java:30] Greška kod prikaza ekrana Unos osobe
2020-12-30 13:39:51,030 ERROR [JavaFX Application Thread] m.j.s.Main [PocetniEkranController.java:30] Greška kod prikaza ekrana Pretraga osoba
2020-12-30 13:40:08,189 ERROR [JavaFX Application Thread] m.j.s.Main [Main.java:34] Pokrenuli smo program
2020-12-30 13:40:41,086 ERROR [JavaFX Application Thread] m.j.s.Main [Main.java:34] Pokrenuli smo program
2020-12-30 13:40:43,228 ERROR [JavaFX Application Thread] m.j.s.Main [PocetniEkranController.java:30] Greška kod prikaza ekrana Pretraga osoba
2020-12-30 13:41:59,840 ERROR [JavaFX Application Thread] m.j.s.Main [Main.java:34] Pokrenuli smo program
2020-12-30 13:48:13,257 ERROR [JavaFX Application Thread] m.j.s.Main [PocetniEkranController.java:30] Greška kod prikaza ekrana Pretraga osoba
2020-12-30 13:48:16,195 ERROR [JavaFX Application Thread] m.j.s.Main [Main.java:34] Pokrenuli smo program
2020-12-30 13:51:36,421 ERROR [JavaFX Application Thread] m.j.s.Main [Main.java:34] Pokrenuli smo program
2020-12-30 13:52:51,750 ERROR [JavaFX Application Thread] m.j.s.Main [Main.java:34] Pokrenuli smo program
2020-12-31 14:23:56,425 ERROR [JavaFX Application Thread] m.j.s.Main [Main.java:34] Pokrenuli smo program
2020-12-31 14:24:44,098 ERROR [JavaFX Application Thread] m.j.s.Main [Main.java:34] Pokrenuli smo program
2021-01-02 12:01:33,376 ERROR [JavaFX Application Thread] m.j.s.Main [Main.java:34] Pokrenuli smo program
2021-01-05 10:45:13,388 ERROR [JavaFX Application Thread] m.j.s.Main [Main.java:34] Pokrenuli smo program
2021-01-05 10:45:53,639 ERROR [JavaFX Application Thread] m.j.s.Main [Main.java:34] Pokrenuli smo program
2021-01-05 11:01:26,953 ERROR [JavaFX Application Thread] m.j.s.Main [Main.java:34] Pokrenuli smo program
2021-01-05 11:09:31,641 ERROR [JavaFX Application Thread] m.j.s.Main [Main.java:34] Pokrenuli smo program
2021-01-05 11:46:32,248 ERROR [JavaFX Application Thread] m.j.s.Main [Main.java:34] Pokrenuli smo program
2021-01-05 11:48:12,461 ERROR [JavaFX Application Thread] m.j.s.Main [Main.java:34] Pokrenuli smo program
2021-01-05 11:48:14,939 ERROR [JavaFX Application Thread] m.j.s.Main [BazaPodataka.java:154] Greška kod dohvata svih simptoma
2021-01-05 11:49:05,044 ERROR [JavaFX Application Thread] m.j.s.Main [Main.java:34] Pokrenuli smo program
2021-01-05 11:49:56,802 ERROR [JavaFX Application Thread] m.j.s.Main [Main.java:34] Pokrenuli smo program
2021-01-08 12:50:04,598 ERROR [JavaFX Application Thread] m.j.s.Main [Main.java:34] Pokrenuli smo program
2021-01-08 13:03:42,453 ERROR [JavaFX Application Thread] m.j.s.Main [Main.java:34] Pokrenuli smo program
2021-01-08 13:05:08,664 ERROR [JavaFX Application Thread] m.j.s.Main [Main.java:34] Pokrenuli smo program
2021-01-08 13:06:02,232 ERROR [JavaFX Application Thread] m.j.s.Main [Main.java:34] Pokrenuli smo program
2021-01-08 13:09:00,761 ERROR [JavaFX Application Thread] m.j.s.Main [Main.java:34] Pokrenuli smo program
2021-01-08 13:10:05,504 ERROR [JavaFX Application Thread] m.j.s.Main [Main.java:34] Pokrenuli smo program
2021-01-08 13:13:10,174 ERROR [JavaFX Application Thread] m.j.s.Main [BazaPodataka.java:560] Greška kod izmjene županije
2021-01-08 13:13:17,533 ERROR [JavaFX Application Thread] m.j.s.Main [Main.java:34] Pokrenuli smo program
2021-01-08 13:14:04,562 ERROR [JavaFX Application Thread] m.j.s.Main [BazaPodataka.java:560] Greška kod izmjene županije
2021-01-08 13:14:07,905 ERROR [JavaFX Application Thread] m.j.s.Main [Main.java:34] Pokrenuli smo program
2021-01-08 13:21:50,499 ERROR [JavaFX Application Thread] m.j.s.Main [BazaPodataka.java:560] Greška kod izmjene županije
2021-01-08 13:21:56,851 ERROR [JavaFX Application Thread] m.j.s.Main [Main.java:34] Pokrenuli smo program
2021-01-08 13:22:28,517 ERROR [JavaFX Application Thread] m.j.s.Main [BazaPodataka.java:561] Greška kod izmjene županije
2021-01-08 13:22:53,468 ERROR [JavaFX Application Thread] m.j.s.Main [Main.java:34] Pokrenuli smo program
2021-01-08 13:23:03,278 ERROR [JavaFX Application Thread] m.j.s.Main [BazaPodataka.java:561] Greška kod izmjene županije
2021-01-08 13:23:32,080 ERROR [JavaFX Application Thread] m.j.s.Main [Main.java:34] Pokrenuli smo program
2021-01-08 13:23:43,280 ERROR [JavaFX Application Thread] m.j.s.Main [BazaPodataka.java:561] Greška kod izmjene županije
2021-01-08 13:28:37,146 ERROR [JavaFX Application Thread] m.j.s.Main [Main.java:34] Pokrenuli smo program
2021-01-08 13:33:32,595 ERROR [JavaFX Application Thread] m.j.s.Main [Main.java:34] Pokrenuli smo program
2021-01-08 13:34:39,641 ERROR [JavaFX Application Thread] m.j.s.Main [BazaPodataka.java:188] Greška kod dohvata simptoma
2021-01-08 13:34:39,643 ERROR [JavaFX Application Thread] m.j.s.Main [BazaPodataka.java:188] Greška kod dohvata simptoma
2021-01-08 13:34:39,646 ERROR [JavaFX Application Thread] m.j.s.Main [BazaPodataka.java:188] Greška kod dohvata simptoma
2021-01-08 13:34:39,648 ERROR [JavaFX Application Thread] m.j.s.Main [BazaPodataka.java:188] Greška kod dohvata simptoma
2021-01-08 13:34:39,649 ERROR [JavaFX Application Thread] m.j.s.Main [BazaPodataka.java:188] Greška kod dohvata simptoma
2021-01-08 13:34:39,651 ERROR [JavaFX Application Thread] m.j.s.Main [BazaPodataka.java:188] Greška kod dohvata simptoma
2021-01-08 13:34:39,653 ERROR [JavaFX Application Thread] m.j.s.Main [BazaPodataka.java:188] Greška kod dohvata simptoma
2021-01-08 13:34:39,656 ERROR [JavaFX Application Thread] m.j.s.Main [BazaPodataka.java:188] Greška kod dohvata simptoma
2021-01-08 13:34:39,657 ERROR [JavaFX Application Thread] m.j.s.Main [BazaPodataka.java:188] Greška kod dohvata simptoma
2021-01-08 13:34:39,659 ERROR [JavaFX Application Thread] m.j.s.Main [BazaPodataka.java:188] Greška kod dohvata simptoma
2021-01-08 13:34:39,661 ERROR [JavaFX Application Thread] m.j.s.Main [BazaPodataka.java:188] Greška kod dohvata simptoma
2021-01-08 13:34:39,663 ERROR [JavaFX Application Thread] m.j.s.Main [BazaPodataka.java:188] Greška kod dohvata simptoma
2021-01-08 13:34:39,664 ERROR [JavaFX Application Thread] m.j.s.Main [BazaPodataka.java:188] Greška kod dohvata simptoma
2021-01-08 13:34:39,666 ERROR [JavaFX Application Thread] m.j.s.Main [BazaPodataka.java:188] Greška kod dohvata simptoma
2021-01-08 13:34:39,668 ERROR [JavaFX Application Thread] m.j.s.Main [BazaPodataka.java:188] Greška kod dohvata simptoma
2021-01-08 13:34:39,669 ERROR [JavaFX Application Thread] m.j.s.Main [BazaPodataka.java:188] Greška kod dohvata simptoma
2021-01-08 13:34:39,671 ERROR [JavaFX Application Thread] m.j.s.Main [BazaPodataka.java:188] Greška kod dohvata simptoma
2021-01-08 13:34:39,672 ERROR [JavaFX Application Thread] m.j.s.Main [BazaPodataka.java:188] Greška kod dohvata simptoma
2021-01-08 13:34:39,673 ERROR [JavaFX Application Thread] m.j.s.Main [BazaPodataka.java:188] Greška kod dohvata simptoma
2021-01-08 13:34:39,674 ERROR [JavaFX Application Thread] m.j.s.Main [BazaPodataka.java:188] Greška kod dohvata simptoma
2021-01-08 13:34:39,676 ERROR [JavaFX Application Thread] m.j.s.Main [BazaPodataka.java:188] Greška kod dohvata simptoma
2021-01-08 13:34:39,678 ERROR [JavaFX Application Thread] m.j.s.Main [BazaPodataka.java:188] Greška kod dohvata simptoma
2021-01-08 13:34:39,680 ERROR [JavaFX Application Thread] m.j.s.Main [BazaPodataka.java:188] Greška kod dohvata simptoma
2021-01-08 13:34:39,681 ERROR [JavaFX Application Thread] m.j.s.Main [BazaPodataka.java:188] Greška kod dohvata simptoma
2021-01-08 13:34:39,683 ERROR [JavaFX Application Thread] m.j.s.Main [BazaPodataka.java:188] Greška kod dohvata simptoma
2021-01-08 13:34:39,684 ERROR [JavaFX Application Thread] m.j.s.Main [BazaPodataka.java:188] Greška kod dohvata simptoma
2021-01-08 13:34:39,686 ERROR [JavaFX Application Thread] m.j.s.Main [BazaPodataka.java:188] Greška kod dohvata simptoma
2021-01-08 13:34:39,688 ERROR [JavaFX Application Thread] m.j.s.Main [BazaPodataka.java:188] Greška kod dohvata simptoma
2021-01-08 13:34:39,689 ERROR [JavaFX Application Thread] m.j.s.Main [BazaPodataka.java:188] Greška kod dohvata simptoma
2021-01-08 13:34:39,691 ERROR [JavaFX Application Thread] m.j.s.Main [BazaPodataka.java:188] Greška kod dohvata simptoma
2021-01-08 13:35:00,024 ERROR [JavaFX Application Thread] m.j.s.Main [Main.java:34] Pokrenuli smo program
2021-01-08 13:35:03,835 ERROR [JavaFX Application Thread] m.j.s.Main [BazaPodataka.java:188] Greška kod dohvata simptoma
2021-01-08 13:35:03,838 ERROR [JavaFX Application Thread] m.j.s.Main [BazaPodataka.java:188] Greška kod dohvata simptoma
2021-01-08 13:35:03,841 ERROR [JavaFX Application Thread] m.j.s.Main [BazaPodataka.java:188] Greška kod dohvata simptoma
2021-01-08 13:35:03,843 ERROR [JavaFX Application Thread] m.j.s.Main [BazaPodataka.java:188] Greška kod dohvata simptoma
2021-01-08 13:35:03,845 ERROR [JavaFX Application Thread] m.j.s.Main [BazaPodataka.java:188] Greška kod dohvata simptoma
2021-01-08 13:35:03,847 ERROR [JavaFX Application Thread] m.j.s.Main [BazaPodataka.java:188] Greška kod dohvata simptoma
2021-01-08 13:35:03,849 ERROR [JavaFX Application Thread] m.j.s.Main [BazaPodataka.java:188] Greška kod dohvata simptoma
2021-01-08 13:35:03,852 ERROR [JavaFX Application Thread] m.j.s.Main [BazaPodataka.java:188] Greška kod dohvata simptoma
2021-01-08 13:35:03,853 ERROR [JavaFX Application Thread] m.j.s.Main [BazaPodataka.java:188] Greška kod dohvata simptoma
2021-01-08 13:35:03,855 ERROR [JavaFX Application Thread] m.j.s.Main [BazaPodataka.java:188] Greška kod dohvata simptoma
2021-01-08 13:35:03,857 ERROR [JavaFX Application Thread] m.j.s.Main [BazaPodataka.java:188] Greška kod dohvata simptoma
2021-01-08 13:35:03,859 ERROR [JavaFX Application Thread] m.j.s.Main [BazaPodataka.java:188] Greška kod dohvata simptoma
2021-01-08 13:35:03,860 ERROR [JavaFX Application Thread] m.j.s.Main [BazaPodataka.java:188] Greška kod dohvata simptoma
2021-01-08 13:35:03,862 ERROR [JavaFX Application Thread] m.j.s.Main [BazaPodataka.java:188] Greška kod dohvata simptoma
2021-01-08 13:35:03,863 ERROR [JavaFX Application Thread] m.j.s.Main [BazaPodataka.java:188] Greška kod dohvata simptoma
2021-01-08 13:35:03,865 ERROR [JavaFX Application Thread] m.j.s.Main [BazaPodataka.java:188] Greška kod dohvata simptoma
2021-01-08 13:35:03,867 ERROR [JavaFX Application Thread] m.j.s.Main [BazaPodataka.java:188] Greška kod dohvata simptoma
2021-01-08 13:35:03,868 ERROR [JavaFX Application Thread] m.j.s.Main [BazaPodataka.java:188] Greška kod dohvata simptoma
2021-01-08 13:35:03,869 ERROR [JavaFX Application Thread] m.j.s.Main [BazaPodataka.java:188] Greška kod dohvata simptoma
2021-01-08 13:35:03,870 ERROR [JavaFX Application Thread] m.j.s.Main [BazaPodataka.java:188] Greška kod dohvata simptoma
2021-01-08 13:35:03,872 ERROR [JavaFX Application Thread] m.j.s.Main [BazaPodataka.java:188] Greška kod dohvata simptoma
2021-01-08 13:35:03,874 ERROR [JavaFX Application Thread] m.j.s.Main [BazaPodataka.java:188] Greška kod dohvata simptoma
2021-01-08 13:35:03,875 ERROR [JavaFX Application Thread] m.j.s.Main [BazaPodataka.java:188] Greška kod dohvata simptoma
2021-01-08 13:35:03,876 ERROR [JavaFX Application Thread] m.j.s.Main [BazaPodataka.java:188] Greška kod dohvata simptoma
2021-01-08 13:35:03,878 ERROR [JavaFX Application Thread] m.j.s.Main [BazaPodataka.java:188] Greška kod dohvata simptoma
2021-01-08 13:35:03,880 ERROR [JavaFX Application Thread] m.j.s.Main [BazaPodataka.java:188] Greška kod dohvata simptoma
2021-01-08 13:35:03,881 ERROR [JavaFX Application Thread] m.j.s.Main [BazaPodataka.java:188] Greška kod dohvata simptoma
2021-01-08 13:35:03,883 ERROR [JavaFX Application Thread] m.j.s.Main [BazaPodataka.java:188] Greška kod dohvata simptoma
2021-01-08 13:35:03,884 ERROR [JavaFX Application Thread] m.j.s.Main [BazaPodataka.java:188] Greška kod dohvata simptoma
2021-01-08 13:35:03,886 ERROR [JavaFX Application Thread] m.j.s.Main [BazaPodataka.java:188] Greška kod dohvata simptoma
2021-01-08 13:35:32,992 ERROR [JavaFX Application Thread] m.j.s.Main [Main.java:34] Pokrenuli smo program
2021-01-08 13:35:40,026 ERROR [JavaFX Application Thread] m.j.s.Main [BazaPodataka.java:279] Greška kod dohvata bolesti
2021-01-08 13:35:40,029 ERROR [JavaFX Application Thread] m.j.s.Main [PocetniEkranController.java:30] Greška kod prikaza ekrana Pretraga osoba
2021-01-08 13:36:15,903 ERROR [JavaFX Application Thread] m.j.s.Main [Main.java:34] Pokrenuli smo program
2021-01-10 17:39:54,333 ERROR [JavaFX Application Thread] m.j.s.Main [Main.java:34] Pokrenuli smo program
2021-01-10 17:51:23,128 ERROR [JavaFX Application Thread] m.j.s.Main [Main.java:34] Pokrenuli smo program
2021-01-10 17:54:05,537 ERROR [JavaFX Application Thread] m.j.s.Main [Main.java:34] Pokrenuli smo program
2021-01-10 17:54:17,190 ERROR [JavaFX Application Thread] m.j.s.Main [BazaPodataka.java:323] Greška kod spremanja bolesti
2021-01-10 17:55:04,576 ERROR [JavaFX Application Thread] m.j.s.Main [BazaPodataka.java:323] Greška kod spremanja bolesti
2021-01-10 17:55:13,661 ERROR [JavaFX Application Thread] m.j.s.Main [PocetniEkranController.java:30] Greška kod prikaza ekrana Pretraga osoba
2021-01-10 17:57:03,863 ERROR [JavaFX Application Thread] m.j.s.Main [Main.java:34] Pokrenuli smo program
2021-01-10 17:57:42,719 ERROR [JavaFX Application Thread] m.j.s.Main [Main.java:34] Pokrenuli smo program
2021-01-10 17:58:01,250 ERROR [JavaFX Application Thread] m.j.s.Main [BazaPodataka.java:323] Greška kod spremanja bolesti
