2020-11-04 13:48:01,662 INFO [main] m.j.h.j.c.m.Glavna [Glavna.java:46] Pokrenuli smo program!
2020-11-04 13:48:10,775 ERROR [main] m.j.h.j.c.m.Glavna [Glavna.java:110] Pogreška u formatu podataka, jer je unesen String koji se ne može parsirati
java.util.InputMismatchException: null
	at java.base/java.util.Scanner.throwFor(Scanner.java:939)
	at java.base/java.util.Scanner.next(Scanner.java:1594)
	at java.base/java.util.Scanner.nextInt(Scanner.java:2258)
	at java.base/java.util.Scanner.nextInt(Scanner.java:2212)
	at main.java.hr.java.covidportal.main.Glavna.unosBroja(Glavna.java:106)
	at main.java.hr.java.covidportal.main.Glavna.unosZupanije(Glavna.java:142)
	at main.java.hr.java.covidportal.main.Glavna.main(Glavna.java:50)
2020-11-04 13:48:13,101 INFO [main] m.j.h.j.c.m.Glavna [Glavna.java:117] Unesen je broj: 100000
2020-11-04 13:48:15,396 INFO [main] m.j.h.j.c.m.Glavna [Glavna.java:117] Unesen je broj: 30000
2020-11-04 13:48:18,321 INFO [main] m.j.h.j.c.m.Glavna [Glavna.java:117] Unesen je broj: 14000
2020-11-04 13:48:37,451 ERROR [main] m.j.h.j.c.m.Glavna [Glavna.java:110] Pogreška u formatu podataka, jer je unesen String koji se ne može parsirati
java.util.InputMismatchException: null
	at java.base/java.util.Scanner.throwFor(Scanner.java:939)
	at java.base/java.util.Scanner.next(Scanner.java:1594)
	at java.base/java.util.Scanner.nextInt(Scanner.java:2258)
	at java.base/java.util.Scanner.nextInt(Scanner.java:2212)
	at main.java.hr.java.covidportal.main.Glavna.unosBroja(Glavna.java:106)
	at main.java.hr.java.covidportal.main.Glavna.unosBolesti(Glavna.java:188)
	at main.java.hr.java.covidportal.main.Glavna.main(Glavna.java:63)
2020-11-04 13:48:39,897 INFO [main] m.j.h.j.c.m.Glavna [Glavna.java:117] Unesen je broj: 0
2020-11-04 13:48:39,898 INFO [main] m.j.h.j.c.m.Glavna [Glavna.java:192] Pogreška u odabiru, odabir je izvan intervala dopuštenih vrijednosti
2020-11-04 13:48:43,562 INFO [main] m.j.h.j.c.m.Glavna [Glavna.java:117] Unesen je broj: 1
2020-11-04 13:48:46,745 INFO [main] m.j.h.j.c.m.Glavna [Glavna.java:117] Unesen je broj: 1
2020-11-04 13:48:49,036 INFO [main] m.j.h.j.c.m.Glavna [Glavna.java:117] Unesen je broj: 1
2020-11-04 13:48:50,665 INFO [main] m.j.h.j.c.m.Glavna [Glavna.java:117] Unesen je broj: 2
2020-11-04 13:49:03,782 ERROR [main] m.j.h.j.c.m.Glavna [Glavna.java:110] Pogreška u formatu podataka, jer je unesen String koji se ne može parsirati
java.util.InputMismatchException: null
	at java.base/java.util.Scanner.throwFor(Scanner.java:939)
	at java.base/java.util.Scanner.next(Scanner.java:1594)
	at java.base/java.util.Scanner.nextInt(Scanner.java:2258)
	at java.base/java.util.Scanner.nextInt(Scanner.java:2212)
	at main.java.hr.java.covidportal.main.Glavna.unosBroja(Glavna.java:106)
	at main.java.hr.java.covidportal.main.Glavna.unosBolesti(Glavna.java:202)
	at main.java.hr.java.covidportal.main.Glavna.main(Glavna.java:63)
2020-11-04 13:49:07,122 INFO [main] m.j.h.j.c.m.Glavna [Glavna.java:117] Unesen je broj: 5
2020-11-04 13:49:09,283 INFO [main] m.j.h.j.c.m.Glavna [Glavna.java:117] Unesen je broj: 1
2020-11-04 13:49:10,878 INFO [main] m.j.h.j.c.m.Glavna [Glavna.java:117] Unesen je broj: 2
2020-11-04 13:49:16,617 INFO [main] m.j.h.j.c.m.Glavna [Glavna.java:117] Unesen je broj: 2
2020-11-04 13:49:22,307 INFO [main] m.j.h.j.c.m.Glavna [Glavna.java:117] Unesen je broj: 1
2020-11-04 13:49:23,288 INFO [main] m.j.h.j.c.m.Glavna [Glavna.java:117] Unesen je broj: 2
2020-11-04 13:49:23,289 ERROR [main] m.j.h.j.c.m.Glavna [Glavna.java:66] Bolest s izabranim simptomima već postoji. Molimo unesite novu bolest.
main.java.hr.java.covidportal.iznimke.BolestIstihSimptoma: Bolest s izabranim simptomima već postoji. Molimo unesite novu bolest.
	at main.java.hr.java.covidportal.main.Glavna.provjeraBolesti(Glavna.java:422)
	at main.java.hr.java.covidportal.main.Glavna.unosBolesti(Glavna.java:244)
	at main.java.hr.java.covidportal.main.Glavna.main(Glavna.java:63)
2020-11-04 13:49:24,973 INFO [main] m.j.h.j.c.m.Glavna [Glavna.java:117] Unesen je broj: 2
2020-11-04 13:49:27,489 INFO [main] m.j.h.j.c.m.Glavna [Glavna.java:117] Unesen je broj: 3
2020-11-04 13:49:28,307 INFO [main] m.j.h.j.c.m.Glavna [Glavna.java:117] Unesen je broj: 1
2020-11-04 13:49:28,933 INFO [main] m.j.h.j.c.m.Glavna [Glavna.java:117] Unesen je broj: 2
2020-11-04 13:49:29,483 INFO [main] m.j.h.j.c.m.Glavna [Glavna.java:117] Unesen je broj: 3
2020-11-04 13:49:35,402 ERROR [main] m.j.h.j.c.m.Glavna [Glavna.java:110] Pogreška u formatu podataka, jer je unesen String koji se ne može parsirati
java.util.InputMismatchException: null
	at java.base/java.util.Scanner.throwFor(Scanner.java:939)
	at java.base/java.util.Scanner.next(Scanner.java:1594)
	at java.base/java.util.Scanner.nextInt(Scanner.java:2258)
	at java.base/java.util.Scanner.nextInt(Scanner.java:2212)
	at main.java.hr.java.covidportal.main.Glavna.unosBroja(Glavna.java:106)
	at main.java.hr.java.covidportal.main.Glavna.unosOsobe(Glavna.java:262)
	at main.java.hr.java.covidportal.main.Glavna.main(Glavna.java:75)
2020-11-04 13:49:37,501 INFO [main] m.j.h.j.c.m.Glavna [Glavna.java:117] Unesen je broj: 24
2020-11-04 13:49:38,976 INFO [main] m.j.h.j.c.m.Glavna [Glavna.java:117] Unesen je broj: 2
2020-11-04 13:49:41,357 INFO [main] m.j.h.j.c.m.Glavna [Glavna.java:117] Unesen je broj: 1
2020-11-04 13:49:49,756 INFO [main] m.j.h.j.c.m.Glavna [Glavna.java:117] Unesen je broj: 56
2020-11-04 13:49:50,278 INFO [main] m.j.h.j.c.m.Glavna [Glavna.java:117] Unesen je broj: 1
2020-11-04 13:49:54,446 INFO [main] m.j.h.j.c.m.Glavna [Glavna.java:117] Unesen je broj: 3
2020-11-04 13:49:56,316 INFO [main] m.j.h.j.c.m.Glavna [Glavna.java:117] Unesen je broj: 2
2020-11-04 13:49:56,317 ERROR [main] m.j.h.j.c.m.Glavna [Glavna.java:319] Pogreška tijekom unosa broja kontakata.
main.java.hr.java.covidportal.iznimke.OsobaIzvanGranica: Pogreška tijekom unosa broja kontakata.
	at main.java.hr.java.covidportal.main.Glavna.provjeraBrojaKontakata(Glavna.java:401)
	at main.java.hr.java.covidportal.main.Glavna.unosOsobe(Glavna.java:315)
	at main.java.hr.java.covidportal.main.Glavna.main(Glavna.java:75)
2020-11-04 13:49:57,599 INFO [main] m.j.h.j.c.m.Glavna [Glavna.java:117] Unesen je broj: 1
2020-11-04 13:49:58,620 INFO [main] m.j.h.j.c.m.Glavna [Glavna.java:117] Unesen je broj: 1
2020-11-04 13:50:05,413 INFO [main] m.j.h.j.c.m.Glavna [Glavna.java:117] Unesen je broj: 29
2020-11-04 13:50:06,778 INFO [main] m.j.h.j.c.m.Glavna [Glavna.java:117] Unesen je broj: 3
2020-11-04 13:50:09,891 INFO [main] m.j.h.j.c.m.Glavna [Glavna.java:117] Unesen je broj: 2
2020-11-04 13:50:13,220 INFO [main] m.j.h.j.c.m.Glavna [Glavna.java:117] Unesen je broj: 2
2020-11-04 13:50:14,016 INFO [main] m.j.h.j.c.m.Glavna [Glavna.java:117] Unesen je broj: 1
2020-11-04 13:50:14,988 INFO [main] m.j.h.j.c.m.Glavna [Glavna.java:117] Unesen je broj: 1
2020-11-04 13:50:14,988 ERROR [main] m.j.h.j.c.m.Glavna [Glavna.java:352] Odabrana osoba se već nalazi među kontaktiranim osobama. Odaberite neku drugu osobu.
main.java.hr.java.covidportal.iznimke.DuplikatKontaktiraneOsobe: Odabrana osoba se već nalazi među kontaktiranim osobama. Odaberite neku drugu osobu.
	at main.java.hr.java.covidportal.main.Glavna.provjeraKontakta(Glavna.java:385)
	at main.java.hr.java.covidportal.main.Glavna.unosOsobe(Glavna.java:349)
	at main.java.hr.java.covidportal.main.Glavna.main(Glavna.java:75)
2020-11-04 13:50:15,957 INFO [main] m.j.h.j.c.m.Glavna [Glavna.java:117] Unesen je broj: 2
2020-11-06 15:46:51,572 INFO [main] m.j.h.j.c.m.Glavna [Glavna.java:46] Pokrenuli smo program!
2020-11-06 15:46:54,483 ERROR [main] m.j.h.j.c.m.Glavna [Glavna.java:110] Pogreška u formatu podataka, jer je unesen String koji se ne može parsirati
java.util.InputMismatchException: null
	at java.base/java.util.Scanner.throwFor(Scanner.java:939)
	at java.base/java.util.Scanner.next(Scanner.java:1594)
	at java.base/java.util.Scanner.nextInt(Scanner.java:2258)
	at java.base/java.util.Scanner.nextInt(Scanner.java:2212)
	at main.java.hr.java.covidportal.main.Glavna.unosBroja(Glavna.java:106)
	at main.java.hr.java.covidportal.main.Glavna.unosZupanije(Glavna.java:142)
	at main.java.hr.java.covidportal.main.Glavna.main(Glavna.java:50)
2020-11-06 15:46:57,986 INFO [main] m.j.h.j.c.m.Glavna [Glavna.java:117] Unesen je broj: 1
2020-11-06 15:46:59,391 INFO [main] m.j.h.j.c.m.Glavna [Glavna.java:117] Unesen je broj: 2
2020-11-06 15:47:00,741 INFO [main] m.j.h.j.c.m.Glavna [Glavna.java:117] Unesen je broj: 3
2020-11-06 15:47:16,082 ERROR [main] m.j.h.j.c.m.Glavna [Glavna.java:110] Pogreška u formatu podataka, jer je unesen String koji se ne može parsirati
java.util.InputMismatchException: null
	at java.base/java.util.Scanner.throwFor(Scanner.java:939)
	at java.base/java.util.Scanner.next(Scanner.java:1594)
	at java.base/java.util.Scanner.nextInt(Scanner.java:2258)
	at java.base/java.util.Scanner.nextInt(Scanner.java:2212)
	at main.java.hr.java.covidportal.main.Glavna.unosBroja(Glavna.java:106)
	at main.java.hr.java.covidportal.main.Glavna.unosBolesti(Glavna.java:188)
	at main.java.hr.java.covidportal.main.Glavna.main(Glavna.java:63)
2020-11-06 15:47:17,410 INFO [main] m.j.h.j.c.m.Glavna [Glavna.java:117] Unesen je broj: 4
2020-11-06 15:47:17,410 INFO [main] m.j.h.j.c.m.Glavna [Glavna.java:192] Pogreška u odabiru, odabir je izvan intervala dopuštenih vrijednosti
2020-11-06 15:47:18,090 INFO [main] m.j.h.j.c.m.Glavna [Glavna.java:117] Unesen je broj: 3
2020-11-06 15:47:18,090 INFO [main] m.j.h.j.c.m.Glavna [Glavna.java:192] Pogreška u odabiru, odabir je izvan intervala dopuštenih vrijednosti
2020-11-06 15:47:18,872 INFO [main] m.j.h.j.c.m.Glavna [Glavna.java:117] Unesen je broj: 2
2020-11-06 15:47:22,221 INFO [main] m.j.h.j.c.m.Glavna [Glavna.java:117] Unesen je broj: 5
2020-11-06 15:47:24,177 INFO [main] m.j.h.j.c.m.Glavna [Glavna.java:117] Unesen je broj: 0
2020-11-06 15:47:24,792 INFO [main] m.j.h.j.c.m.Glavna [Glavna.java:117] Unesen je broj: 1
2020-11-06 15:47:26,122 INFO [main] m.j.h.j.c.m.Glavna [Glavna.java:117] Unesen je broj: 1
2020-11-06 15:47:27,555 INFO [main] m.j.h.j.c.m.Glavna [Glavna.java:117] Unesen je broj: 1
2020-11-06 15:47:35,448 INFO [main] m.j.h.j.c.m.Glavna [Glavna.java:117] Unesen je broj: 1
2020-11-06 15:47:36,040 INFO [main] m.j.h.j.c.m.Glavna [Glavna.java:117] Unesen je broj: 1
2020-11-06 15:47:36,042 ERROR [main] m.j.h.j.c.m.Glavna [Glavna.java:66] Bolest s izabranim simptomima već postoji. Molimo unesite novu bolest.
main.java.hr.java.covidportal.iznimke.BolestIstihSimptoma: Bolest s izabranim simptomima već postoji. Molimo unesite novu bolest.
	at main.java.hr.java.covidportal.main.Glavna.provjeraBolesti(Glavna.java:421)
	at main.java.hr.java.covidportal.main.Glavna.unosBolesti(Glavna.java:244)
	at main.java.hr.java.covidportal.main.Glavna.main(Glavna.java:63)
2020-11-06 15:47:38,003 INFO [main] m.j.h.j.c.m.Glavna [Glavna.java:117] Unesen je broj: 2
2020-11-06 15:47:39,508 INFO [main] m.j.h.j.c.m.Glavna [Glavna.java:117] Unesen je broj: 3
2020-11-06 15:47:40,301 INFO [main] m.j.h.j.c.m.Glavna [Glavna.java:117] Unesen je broj: 1
2020-11-06 15:47:40,714 INFO [main] m.j.h.j.c.m.Glavna [Glavna.java:117] Unesen je broj: 2
2020-11-06 15:47:40,999 INFO [main] m.j.h.j.c.m.Glavna [Glavna.java:117] Unesen je broj: 3
2020-11-06 15:47:42,912 INFO [main] m.j.h.j.c.m.Glavna [Glavna.java:117] Unesen je broj: 2
2020-11-06 15:47:46,057 INFO [main] m.j.h.j.c.m.Glavna [Glavna.java:117] Unesen je broj: 2
2020-11-06 15:47:46,470 INFO [main] m.j.h.j.c.m.Glavna [Glavna.java:117] Unesen je broj: 2
2020-11-06 15:47:47,079 INFO [main] m.j.h.j.c.m.Glavna [Glavna.java:117] Unesen je broj: 3
2020-11-06 15:47:49,917 INFO [main] m.j.h.j.c.m.Glavna [Glavna.java:117] Unesen je broj: 2
2020-11-06 15:47:50,748 INFO [main] m.j.h.j.c.m.Glavna [Glavna.java:117] Unesen je broj: 1
2020-11-06 15:47:51,111 INFO [main] m.j.h.j.c.m.Glavna [Glavna.java:117] Unesen je broj: 1
2020-11-06 15:47:53,676 INFO [main] m.j.h.j.c.m.Glavna [Glavna.java:117] Unesen je broj: 2
2020-11-06 15:47:54,841 INFO [main] m.j.h.j.c.m.Glavna [Glavna.java:117] Unesen je broj: 2
2020-11-06 15:47:57,277 INFO [main] m.j.h.j.c.m.Glavna [Glavna.java:117] Unesen je broj: 2
2020-11-06 15:47:58,226 INFO [main] m.j.h.j.c.m.Glavna [Glavna.java:117] Unesen je broj: 0
2020-11-06 15:48:02,435 INFO [main] m.j.h.j.c.m.Glavna [Glavna.java:117] Unesen je broj: 21
2020-11-06 15:48:03,279 INFO [main] m.j.h.j.c.m.Glavna [Glavna.java:117] Unesen je broj: 1
2020-11-06 15:48:05,564 INFO [main] m.j.h.j.c.m.Glavna [Glavna.java:117] Unesen je broj: 1
2020-11-06 15:48:07,309 INFO [main] m.j.h.j.c.m.Glavna [Glavna.java:117] Unesen je broj: 3
2020-11-06 15:48:07,310 ERROR [main] m.j.h.j.c.m.Glavna [Glavna.java:319] Pogreška tijekom unosa broja kontakata.
main.java.hr.java.covidportal.iznimke.OsobaIzvanGranica: Pogreška tijekom unosa broja kontakata.
	at main.java.hr.java.covidportal.main.Glavna.provjeraBrojaKontakata(Glavna.java:401)
	at main.java.hr.java.covidportal.main.Glavna.unosOsobe(Glavna.java:315)
	at main.java.hr.java.covidportal.main.Glavna.main(Glavna.java:75)
2020-11-06 15:48:08,019 INFO [main] m.j.h.j.c.m.Glavna [Glavna.java:117] Unesen je broj: 2
2020-11-06 15:48:09,033 INFO [main] m.j.h.j.c.m.Glavna [Glavna.java:117] Unesen je broj: 2
2020-11-06 15:48:09,578 INFO [main] m.j.h.j.c.m.Glavna [Glavna.java:117] Unesen je broj: 2
2020-11-06 15:48:09,579 ERROR [main] m.j.h.j.c.m.Glavna [Glavna.java:352] Odabrana osoba se već nalazi među kontaktiranim osobama. Odaberite neku drugu osobu.
main.java.hr.java.covidportal.iznimke.DuplikatKontaktiraneOsobe: Odabrana osoba se već nalazi među kontaktiranim osobama. Odaberite neku drugu osobu.
	at main.java.hr.java.covidportal.main.Glavna.provjeraKontakta(Glavna.java:385)
	at main.java.hr.java.covidportal.main.Glavna.unosOsobe(Glavna.java:349)
	at main.java.hr.java.covidportal.main.Glavna.main(Glavna.java:75)
2020-11-06 15:48:10,184 INFO [main] m.j.h.j.c.m.Glavna [Glavna.java:117] Unesen je broj: 1
2020-11-06 16:11:09,877 INFO [main] m.j.h.j.c.m.Glavna [Glavna.java:46] Pokrenuli smo program!
2020-11-06 16:11:42,132 INFO [main] m.j.h.j.c.m.Glavna [Glavna.java:117] Unesen je broj: 1221
2020-11-06 16:13:42,996 INFO [main] m.j.h.j.c.m.Glavna [Glavna.java:44] Pokrenuli smo program!
2020-11-06 16:13:50,713 INFO [main] m.j.h.j.c.m.Glavna [Glavna.java:44] Pokrenuli smo program!
2020-11-06 16:13:53,636 ERROR [main] m.j.h.j.c.m.Glavna [Glavna.java:109] Pogreška u formatu podataka, jer je unesen String koji se ne može parsirati
java.util.InputMismatchException: null
	at java.base/java.util.Scanner.throwFor(Scanner.java:939)
	at java.base/java.util.Scanner.next(Scanner.java:1594)
	at java.base/java.util.Scanner.nextInt(Scanner.java:2258)
	at java.base/java.util.Scanner.nextInt(Scanner.java:2212)
	at main.java.hr.java.covidportal.main.Glavna.unosBroja(Glavna.java:105)
	at main.java.hr.java.covidportal.main.Glavna.unosZupanije(Glavna.java:141)
	at main.java.hr.java.covidportal.main.Glavna.main(Glavna.java:49)
2020-11-06 16:13:54,841 INFO [main] m.j.h.j.c.m.Glavna [Glavna.java:116] Unesen je broj: 10000
2020-11-06 16:13:56,820 INFO [main] m.j.h.j.c.m.Glavna [Glavna.java:116] Unesen je broj: 3000
2020-11-06 16:13:58,256 INFO [main] m.j.h.j.c.m.Glavna [Glavna.java:116] Unesen je broj: 323
2020-11-06 16:14:05,745 INFO [main] m.j.h.j.c.m.Glavna [Glavna.java:44] Pokrenuli smo program!
2020-11-06 16:14:10,170 ERROR [main] m.j.h.j.c.m.Glavna [Glavna.java:109] Pogreška u formatu podataka, jer je unesen String koji se ne može parsirati
java.util.InputMismatchException: null
	at java.base/java.util.Scanner.throwFor(Scanner.java:939)
	at java.base/java.util.Scanner.next(Scanner.java:1594)
	at java.base/java.util.Scanner.nextInt(Scanner.java:2258)
	at java.base/java.util.Scanner.nextInt(Scanner.java:2212)
	at main.java.hr.java.covidportal.main.Glavna.unosBroja(Glavna.java:105)
	at main.java.hr.java.covidportal.main.Glavna.unosZupanije(Glavna.java:141)
	at main.java.hr.java.covidportal.main.Glavna.main(Glavna.java:49)
2020-11-06 16:14:10,914 INFO [main] m.j.h.j.c.m.Glavna [Glavna.java:116] Unesen je broj: 1
2020-11-06 16:14:12,691 INFO [main] m.j.h.j.c.m.Glavna [Glavna.java:116] Unesen je broj: 23
2020-11-06 16:14:14,420 INFO [main] m.j.h.j.c.m.Glavna [Glavna.java:116] Unesen je broj: 32
2020-11-06 17:01:52,582 INFO [main] m.j.h.j.c.m.Glavna [Glavna.java:44] Pokrenuli smo program!
2020-11-06 17:01:56,311 INFO [main] m.j.h.j.c.m.Glavna [Glavna.java:115] Unesen je broj: 10000
2020-11-06 17:01:58,261 ERROR [main] m.j.h.j.c.m.Glavna [Glavna.java:108] Pogreška u formatu podataka, jer je unesen String koji se ne može parsirati
java.util.InputMismatchException: null
	at java.base/java.util.Scanner.throwFor(Scanner.java:939)
	at java.base/java.util.Scanner.next(Scanner.java:1594)
	at java.base/java.util.Scanner.nextInt(Scanner.java:2258)
	at java.base/java.util.Scanner.nextInt(Scanner.java:2212)
	at main.java.hr.java.covidportal.main.Glavna.unosBroja(Glavna.java:104)
	at main.java.hr.java.covidportal.main.Glavna.unosZupanije(Glavna.java:140)
	at main.java.hr.java.covidportal.main.Glavna.main(Glavna.java:48)
2020-11-06 17:01:59,899 INFO [main] m.j.h.j.c.m.Glavna [Glavna.java:115] Unesen je broj: 332323
2020-11-06 17:02:02,252 INFO [main] m.j.h.j.c.m.Glavna [Glavna.java:115] Unesen je broj: 24343
2020-11-06 17:02:29,971 ERROR [main] m.j.h.j.c.m.Glavna [Glavna.java:108] Pogreška u formatu podataka, jer je unesen String koji se ne može parsirati
java.util.InputMismatchException: null
	at java.base/java.util.Scanner.throwFor(Scanner.java:939)
	at java.base/java.util.Scanner.next(Scanner.java:1594)
	at java.base/java.util.Scanner.nextInt(Scanner.java:2258)
	at java.base/java.util.Scanner.nextInt(Scanner.java:2212)
	at main.java.hr.java.covidportal.main.Glavna.unosBroja(Glavna.java:104)
	at main.java.hr.java.covidportal.main.Glavna.unosBolesti(Glavna.java:185)
	at main.java.hr.java.covidportal.main.Glavna.main(Glavna.java:61)
2020-11-06 17:02:31,729 INFO [main] m.j.h.j.c.m.Glavna [Glavna.java:115] Unesen je broj: 2
2020-11-06 17:02:34,943 INFO [main] m.j.h.j.c.m.Glavna [Glavna.java:115] Unesen je broj: 4
2020-11-06 17:02:35,887 INFO [main] m.j.h.j.c.m.Glavna [Glavna.java:115] Unesen je broj: 3
2020-11-06 17:02:37,573 INFO [main] m.j.h.j.c.m.Glavna [Glavna.java:115] Unesen je broj: 1
2020-11-06 17:03:40,385 INFO [main] m.j.h.j.c.m.Glavna [Glavna.java:115] Unesen je broj: 2
2020-11-06 17:08:19,483 INFO [main] m.j.h.j.c.m.Glavna [Glavna.java:44] Pokrenuli smo program!
2020-11-06 17:09:14,488 INFO [main] m.j.h.j.c.m.Glavna [Glavna.java:44] Pokrenuli smo program!
2020-11-06 17:09:18,957 INFO [main] m.j.h.j.c.m.Glavna [Glavna.java:115] Unesen je broj: 10020
2020-11-06 17:09:34,816 INFO [main] m.j.h.j.c.m.Glavna [Glavna.java:115] Unesen je broj: 1
2020-11-06 17:09:36,992 INFO [main] m.j.h.j.c.m.Glavna [Glavna.java:115] Unesen je broj: 2
2020-11-06 17:09:38,487 INFO [main] m.j.h.j.c.m.Glavna [Glavna.java:115] Unesen je broj: 2
2020-11-06 17:09:40,181 INFO [main] m.j.h.j.c.m.Glavna [Glavna.java:115] Unesen je broj: 3
2020-11-06 17:09:48,601 INFO [main] m.j.h.j.c.m.Glavna [Glavna.java:44] Pokrenuli smo program!
2020-11-06 17:10:01,717 INFO [main] m.j.h.j.c.m.Glavna [Glavna.java:115] Unesen je broj: 1
2020-11-06 17:10:14,596 INFO [main] m.j.h.j.c.m.Glavna [Glavna.java:115] Unesen je broj: 1
2020-11-06 17:10:18,219 INFO [main] m.j.h.j.c.m.Glavna [Glavna.java:115] Unesen je broj: 1
2020-11-06 17:10:19,446 INFO [main] m.j.h.j.c.m.Glavna [Glavna.java:115] Unesen je broj: 2
2020-11-06 17:43:00,812 INFO [main] m.j.h.j.c.m.Glavna [Glavna.java:44] Pokrenuli smo program!
2020-11-06 17:43:16,263 INFO [main] m.j.h.j.c.m.Glavna [Glavna.java:44] Pokrenuli smo program!
2020-11-06 17:43:20,569 ERROR [main] m.j.h.j.c.m.Glavna [Glavna.java:108] Pogreška u formatu podataka, jer je unesen String koji se ne može parsirati
java.util.InputMismatchException: null
	at java.base/java.util.Scanner.throwFor(Scanner.java:939)
	at java.base/java.util.Scanner.next(Scanner.java:1594)
	at java.base/java.util.Scanner.nextInt(Scanner.java:2258)
	at java.base/java.util.Scanner.nextInt(Scanner.java:2212)
	at main.java.hr.java.covidportal.main.Glavna.unosBroja(Glavna.java:104)
	at main.java.hr.java.covidportal.main.Glavna.unosZupanije(Glavna.java:140)
	at main.java.hr.java.covidportal.main.Glavna.main(Glavna.java:48)
2020-11-06 17:43:22,037 INFO [main] m.j.h.j.c.m.Glavna [Glavna.java:115] Unesen je broj: 1000000
2020-11-06 17:43:24,278 INFO [main] m.j.h.j.c.m.Glavna [Glavna.java:115] Unesen je broj: 140000
2020-11-06 17:43:26,994 INFO [main] m.j.h.j.c.m.Glavna [Glavna.java:115] Unesen je broj: 400000
2020-11-06 17:43:41,164 ERROR [main] m.j.h.j.c.m.Glavna [Glavna.java:108] Pogreška u formatu podataka, jer je unesen String koji se ne može parsirati
java.util.InputMismatchException: null
	at java.base/java.util.Scanner.throwFor(Scanner.java:939)
	at java.base/java.util.Scanner.next(Scanner.java:1594)
	at java.base/java.util.Scanner.nextInt(Scanner.java:2258)
	at java.base/java.util.Scanner.nextInt(Scanner.java:2212)
	at main.java.hr.java.covidportal.main.Glavna.unosBroja(Glavna.java:104)
	at main.java.hr.java.covidportal.main.Glavna.unosBolesti(Glavna.java:185)
	at main.java.hr.java.covidportal.main.Glavna.main(Glavna.java:61)
2020-11-06 17:43:42,325 INFO [main] m.j.h.j.c.m.Glavna [Glavna.java:115] Unesen je broj: 0
2020-11-06 17:43:42,325 INFO [main] m.j.h.j.c.m.Glavna [Glavna.java:189] Pogreška u odabiru, odabir je izvan intervala dopuštenih vrijednosti
2020-11-06 17:43:42,924 INFO [main] m.j.h.j.c.m.Glavna [Glavna.java:115] Unesen je broj: 1
2020-11-06 17:43:46,555 INFO [main] m.j.h.j.c.m.Glavna [Glavna.java:115] Unesen je broj: 2
2020-11-06 17:43:47,657 INFO [main] m.j.h.j.c.m.Glavna [Glavna.java:115] Unesen je broj: 1
2020-11-06 17:43:49,220 INFO [main] m.j.h.j.c.m.Glavna [Glavna.java:115] Unesen je broj: 2
2020-11-06 17:45:08,186 INFO [main] m.j.h.j.c.m.Glavna [Glavna.java:44] Pokrenuli smo program!
2020-11-06 17:45:14,496 ERROR [main] m.j.h.j.c.m.Glavna [Glavna.java:108] Pogreška u formatu podataka, jer je unesen String koji se ne može parsirati
java.util.InputMismatchException: null
	at java.base/java.util.Scanner.throwFor(Scanner.java:939)
	at java.base/java.util.Scanner.next(Scanner.java:1594)
	at java.base/java.util.Scanner.nextInt(Scanner.java:2258)
	at java.base/java.util.Scanner.nextInt(Scanner.java:2212)
	at main.java.hr.java.covidportal.main.Glavna.unosBroja(Glavna.java:104)
	at main.java.hr.java.covidportal.main.Glavna.unosZupanije(Glavna.java:140)
	at main.java.hr.java.covidportal.main.Glavna.main(Glavna.java:48)
2020-11-06 17:45:17,757 INFO [main] m.j.h.j.c.m.Glavna [Glavna.java:115] Unesen je broj: 1200000
2020-11-06 17:45:20,080 INFO [main] m.j.h.j.c.m.Glavna [Glavna.java:115] Unesen je broj: 140000
2020-11-06 17:45:22,643 INFO [main] m.j.h.j.c.m.Glavna [Glavna.java:115] Unesen je broj: 300000
2020-11-06 17:45:39,806 ERROR [main] m.j.h.j.c.m.Glavna [Glavna.java:108] Pogreška u formatu podataka, jer je unesen String koji se ne može parsirati
java.util.InputMismatchException: null
	at java.base/java.util.Scanner.throwFor(Scanner.java:939)
	at java.base/java.util.Scanner.next(Scanner.java:1594)
	at java.base/java.util.Scanner.nextInt(Scanner.java:2258)
	at java.base/java.util.Scanner.nextInt(Scanner.java:2212)
	at main.java.hr.java.covidportal.main.Glavna.unosBroja(Glavna.java:104)
	at main.java.hr.java.covidportal.main.Glavna.unosBolesti(Glavna.java:185)
	at main.java.hr.java.covidportal.main.Glavna.main(Glavna.java:61)
2020-11-06 17:45:40,738 INFO [main] m.j.h.j.c.m.Glavna [Glavna.java:115] Unesen je broj: 0
2020-11-06 17:45:40,739 INFO [main] m.j.h.j.c.m.Glavna [Glavna.java:189] Pogreška u odabiru, odabir je izvan intervala dopuštenih vrijednosti
2020-11-06 17:45:41,532 INFO [main] m.j.h.j.c.m.Glavna [Glavna.java:115] Unesen je broj: 4
2020-11-06 17:45:41,532 INFO [main] m.j.h.j.c.m.Glavna [Glavna.java:189] Pogreška u odabiru, odabir je izvan intervala dopuštenih vrijednosti
2020-11-06 17:45:55,291 INFO [main] m.j.h.j.c.m.Glavna [Glavna.java:115] Unesen je broj: 1
2020-11-06 17:45:58,198 INFO [main] m.j.h.j.c.m.Glavna [Glavna.java:115] Unesen je broj: 2
2020-11-06 17:45:58,850 INFO [main] m.j.h.j.c.m.Glavna [Glavna.java:115] Unesen je broj: 1
2020-11-06 17:46:02,202 INFO [main] m.j.h.j.c.m.Glavna [Glavna.java:115] Unesen je broj: 2
2020-11-06 17:46:04,726 INFO [main] m.j.h.j.c.m.Glavna [Glavna.java:115] Unesen je broj: 1
2020-11-06 17:46:08,407 INFO [main] m.j.h.j.c.m.Glavna [Glavna.java:115] Unesen je broj: 15
2020-11-06 17:46:10,212 ERROR [main] m.j.h.j.c.m.Glavna [Glavna.java:108] Pogreška u formatu podataka, jer je unesen String koji se ne može parsirati
java.util.InputMismatchException: null
	at java.base/java.util.Scanner.throwFor(Scanner.java:939)
	at java.base/java.util.Scanner.next(Scanner.java:1594)
	at java.base/java.util.Scanner.nextInt(Scanner.java:2258)
	at java.base/java.util.Scanner.nextInt(Scanner.java:2212)
	at main.java.hr.java.covidportal.main.Glavna.unosBroja(Glavna.java:104)
	at main.java.hr.java.covidportal.main.Glavna.unosBolesti(Glavna.java:199)
	at main.java.hr.java.covidportal.main.Glavna.main(Glavna.java:61)
2020-11-06 17:46:11,595 INFO [main] m.j.h.j.c.m.Glavna [Glavna.java:115] Unesen je broj: 2
2020-11-06 17:46:12,448 INFO [main] m.j.h.j.c.m.Glavna [Glavna.java:115] Unesen je broj: 1
2020-11-06 17:46:13,141 INFO [main] m.j.h.j.c.m.Glavna [Glavna.java:115] Unesen je broj: 2
2020-11-06 17:47:05,638 INFO [main] m.j.h.j.c.m.Glavna [Glavna.java:115] Unesen je broj: 2
2020-11-06 17:47:08,756 INFO [main] m.j.h.j.c.m.Glavna [Glavna.java:115] Unesen je broj: 1
2020-11-06 17:47:09,976 INFO [main] m.j.h.j.c.m.Glavna [Glavna.java:115] Unesen je broj: 3
2020-11-06 17:47:49,958 INFO [main] m.j.h.j.c.m.Glavna [Glavna.java:44] Pokrenuli smo program!
2020-11-06 17:47:54,876 ERROR [main] m.j.h.j.c.m.Glavna [Glavna.java:108] Pogreška u formatu podataka, jer je unesen String koji se ne može parsirati
java.util.InputMismatchException: null
	at java.base/java.util.Scanner.throwFor(Scanner.java:939)
	at java.base/java.util.Scanner.next(Scanner.java:1594)
	at java.base/java.util.Scanner.nextInt(Scanner.java:2258)
	at java.base/java.util.Scanner.nextInt(Scanner.java:2212)
	at main.java.hr.java.covidportal.main.Glavna.unosBroja(Glavna.java:104)
	at main.java.hr.java.covidportal.main.Glavna.unosZupanije(Glavna.java:140)
	at main.java.hr.java.covidportal.main.Glavna.main(Glavna.java:48)
2020-11-06 17:47:56,013 INFO [main] m.j.h.j.c.m.Glavna [Glavna.java:115] Unesen je broj: 100000
2020-11-06 17:47:58,599 INFO [main] m.j.h.j.c.m.Glavna [Glavna.java:115] Unesen je broj: 300000
2020-11-06 17:48:03,955 INFO [main] m.j.h.j.c.m.Glavna [Glavna.java:115] Unesen je broj: 132000
2020-11-06 17:48:21,067 INFO [main] m.j.h.j.c.m.Glavna [Glavna.java:115] Unesen je broj: 3
2020-11-06 17:48:21,067 INFO [main] m.j.h.j.c.m.Glavna [Glavna.java:189] Pogreška u odabiru, odabir je izvan intervala dopuštenih vrijednosti
2020-11-06 17:48:22,248 INFO [main] m.j.h.j.c.m.Glavna [Glavna.java:115] Unesen je broj: 1
2020-11-06 17:48:25,669 INFO [main] m.j.h.j.c.m.Glavna [Glavna.java:115] Unesen je broj: 4
2020-11-06 17:48:27,503 INFO [main] m.j.h.j.c.m.Glavna [Glavna.java:115] Unesen je broj: 3
2020-11-06 17:48:28,271 INFO [main] m.j.h.j.c.m.Glavna [Glavna.java:115] Unesen je broj: 1
2020-11-06 17:48:28,825 INFO [main] m.j.h.j.c.m.Glavna [Glavna.java:115] Unesen je broj: 2
2020-11-06 17:48:29,399 INFO [main] m.j.h.j.c.m.Glavna [Glavna.java:115] Unesen je broj: 3
2020-11-06 17:48:30,475 INFO [main] m.j.h.j.c.m.Glavna [Glavna.java:115] Unesen je broj: 1
2020-11-06 17:48:33,357 INFO [main] m.j.h.j.c.m.Glavna [Glavna.java:115] Unesen je broj: 3
2020-11-06 17:48:34,022 INFO [main] m.j.h.j.c.m.Glavna [Glavna.java:115] Unesen je broj: 1
2020-11-06 17:48:34,591 INFO [main] m.j.h.j.c.m.Glavna [Glavna.java:115] Unesen je broj: 2
2020-11-06 17:48:35,308 INFO [main] m.j.h.j.c.m.Glavna [Glavna.java:115] Unesen je broj: 3
2020-11-06 17:51:17,813 ERROR [main] m.j.h.j.c.m.Glavna [Glavna.java:108] Pogreška u formatu podataka, jer je unesen String koji se ne može parsirati
java.util.InputMismatchException: null
	at java.base/java.util.Scanner.throwFor(Scanner.java:939)
	at java.base/java.util.Scanner.next(Scanner.java:1594)
	at java.base/java.util.Scanner.nextInt(Scanner.java:2258)
	at java.base/java.util.Scanner.nextInt(Scanner.java:2212)
	at main.java.hr.java.covidportal.main.Glavna.unosBroja(Glavna.java:104)
	at main.java.hr.java.covidportal.main.Glavna.unosBolesti(Glavna.java:185)
	at main.java.hr.java.covidportal.main.Glavna.main(Glavna.java:61)
2020-11-06 17:51:20,114 INFO [main] m.j.h.j.c.m.Glavna [Glavna.java:115] Unesen je broj: 1
2020-11-06 17:51:23,859 INFO [main] m.j.h.j.c.m.Glavna [Glavna.java:115] Unesen je broj: 3
2020-11-06 17:51:24,482 INFO [main] m.j.h.j.c.m.Glavna [Glavna.java:115] Unesen je broj: 1
2020-11-06 17:51:24,780 INFO [main] m.j.h.j.c.m.Glavna [Glavna.java:115] Unesen je broj: 2
2020-11-06 17:51:25,037 INFO [main] m.j.h.j.c.m.Glavna [Glavna.java:115] Unesen je broj: 3
2020-11-06 17:51:42,297 INFO [main] m.j.h.j.c.m.Glavna [Glavna.java:115] Unesen je broj: 12
2020-11-06 17:51:43,788 INFO [main] m.j.h.j.c.m.Glavna [Glavna.java:115] Unesen je broj: 1
2020-11-06 17:51:44,380 INFO [main] m.j.h.j.c.m.Glavna [Glavna.java:115] Unesen je broj: 2
2020-11-06 17:58:17,294 INFO [main] m.j.h.j.c.m.Glavna [Glavna.java:115] Unesen je broj: 20
2020-11-06 17:58:18,458 INFO [main] m.j.h.j.c.m.Glavna [Glavna.java:115] Unesen je broj: 3
2020-11-06 17:58:20,698 INFO [main] m.j.h.j.c.m.Glavna [Glavna.java:115] Unesen je broj: 3
2020-11-06 17:58:22,342 INFO [main] m.j.h.j.c.m.Glavna [Glavna.java:115] Unesen je broj: 3
2020-11-06 17:58:22,345 ERROR [main] m.j.h.j.c.m.Glavna [Glavna.java:320] Pogreška tijekom unosa broja kontakata.
main.java.hr.java.covidportal.iznimke.OsobaIzvanGranica: Pogreška tijekom unosa broja kontakata.
	at main.java.hr.java.covidportal.main.Glavna.provjeraBrojaKontakata(Glavna.java:433)
	at main.java.hr.java.covidportal.main.Glavna.unosOsobe(Glavna.java:316)
	at main.java.hr.java.covidportal.main.Glavna.main(Glavna.java:73)
2020-11-06 17:58:23,089 INFO [main] m.j.h.j.c.m.Glavna [Glavna.java:115] Unesen je broj: 2
2020-11-06 17:58:23,089 ERROR [main] m.j.h.j.c.m.Glavna [Glavna.java:320] Pogreška tijekom unosa broja kontakata.
main.java.hr.java.covidportal.iznimke.OsobaIzvanGranica: Pogreška tijekom unosa broja kontakata.
	at main.java.hr.java.covidportal.main.Glavna.provjeraBrojaKontakata(Glavna.java:433)
	at main.java.hr.java.covidportal.main.Glavna.unosOsobe(Glavna.java:316)
	at main.java.hr.java.covidportal.main.Glavna.main(Glavna.java:73)
2020-11-06 17:58:23,709 INFO [main] m.j.h.j.c.m.Glavna [Glavna.java:115] Unesen je broj: 1
2020-11-06 17:58:24,182 INFO [main] m.j.h.j.c.m.Glavna [Glavna.java:115] Unesen je broj: 1
2020-11-06 17:58:32,577 INFO [main] m.j.h.j.c.m.Glavna [Glavna.java:115] Unesen je broj: 21
2020-11-06 17:58:33,548 INFO [main] m.j.h.j.c.m.Glavna [Glavna.java:115] Unesen je broj: 3
2020-11-06 17:58:34,582 INFO [main] m.j.h.j.c.m.Glavna [Glavna.java:115] Unesen je broj: 3
2020-11-06 17:58:35,504 INFO [main] m.j.h.j.c.m.Glavna [Glavna.java:115] Unesen je broj: 2
2020-11-06 17:58:36,311 INFO [main] m.j.h.j.c.m.Glavna [Glavna.java:115] Unesen je broj: 1
2020-11-06 17:58:36,803 INFO [main] m.j.h.j.c.m.Glavna [Glavna.java:115] Unesen je broj: 1
2020-11-06 17:58:36,804 ERROR [main] m.j.h.j.c.m.Glavna [Glavna.java:352] Odabrana osoba se već nalazi među kontaktiranim osobama. Odaberite neku drugu osobu.
main.java.hr.java.covidportal.iznimke.DuplikatKontaktiraneOsobe: Odabrana osoba se već nalazi među kontaktiranim osobama. Odaberite neku drugu osobu.
	at main.java.hr.java.covidportal.main.Glavna.provjeraKontakta(Glavna.java:417)
	at main.java.hr.java.covidportal.main.Glavna.unosOsobe(Glavna.java:349)
	at main.java.hr.java.covidportal.main.Glavna.main(Glavna.java:73)
2020-11-06 17:58:37,322 INFO [main] m.j.h.j.c.m.Glavna [Glavna.java:115] Unesen je broj: 2
2020-11-06 18:00:37,805 INFO [main] m.j.h.j.c.m.Glavna [Glavna.java:44] Pokrenuli smo program!
2020-11-06 18:00:40,993 ERROR [main] m.j.h.j.c.m.Glavna [Glavna.java:108] Pogreška u formatu podataka, jer je unesen String koji se ne može parsirati
java.util.InputMismatchException: null
	at java.base/java.util.Scanner.throwFor(Scanner.java:939)
	at java.base/java.util.Scanner.next(Scanner.java:1594)
	at java.base/java.util.Scanner.nextInt(Scanner.java:2258)
	at java.base/java.util.Scanner.nextInt(Scanner.java:2212)
	at main.java.hr.java.covidportal.main.Glavna.unosBroja(Glavna.java:104)
	at main.java.hr.java.covidportal.main.Glavna.unosZupanije(Glavna.java:140)
	at main.java.hr.java.covidportal.main.Glavna.main(Glavna.java:48)
2020-11-06 18:00:41,593 INFO [main] m.j.h.j.c.m.Glavna [Glavna.java:115] Unesen je broj: 1
2020-11-06 18:01:02,088 INFO [main] m.j.h.j.c.m.Glavna [Glavna.java:115] Unesen je broj: 0
2020-11-06 18:01:02,089 INFO [main] m.j.h.j.c.m.Glavna [Glavna.java:189] Pogreška u odabiru, odabir je izvan intervala dopuštenih vrijednosti
2020-11-06 18:01:03,035 INFO [main] m.j.h.j.c.m.Glavna [Glavna.java:115] Unesen je broj: 21
2020-11-06 18:01:03,035 INFO [main] m.j.h.j.c.m.Glavna [Glavna.java:189] Pogreška u odabiru, odabir je izvan intervala dopuštenih vrijednosti
2020-11-06 18:01:03,554 INFO [main] m.j.h.j.c.m.Glavna [Glavna.java:115] Unesen je broj: 1
2020-11-06 18:01:05,717 INFO [main] m.j.h.j.c.m.Glavna [Glavna.java:115] Unesen je broj: 3
2020-11-06 18:01:06,134 INFO [main] m.j.h.j.c.m.Glavna [Glavna.java:115] Unesen je broj: 1
2020-11-06 18:01:06,619 INFO [main] m.j.h.j.c.m.Glavna [Glavna.java:115] Unesen je broj: 2
2020-11-06 18:01:06,967 INFO [main] m.j.h.j.c.m.Glavna [Glavna.java:115] Unesen je broj: 3
2020-11-06 18:01:09,035 INFO [main] m.j.h.j.c.m.Glavna [Glavna.java:115] Unesen je broj: 2
2020-11-06 18:01:12,244 INFO [main] m.j.h.j.c.m.Glavna [Glavna.java:115] Unesen je broj: 54
2020-11-06 18:01:13,520 INFO [main] m.j.h.j.c.m.Glavna [Glavna.java:115] Unesen je broj: 3
2020-11-06 18:01:14,051 INFO [main] m.j.h.j.c.m.Glavna [Glavna.java:115] Unesen je broj: 1
2020-11-06 18:01:14,533 INFO [main] m.j.h.j.c.m.Glavna [Glavna.java:115] Unesen je broj: 2
2020-11-06 18:01:15,148 INFO [main] m.j.h.j.c.m.Glavna [Glavna.java:115] Unesen je broj: 3
2020-11-06 18:01:15,149 ERROR [main] m.j.h.j.c.m.Glavna [Glavna.java:64] Bolest s izabranim simptomima već postoji. Molimo unesite novu bolest.
main.java.hr.java.covidportal.iznimke.BolestIstihSimptoma: Bolest s izabranim simptomima već postoji. Molimo unesite novu bolest.
	at main.java.hr.java.covidportal.main.Glavna.provjeraBolesti(Glavna.java:459)
	at main.java.hr.java.covidportal.main.Glavna.unosBolesti(Glavna.java:242)
	at main.java.hr.java.covidportal.main.Glavna.main(Glavna.java:61)
2020-11-06 18:01:19,233 INFO [main] m.j.h.j.c.m.Glavna [Glavna.java:44] Pokrenuli smo program!
2020-11-06 18:02:21,392 INFO [main] m.j.h.j.c.m.Glavna [Glavna.java:115] Unesen je broj: 100000
2020-11-06 18:02:36,274 INFO [main] m.j.h.j.c.m.Glavna [Glavna.java:115] Unesen je broj: 0
2020-11-06 18:02:36,275 INFO [main] m.j.h.j.c.m.Glavna [Glavna.java:189] Pogreška u odabiru, odabir je izvan intervala dopuštenih vrijednosti
2020-11-06 18:02:37,130 INFO [main] m.j.h.j.c.m.Glavna [Glavna.java:115] Unesen je broj: 1
2020-11-06 18:02:39,200 INFO [main] m.j.h.j.c.m.Glavna [Glavna.java:115] Unesen je broj: 3
2020-11-06 18:02:39,654 INFO [main] m.j.h.j.c.m.Glavna [Glavna.java:115] Unesen je broj: 1
2020-11-06 18:02:39,980 INFO [main] m.j.h.j.c.m.Glavna [Glavna.java:115] Unesen je broj: 2
2020-11-06 18:02:40,700 INFO [main] m.j.h.j.c.m.Glavna [Glavna.java:115] Unesen je broj: 3
2020-11-06 18:02:41,671 INFO [main] m.j.h.j.c.m.Glavna [Glavna.java:115] Unesen je broj: 1
2020-11-06 18:02:45,583 INFO [main] m.j.h.j.c.m.Glavna [Glavna.java:115] Unesen je broj: 3
2020-11-06 18:02:46,229 INFO [main] m.j.h.j.c.m.Glavna [Glavna.java:115] Unesen je broj: 1
2020-11-06 18:02:46,838 INFO [main] m.j.h.j.c.m.Glavna [Glavna.java:115] Unesen je broj: 2
2020-11-06 18:02:48,677 INFO [main] m.j.h.j.c.m.Glavna [Glavna.java:115] Unesen je broj: 3
2020-11-06 18:10:28,092 ERROR [main] m.j.h.j.c.m.Glavna [Glavna.java:64] Bolest s izabranim simptomima već postoji. Molimo unesite novu bolest.
main.java.hr.java.covidportal.iznimke.BolestIstihSimptoma: Bolest s izabranim simptomima već postoji. Molimo unesite novu bolest.
	at main.java.hr.java.covidportal.main.Glavna.provjeraBolesti(Glavna.java:459)
	at main.java.hr.java.covidportal.main.Glavna.unosBolesti(Glavna.java:242)
	at main.java.hr.java.covidportal.main.Glavna.main(Glavna.java:61)
2020-11-06 18:12:26,447 INFO [main] m.j.h.j.c.m.Glavna [Glavna.java:44] Pokrenuli smo program!
2020-11-06 18:13:12,775 INFO [main] m.j.h.j.c.m.Glavna [Glavna.java:115] Unesen je broj: 1
2020-11-06 18:13:23,535 INFO [main] m.j.h.j.c.m.Glavna [Glavna.java:115] Unesen je broj: 1
2020-11-06 18:13:25,023 INFO [main] m.j.h.j.c.m.Glavna [Glavna.java:115] Unesen je broj: 3
2020-11-06 18:13:25,444 INFO [main] m.j.h.j.c.m.Glavna [Glavna.java:115] Unesen je broj: 1
2020-11-06 18:13:25,978 INFO [main] m.j.h.j.c.m.Glavna [Glavna.java:115] Unesen je broj: 2
2020-11-06 18:13:26,436 INFO [main] m.j.h.j.c.m.Glavna [Glavna.java:115] Unesen je broj: 3
2020-11-06 18:13:27,303 INFO [main] m.j.h.j.c.m.Glavna [Glavna.java:115] Unesen je broj: 1
2020-11-06 18:13:30,147 INFO [main] m.j.h.j.c.m.Glavna [Glavna.java:115] Unesen je broj: 3
2020-11-06 18:13:30,700 INFO [main] m.j.h.j.c.m.Glavna [Glavna.java:115] Unesen je broj: 1
2020-11-06 18:13:31,270 INFO [main] m.j.h.j.c.m.Glavna [Glavna.java:115] Unesen je broj: 2
2020-11-06 18:13:31,921 INFO [main] m.j.h.j.c.m.Glavna [Glavna.java:115] Unesen je broj: 3
2020-11-06 18:13:31,924 ERROR [main] m.j.h.j.c.m.Glavna [Glavna.java:64] Bolest s izabranim simptomima već postoji. Molimo unesite novu bolest.
main.java.hr.java.covidportal.iznimke.BolestIstihSimptoma: Bolest s izabranim simptomima već postoji. Molimo unesite novu bolest.
	at main.java.hr.java.covidportal.main.Glavna.provjeraBolesti(Glavna.java:449)
	at main.java.hr.java.covidportal.main.Glavna.unosBolesti(Glavna.java:242)
	at main.java.hr.java.covidportal.main.Glavna.main(Glavna.java:61)
2020-11-06 18:54:45,443 INFO [main] m.j.h.j.c.m.Glavna [Glavna.java:39] Pokrenuli smo program!
2020-11-06 18:55:02,702 INFO [main] m.j.h.j.c.m.Glavna [Glavna.java:39] Pokrenuli smo program!
2020-11-06 18:55:28,894 INFO [main] m.j.h.j.c.m.Glavna [Glavna.java:39] Pokrenuli smo program!
2020-11-06 18:55:30,754 INFO [main] m.j.h.j.c.m.Glavna [Glavna.java:116] Unesen je broj: 2
2020-11-06 18:55:35,120 ERROR [main] m.j.h.j.c.m.Glavna [Glavna.java:109] Pogreška u formatu podataka, jer je unesen String koji se ne može parsirati
java.util.InputMismatchException: null
	at java.base/java.util.Scanner.throwFor(Scanner.java:939)
	at java.base/java.util.Scanner.next(Scanner.java:1594)
	at java.base/java.util.Scanner.nextInt(Scanner.java:2258)
	at java.base/java.util.Scanner.nextInt(Scanner.java:2212)
	at main.java.hr.java.covidportal.main.Glavna.unosBroja(Glavna.java:105)
	at main.java.hr.java.covidportal.main.Glavna.unosZupanije(Glavna.java:160)
	at main.java.hr.java.covidportal.main.Glavna.main(Glavna.java:45)
2020-11-06 18:55:36,599 INFO [main] m.j.h.j.c.m.Glavna [Glavna.java:116] Unesen je broj: 1200
2020-11-06 18:55:38,903 INFO [main] m.j.h.j.c.m.Glavna [Glavna.java:116] Unesen je broj: 320230
2020-11-06 18:56:17,578 INFO [main] m.j.h.j.c.m.Glavna [Glavna.java:39] Pokrenuli smo program!
2020-11-06 18:56:21,982 INFO [main] m.j.h.j.c.m.Glavna [Glavna.java:116] Unesen je broj: 2
2020-11-06 18:56:24,914 INFO [main] m.j.h.j.c.m.Glavna [Glavna.java:116] Unesen je broj: 100120
2020-11-06 18:56:26,335 INFO [main] m.j.h.j.c.m.Glavna [Glavna.java:116] Unesen je broj: 13221
2020-11-06 18:56:28,620 INFO [main] m.j.h.j.c.m.Glavna [Glavna.java:116] Unesen je broj: 3
2020-11-06 18:57:19,247 INFO [main] m.j.h.j.c.m.Glavna [Glavna.java:116] Unesen je broj: 3
2020-11-06 18:57:20,300 INFO [main] m.j.h.j.c.m.Glavna [Glavna.java:116] Unesen je broj: 1
2020-11-06 18:57:22,988 INFO [main] m.j.h.j.c.m.Glavna [Glavna.java:116] Unesen je broj: 2
2020-11-06 18:57:23,735 INFO [main] m.j.h.j.c.m.Glavna [Glavna.java:116] Unesen je broj: 1
2020-11-06 18:57:24,117 INFO [main] m.j.h.j.c.m.Glavna [Glavna.java:116] Unesen je broj: 3
2020-11-06 18:57:26,195 INFO [main] m.j.h.j.c.m.Glavna [Glavna.java:116] Unesen je broj: 2
2020-11-06 18:57:32,479 INFO [main] m.j.h.j.c.m.Glavna [Glavna.java:116] Unesen je broj: 5
2020-11-06 18:57:40,741 INFO [main] m.j.h.j.c.m.Glavna [Glavna.java:116] Unesen je broj: 2
2020-11-06 18:57:41,305 INFO [main] m.j.h.j.c.m.Glavna [Glavna.java:116] Unesen je broj: 1
2020-11-06 18:57:42,227 INFO [main] m.j.h.j.c.m.Glavna [Glavna.java:116] Unesen je broj: 3
2020-11-06 18:57:42,229 ERROR [main] m.j.h.j.c.m.Glavna [Glavna.java:63] Bolest s izabranim simptomima već postoji. Molimo unesite novu bolest.
main.java.hr.java.covidportal.iznimke.BolestIstihSimptoma: Bolest s izabranim simptomima već postoji. Molimo unesite novu bolest.
	at main.java.hr.java.covidportal.main.Glavna.provjeraBolesti(Glavna.java:469)
	at main.java.hr.java.covidportal.main.Glavna.unosBolesti(Glavna.java:262)
	at main.java.hr.java.covidportal.main.Glavna.main(Glavna.java:60)
2020-11-06 18:58:54,254 INFO [main] m.j.h.j.c.m.Glavna [Glavna.java:39] Pokrenuli smo program!
2020-11-06 18:58:57,268 INFO [main] m.j.h.j.c.m.Glavna [Glavna.java:116] Unesen je broj: 1
2020-11-06 18:58:59,621 ERROR [main] m.j.h.j.c.m.Glavna [Glavna.java:109] Pogreška u formatu podataka, jer je unesen String koji se ne može parsirati
java.util.InputMismatchException: null
	at java.base/java.util.Scanner.throwFor(Scanner.java:939)
	at java.base/java.util.Scanner.next(Scanner.java:1594)
	at java.base/java.util.Scanner.nextInt(Scanner.java:2258)
	at java.base/java.util.Scanner.nextInt(Scanner.java:2212)
	at main.java.hr.java.covidportal.main.Glavna.unosBroja(Glavna.java:105)
	at main.java.hr.java.covidportal.main.Glavna.unosZupanije(Glavna.java:160)
	at main.java.hr.java.covidportal.main.Glavna.main(Glavna.java:45)
2020-11-06 18:59:00,805 INFO [main] m.j.h.j.c.m.Glavna [Glavna.java:116] Unesen je broj: 322
2020-11-06 18:59:01,647 INFO [main] m.j.h.j.c.m.Glavna [Glavna.java:116] Unesen je broj: 1
2020-11-06 18:59:05,056 INFO [main] m.j.h.j.c.m.Glavna [Glavna.java:116] Unesen je broj: 1
2020-11-06 18:59:07,091 INFO [main] m.j.h.j.c.m.Glavna [Glavna.java:116] Unesen je broj: 1
2020-11-06 18:59:10,590 INFO [main] m.j.h.j.c.m.Glavna [Glavna.java:116] Unesen je broj: 1
2020-11-06 18:59:12,611 INFO [main] m.j.h.j.c.m.Glavna [Glavna.java:116] Unesen je broj: 2
2020-11-06 18:59:12,611 INFO [main] m.j.h.j.c.m.Glavna [Glavna.java:247] Pogreška u odabiru, odabir je izvan intervala dopuštenih vrijednosti
2020-11-06 18:59:13,428 INFO [main] m.j.h.j.c.m.Glavna [Glavna.java:116] Unesen je broj: 1
2020-11-06 18:59:19,728 INFO [main] m.j.h.j.c.m.Glavna [Glavna.java:116] Unesen je broj: 2
2020-11-06 18:59:22,950 INFO [main] m.j.h.j.c.m.Glavna [Glavna.java:116] Unesen je broj: 67
2020-11-06 18:59:25,121 INFO [main] m.j.h.j.c.m.Glavna [Glavna.java:116] Unesen je broj: 0
2020-11-06 18:59:25,122 INFO [main] m.j.h.j.c.m.Glavna [Glavna.java:298] Pogreška u odabiru, odabir je izvan intervala dopuštenih vrijednosti
2020-11-06 18:59:25,980 INFO [main] m.j.h.j.c.m.Glavna [Glavna.java:116] Unesen je broj: 1
2020-11-06 18:59:26,933 INFO [main] m.j.h.j.c.m.Glavna [Glavna.java:116] Unesen je broj: 1
2020-11-06 18:59:34,059 INFO [main] m.j.h.j.c.m.Glavna [Glavna.java:116] Unesen je broj: 80
2020-11-06 18:59:34,921 INFO [main] m.j.h.j.c.m.Glavna [Glavna.java:116] Unesen je broj: 1
2020-11-06 18:59:35,829 INFO [main] m.j.h.j.c.m.Glavna [Glavna.java:116] Unesen je broj: 1
2020-11-06 18:59:36,847 INFO [main] m.j.h.j.c.m.Glavna [Glavna.java:116] Unesen je broj: 2
2020-11-06 18:59:36,848 ERROR [main] m.j.h.j.c.m.Glavna [Glavna.java:340] Pogreška tijekom unosa broja kontakata.
main.java.hr.java.covidportal.iznimke.OsobaIzvanGranica: Pogreška tijekom unosa broja kontakata.
	at main.java.hr.java.covidportal.main.Glavna.provjeraBrojaKontakata(Glavna.java:453)
	at main.java.hr.java.covidportal.main.Glavna.unosOsobe(Glavna.java:336)
	at main.java.hr.java.covidportal.main.Glavna.main(Glavna.java:73)
2020-11-06 18:59:37,749 INFO [main] m.j.h.j.c.m.Glavna [Glavna.java:116] Unesen je broj: 1
2020-11-06 18:59:38,635 INFO [main] m.j.h.j.c.m.Glavna [Glavna.java:116] Unesen je broj: 1
