2020-11-26 13:12:03,870 ERROR [main] m.j.h.j.c.m.Glavna [Glavna.java:220] .\dat\simpktomi.txt (The system cannot find the file specified)
java.io.FileNotFoundException: .\dat\simpktomi.txt (The system cannot find the file specified)
	at java.base/java.io.FileInputStream.open0(Native Method)
	at java.base/java.io.FileInputStream.open(FileInputStream.java:211)
	at java.base/java.io.FileInputStream.<init>(FileInputStream.java:153)
	at java.base/java.io.FileReader.<init>(FileReader.java:75)
	at main.java.hr.java.covidportal.main.Glavna.ucitavanjeSimptoma(Glavna.java:202)
	at main.java.hr.java.covidportal.main.Glavna.main(Glavna.java:49)
2020-11-26 13:12:47,391 ERROR [main] m.j.h.j.c.m.Glavna [Glavna.java:220] .\dat\simpktomi.txt (The system cannot find the file specified)
java.io.FileNotFoundException: .\dat\simpktomi.txt (The system cannot find the file specified)
	at java.base/java.io.FileInputStream.open0(Native Method)
	at java.base/java.io.FileInputStream.open(FileInputStream.java:211)
	at java.base/java.io.FileInputStream.<init>(FileInputStream.java:153)
	at java.base/java.io.FileReader.<init>(FileReader.java:75)
	at main.java.hr.java.covidportal.main.Glavna.ucitavanjeSimptoma(Glavna.java:202)
	at main.java.hr.java.covidportal.main.Glavna.main(Glavna.java:49)
2020-11-26 13:13:22,567 ERROR [main] m.j.h.j.c.m.Glavna [Glavna.java:220] .\dat\simpktomi.txt (The system cannot find the file specified)
java.io.FileNotFoundException: .\dat\simpktomi.txt (The system cannot find the file specified)
	at java.base/java.io.FileInputStream.open0(Native Method)
	at java.base/java.io.FileInputStream.open(FileInputStream.java:211)
	at java.base/java.io.FileInputStream.<init>(FileInputStream.java:153)
	at java.base/java.io.FileReader.<init>(FileReader.java:75)
	at main.java.hr.java.covidportal.main.Glavna.ucitavanjeSimptoma(Glavna.java:202)
	at main.java.hr.java.covidportal.main.Glavna.main(Glavna.java:49)
