2020-12-08 18:10:06,457 ERROR [JavaFX Application Thread] m.j.s.Main [Main.java:28] Pokrenuli smo program
2020-12-08 18:11:12,632 ERROR [JavaFX Application Thread] m.j.s.Main [Main.java:28] Pokrenuli smo program
2020-12-08 18:16:52,288 ERROR [JavaFX Application Thread] m.j.s.Main [Main.java:28] Pokrenuli smo program
2020-12-08 18:19:40,009 ERROR [JavaFX Application Thread] m.j.s.Main [Main.java:28] Pokrenuli smo program
2020-12-08 18:21:34,974 ERROR [JavaFX Application Thread] m.j.s.Main [Main.java:28] Pokrenuli smo program
2020-12-08 18:21:56,712 ERROR [JavaFX Application Thread] m.j.s.Main [Main.java:28] Pokrenuli smo program
2020-12-08 18:22:19,753 ERROR [JavaFX Application Thread] m.j.s.Main [Main.java:28] Pokrenuli smo program
2020-12-08 18:22:47,447 ERROR [JavaFX Application Thread] m.j.s.Main [Main.java:28] Pokrenuli smo program
2020-12-08 18:23:01,546 ERROR [JavaFX Application Thread] m.j.s.Main [Main.java:28] Pokrenuli smo program
2020-12-08 18:23:18,831 ERROR [JavaFX Application Thread] m.j.s.Main [Main.java:28] Pokrenuli smo program
2020-12-08 18:23:46,856 ERROR [JavaFX Application Thread] m.j.s.Main [Main.java:28] Pokrenuli smo program
2020-12-08 18:24:15,228 ERROR [JavaFX Application Thread] m.j.s.Main [Main.java:28] Pokrenuli smo program
2020-12-08 18:24:32,391 ERROR [JavaFX Application Thread] m.j.s.Main [Main.java:28] Pokrenuli smo program
2020-12-08 18:24:48,519 ERROR [JavaFX Application Thread] m.j.s.Main [Main.java:28] Pokrenuli smo program
2020-12-08 18:25:42,821 ERROR [JavaFX Application Thread] m.j.s.Main [Main.java:28] Pokrenuli smo program
2020-12-08 18:25:57,993 ERROR [JavaFX Application Thread] m.j.s.Main [Main.java:28] Pokrenuli smo program
2020-12-08 18:26:35,666 ERROR [JavaFX Application Thread] m.j.s.Main [Main.java:28] Pokrenuli smo program
2020-12-08 18:27:29,625 ERROR [JavaFX Application Thread] m.j.s.Main [Main.java:28] Pokrenuli smo program
2020-12-08 18:27:49,149 ERROR [JavaFX Application Thread] m.j.s.Main [Main.java:28] Pokrenuli smo program
2020-12-08 18:28:02,329 ERROR [JavaFX Application Thread] m.j.s.Main [Main.java:28] Pokrenuli smo program
2020-12-08 18:28:15,957 ERROR [JavaFX Application Thread] m.j.s.Main [Main.java:28] Pokrenuli smo program
2020-12-08 18:28:41,457 ERROR [JavaFX Application Thread] m.j.s.Main [Main.java:28] Pokrenuli smo program
2020-12-08 18:28:51,055 ERROR [JavaFX Application Thread] m.j.s.Main [Main.java:28] Pokrenuli smo program
2020-12-08 18:29:20,356 ERROR [JavaFX Application Thread] m.j.s.Main [Main.java:28] Pokrenuli smo program
2020-12-08 18:29:38,723 ERROR [JavaFX Application Thread] m.j.s.Main [Main.java:28] Pokrenuli smo program
2020-12-08 18:30:17,850 ERROR [JavaFX Application Thread] m.j.s.Main [Main.java:28] Pokrenuli smo program
2020-12-08 18:30:36,810 ERROR [JavaFX Application Thread] m.j.s.Main [Main.java:28] Pokrenuli smo program
2020-12-08 18:31:04,967 ERROR [JavaFX Application Thread] m.j.s.Main [Main.java:28] Pokrenuli smo program
2020-12-08 18:31:51,432 ERROR [JavaFX Application Thread] m.j.s.Main [Main.java:28] Pokrenuli smo program
2020-12-08 18:32:27,093 ERROR [JavaFX Application Thread] m.j.s.Main [Main.java:28] Pokrenuli smo program
2020-12-08 18:34:20,715 ERROR [JavaFX Application Thread] m.j.s.Main [Main.java:28] Pokrenuli smo program
2020-12-08 18:34:56,862 ERROR [JavaFX Application Thread] m.j.s.Main [Main.java:28] Pokrenuli smo program
2020-12-08 18:36:31,154 ERROR [JavaFX Application Thread] m.j.s.Main [Main.java:28] Pokrenuli smo program
2020-12-08 18:36:49,813 ERROR [JavaFX Application Thread] m.j.s.Main [Main.java:28] Pokrenuli smo program
2020-12-08 18:39:22,471 ERROR [JavaFX Application Thread] m.j.s.Main [Main.java:28] Pokrenuli smo program
2020-12-08 18:40:18,641 ERROR [JavaFX Application Thread] m.j.s.Main [Main.java:28] Pokrenuli smo program
2020-12-08 18:40:32,991 ERROR [JavaFX Application Thread] m.j.s.Main [Main.java:28] Pokrenuli smo program
2020-12-08 18:42:23,591 ERROR [JavaFX Application Thread] m.j.s.Main [Main.java:28] Pokrenuli smo program
2020-12-09 17:51:40,690 ERROR [JavaFX Application Thread] m.j.s.Main [Main.java:28] Pokrenuli smo program
2020-12-09 17:53:02,222 ERROR [JavaFX Application Thread] m.j.s.Main [Main.java:28] Pokrenuli smo program
2020-12-09 17:53:34,642 ERROR [JavaFX Application Thread] m.j.s.Main [Main.java:28] Pokrenuli smo program
2020-12-09 17:53:46,296 ERROR [JavaFX Application Thread] m.j.s.Main [Main.java:28] Pokrenuli smo program
2020-12-09 18:01:52,868 ERROR [JavaFX Application Thread] m.j.s.Main [Main.java:28] Pokrenuli smo program
2020-12-09 18:02:45,695 ERROR [JavaFX Application Thread] m.j.s.Main [Main.java:28] Pokrenuli smo program
2020-12-09 18:03:42,966 ERROR [JavaFX Application Thread] m.j.s.Main [Main.java:28] Pokrenuli smo program
2020-12-09 18:04:30,565 ERROR [JavaFX Application Thread] m.j.s.Main [Main.java:28] Pokrenuli smo program
2020-12-09 18:07:24,941 ERROR [JavaFX Application Thread] m.j.s.Main [Main.java:28] Pokrenuli smo program
2020-12-09 18:10:31,572 ERROR [JavaFX Application Thread] m.j.s.Main [Main.java:28] Pokrenuli smo program
2020-12-09 18:15:11,770 ERROR [JavaFX Application Thread] m.j.s.Main [Main.java:28] Pokrenuli smo program
2020-12-09 18:23:48,643 ERROR [JavaFX Application Thread] m.j.s.Main [Main.java:28] Pokrenuli smo program
2020-12-09 18:26:01,264 ERROR [JavaFX Application Thread] m.j.s.Main [Main.java:28] Pokrenuli smo program
2020-12-09 18:28:17,008 ERROR [JavaFX Application Thread] m.j.s.Main [Main.java:28] Pokrenuli smo program
2020-12-09 18:30:07,687 ERROR [JavaFX Application Thread] m.j.s.Main [Main.java:28] Pokrenuli smo program
2020-12-09 18:31:13,864 ERROR [JavaFX Application Thread] m.j.s.Main [Main.java:28] Pokrenuli smo program
2020-12-09 18:31:25,823 ERROR [JavaFX Application Thread] m.j.s.Main [Main.java:28] Pokrenuli smo program
2020-12-09 18:32:22,554 ERROR [JavaFX Application Thread] m.j.s.Main [Main.java:28] Pokrenuli smo program
2020-12-09 18:33:14,987 ERROR [JavaFX Application Thread] m.j.s.Main [Main.java:28] Pokrenuli smo program
2020-12-09 18:34:12,981 ERROR [JavaFX Application Thread] m.j.s.Main [Main.java:28] Pokrenuli smo program
2020-12-09 18:35:39,613 ERROR [JavaFX Application Thread] m.j.s.Main [Main.java:28] Pokrenuli smo program
2020-12-09 18:37:02,729 ERROR [JavaFX Application Thread] m.j.s.Main [Main.java:28] Pokrenuli smo program
2020-12-09 18:37:32,835 ERROR [JavaFX Application Thread] m.j.s.Main [Main.java:28] Pokrenuli smo program
2020-12-09 18:38:01,117 ERROR [JavaFX Application Thread] m.j.s.Main [Main.java:28] Pokrenuli smo program
2020-12-09 18:46:05,203 ERROR [JavaFX Application Thread] m.j.s.Main [Main.java:28] Pokrenuli smo program
2020-12-09 18:47:26,557 ERROR [JavaFX Application Thread] m.j.s.Main [Main.java:28] Pokrenuli smo program
2020-12-09 18:47:56,744 ERROR [JavaFX Application Thread] m.j.s.Main [Main.java:28] Pokrenuli smo program
2020-12-09 18:49:01,091 ERROR [JavaFX Application Thread] m.j.s.Main [Main.java:28] Pokrenuli smo program
2020-12-09 18:52:49,758 ERROR [JavaFX Application Thread] m.j.s.Main [Main.java:28] Pokrenuli smo program
2020-12-09 18:55:58,024 ERROR [JavaFX Application Thread] m.j.s.Main [Main.java:28] Pokrenuli smo program
2020-12-09 19:00:19,830 ERROR [JavaFX Application Thread] m.j.s.Main [Main.java:28] Pokrenuli smo program
2020-12-09 19:01:05,091 ERROR [JavaFX Application Thread] m.j.s.Main [Main.java:28] Pokrenuli smo program
2020-12-09 19:32:29,757 ERROR [JavaFX Application Thread] m.j.s.Main [Main.java:28] Pokrenuli smo program
2020-12-09 20:47:20,275 ERROR [JavaFX Application Thread] m.j.s.Main [Main.java:28] Pokrenuli smo program
2020-12-09 20:57:08,027 ERROR [JavaFX Application Thread] m.j.s.Main [Main.java:28] Pokrenuli smo program
2020-12-11 15:07:37,521 ERROR [JavaFX Application Thread] m.j.s.Main [Main.java:28] Pokrenuli smo program
2020-12-11 15:18:06,153 ERROR [JavaFX Application Thread] m.j.s.Main [Main.java:28] Pokrenuli smo program
2020-12-11 16:04:57,190 ERROR [JavaFX Application Thread] m.j.s.Main [Main.java:28] Pokrenuli smo program
2020-12-11 16:05:52,255 ERROR [JavaFX Application Thread] m.j.s.Main [Main.java:28] Pokrenuli smo program
2020-12-11 16:06:44,949 ERROR [JavaFX Application Thread] m.j.s.Main [Main.java:28] Pokrenuli smo program
2020-12-11 16:07:26,165 ERROR [JavaFX Application Thread] m.j.s.Main [Main.java:28] Pokrenuli smo program
2020-12-11 16:08:24,810 ERROR [JavaFX Application Thread] m.j.s.Main [Main.java:28] Pokrenuli smo program
2020-12-11 16:10:34,088 ERROR [JavaFX Application Thread] m.j.s.Main [Main.java:28] Pokrenuli smo program
2020-12-11 16:10:38,472 ERROR [JavaFX Application Thread] m.j.s.Main [Main.java:28] Pokrenuli smo program
2020-12-11 16:11:48,767 ERROR [JavaFX Application Thread] m.j.s.Main [Main.java:28] Pokrenuli smo program
2020-12-11 16:11:59,620 ERROR [JavaFX Application Thread] m.j.s.Main [Main.java:28] Pokrenuli smo program
2020-12-11 16:14:37,757 ERROR [JavaFX Application Thread] m.j.s.Main [Main.java:28] Pokrenuli smo program
2020-12-11 16:16:41,211 ERROR [JavaFX Application Thread] m.j.s.Main [Main.java:28] Pokrenuli smo program
2020-12-11 16:17:18,306 ERROR [JavaFX Application Thread] m.j.s.Main [Main.java:28] Pokrenuli smo program
2020-12-11 16:17:25,656 ERROR [JavaFX Application Thread] m.j.s.Main [Main.java:28] Pokrenuli smo program
2020-12-11 16:18:54,095 ERROR [JavaFX Application Thread] m.j.s.Main [Main.java:28] Pokrenuli smo program
2020-12-11 18:34:36,257 ERROR [JavaFX Application Thread] m.j.s.Main [Main.java:28] Pokrenuli smo program
2020-12-11 18:35:33,910 ERROR [JavaFX Application Thread] m.j.s.Main [Main.java:28] Pokrenuli smo program
2020-12-11 18:38:59,596 ERROR [JavaFX Application Thread] m.j.s.Main [Main.java:28] Pokrenuli smo program
2020-12-11 18:39:34,148 ERROR [JavaFX Application Thread] m.j.s.Main [Main.java:28] Pokrenuli smo program
2020-12-11 18:40:56,164 ERROR [JavaFX Application Thread] m.j.s.Main [Main.java:28] Pokrenuli smo program
2020-12-11 18:58:19,188 ERROR [JavaFX Application Thread] m.j.s.Main [Main.java:28] Pokrenuli smo program
2020-12-11 18:58:31,599 ERROR [JavaFX Application Thread] m.j.s.Main [Utility.java:12] Unesen je podatak koji nije broj
2020-12-11 18:58:31,599 ERROR [JavaFX Application Thread] m.j.s.Main [Utility.java:12] Unesen je podatak koji nije broj
2020-12-11 18:58:54,368 ERROR [JavaFX Application Thread] m.j.s.Main [Main.java:28] Pokrenuli smo program
2020-12-11 18:59:00,147 ERROR [JavaFX Application Thread] m.j.s.Main [Utility.java:12] Unesen je podatak koji nije broj
2020-12-11 18:59:00,147 ERROR [JavaFX Application Thread] m.j.s.Main [Utility.java:12] Unesen je podatak koji nije broj
2020-12-11 18:59:04,584 ERROR [JavaFX Application Thread] m.j.s.Main [Utility.java:12] Unesen je podatak koji nije broj
2020-12-11 18:59:42,766 ERROR [JavaFX Application Thread] m.j.s.Main [Main.java:28] Pokrenuli smo program
2020-12-11 18:59:50,401 ERROR [JavaFX Application Thread] m.j.s.Main [Utility.java:12] Unesen je podatak koji nije broj
2020-12-11 18:59:50,401 ERROR [JavaFX Application Thread] m.j.s.Main [Utility.java:12] Unesen je podatak koji nije broj
2020-12-11 18:59:53,923 ERROR [JavaFX Application Thread] m.j.s.Main [Utility.java:12] Unesen je podatak koji nije broj
2020-12-11 18:59:57,343 ERROR [JavaFX Application Thread] m.j.s.Main [Utility.java:12] Unesen je podatak koji nije broj
2020-12-11 19:01:01,377 ERROR [JavaFX Application Thread] m.j.s.Main [Main.java:28] Pokrenuli smo program
2020-12-11 19:01:16,982 ERROR [JavaFX Application Thread] m.j.s.Main [Main.java:28] Pokrenuli smo program
2020-12-11 19:01:33,904 ERROR [JavaFX Application Thread] m.j.s.Main [Utility.java:12] Unesen je podatak koji nije broj
2020-12-11 19:01:34,783 ERROR [JavaFX Application Thread] m.j.s.Main [Utility.java:12] Unesen je podatak koji nije broj
2020-12-11 19:01:54,089 ERROR [JavaFX Application Thread] m.j.s.Main [Utility.java:12] Unesen je podatak koji nije broj
2020-12-11 19:08:33,311 ERROR [JavaFX Application Thread] m.j.s.Main [Main.java:28] Pokrenuli smo program
2020-12-11 19:08:46,279 ERROR [JavaFX Application Thread] m.j.s.Main [Utility.java:12] Unesen je podatak koji nije broj
2020-12-11 19:09:20,291 ERROR [JavaFX Application Thread] m.j.s.Main [Main.java:28] Pokrenuli smo program
2020-12-11 19:09:28,170 ERROR [JavaFX Application Thread] m.j.s.Main [Utility.java:12] Unesen je podatak koji nije broj
2020-12-11 19:09:30,525 ERROR [JavaFX Application Thread] m.j.s.Main [Utility.java:12] Unesen je podatak koji nije broj
2020-12-11 19:10:04,812 ERROR [JavaFX Application Thread] m.j.s.Main [Main.java:28] Pokrenuli smo program
2020-12-11 19:10:17,575 ERROR [JavaFX Application Thread] m.j.s.Main [Main.java:28] Pokrenuli smo program
2020-12-11 19:10:24,548 ERROR [JavaFX Application Thread] m.j.s.Main [Utility.java:12] Unesen je podatak koji nije broj
2020-12-11 19:10:24,549 ERROR [JavaFX Application Thread] m.j.s.Main [Utility.java:12] Unesen je podatak koji nije broj
2020-12-11 19:13:18,453 ERROR [JavaFX Application Thread] m.j.s.Main [Main.java:28] Pokrenuli smo program
2020-12-11 19:13:27,709 ERROR [JavaFX Application Thread] m.j.s.Main [Main.java:28] Pokrenuli smo program
2020-12-11 19:13:51,544 ERROR [JavaFX Application Thread] m.j.s.Main [Utility.java:12] Unesen je podatak koji nije broj
2020-12-11 19:16:40,487 ERROR [JavaFX Application Thread] m.j.s.Main [Main.java:28] Pokrenuli smo program
2020-12-11 19:16:56,855 ERROR [JavaFX Application Thread] m.j.s.Main [Utility.java:12] Unesen je podatak koji nije broj
2020-12-11 19:17:05,679 ERROR [JavaFX Application Thread] m.j.s.Main [Utility.java:12] Unesen je podatak koji nije broj
2020-12-11 19:17:05,679 ERROR [JavaFX Application Thread] m.j.s.Main [Utility.java:12] Unesen je podatak koji nije broj
2020-12-11 19:18:21,789 ERROR [JavaFX Application Thread] m.j.s.Main [Main.java:28] Pokrenuli smo program
2020-12-11 19:18:41,673 ERROR [JavaFX Application Thread] m.j.s.Main [Utility.java:12] Unesen je podatak koji nije broj
2020-12-11 19:18:44,129 ERROR [JavaFX Application Thread] m.j.s.Main [Utility.java:12] Unesen je podatak koji nije broj
2020-12-11 19:22:50,420 ERROR [JavaFX Application Thread] m.j.s.Main [Main.java:28] Pokrenuli smo program
2020-12-11 19:31:13,089 ERROR [JavaFX Application Thread] m.j.s.Main [Main.java:28] Pokrenuli smo program
2020-12-11 19:31:30,967 ERROR [JavaFX Application Thread] m.j.s.Main [Main.java:28] Pokrenuli smo program
2020-12-11 19:31:40,983 ERROR [JavaFX Application Thread] m.j.s.Main [Main.java:28] Pokrenuli smo program
2020-12-11 19:32:08,975 ERROR [JavaFX Application Thread] m.j.s.Main [Main.java:28] Pokrenuli smo program
2020-12-11 19:32:50,131 ERROR [JavaFX Application Thread] m.j.s.Main [Main.java:28] Pokrenuli smo program
2020-12-11 19:32:56,392 ERROR [JavaFX Application Thread] m.j.s.Main [Utility.java:12] Unesen je podatak koji nije broj
2020-12-11 19:32:56,392 ERROR [JavaFX Application Thread] m.j.s.Main [Utility.java:12] Unesen je podatak koji nije broj
2020-12-11 19:33:57,677 ERROR [JavaFX Application Thread] m.j.s.Main [Main.java:28] Pokrenuli smo program
2020-12-11 19:34:08,597 ERROR [JavaFX Application Thread] m.j.s.Main [Main.java:28] Pokrenuli smo program
2020-12-11 19:34:42,112 ERROR [JavaFX Application Thread] m.j.s.Main [Main.java:28] Pokrenuli smo program
2020-12-11 19:35:03,525 ERROR [JavaFX Application Thread] m.j.s.Main [Main.java:28] Pokrenuli smo program
2020-12-11 19:35:52,093 ERROR [JavaFX Application Thread] m.j.s.Main [Main.java:28] Pokrenuli smo program
2020-12-11 19:36:47,605 ERROR [JavaFX Application Thread] m.j.s.Main [Main.java:28] Pokrenuli smo program
2020-12-11 20:05:16,651 ERROR [JavaFX Application Thread] m.j.s.Main [Main.java:28] Pokrenuli smo program
2020-12-11 20:32:25,923 ERROR [JavaFX Application Thread] m.j.s.Main [Main.java:28] Pokrenuli smo program
2020-12-11 20:37:42,808 ERROR [JavaFX Application Thread] m.j.s.Main [Main.java:28] Pokrenuli smo program
2020-12-11 20:37:50,481 ERROR [JavaFX Application Thread] m.j.s.Main [Utility.java:12] Unesen je podatak koji nije broj
2020-12-11 20:37:50,481 ERROR [JavaFX Application Thread] m.j.s.Main [Utility.java:12] Unesen je podatak koji nije broj
2020-12-11 20:37:56,803 ERROR [JavaFX Application Thread] m.j.s.Main [Utility.java:12] Unesen je podatak koji nije broj
2020-12-11 20:37:56,804 ERROR [JavaFX Application Thread] m.j.s.Main [Utility.java:12] Unesen je podatak koji nije broj
2020-12-11 20:38:03,611 ERROR [JavaFX Application Thread] m.j.s.Main [Utility.java:12] Unesen je podatak koji nije broj
2020-12-11 20:39:28,583 ERROR [JavaFX Application Thread] m.j.s.Main [Main.java:28] Pokrenuli smo program
2020-12-11 20:39:35,346 ERROR [JavaFX Application Thread] m.j.s.Main [Utility.java:12] Unesen je podatak koji nije broj
2020-12-11 20:39:35,346 ERROR [JavaFX Application Thread] m.j.s.Main [Utility.java:12] Unesen je podatak koji nije broj
2020-12-11 20:39:42,704 ERROR [JavaFX Application Thread] m.j.s.Main [Utility.java:12] Unesen je podatak koji nije broj
2020-12-11 20:39:42,704 ERROR [JavaFX Application Thread] m.j.s.Main [Utility.java:12] Unesen je podatak koji nije broj
2020-12-11 20:39:47,002 ERROR [JavaFX Application Thread] m.j.s.Main [Utility.java:12] Unesen je podatak koji nije broj
2020-12-11 20:39:47,002 ERROR [JavaFX Application Thread] m.j.s.Main [Utility.java:12] Unesen je podatak koji nije broj
2020-12-11 20:40:25,952 ERROR [JavaFX Application Thread] m.j.s.Main [Utility.java:12] Unesen je podatak koji nije broj
2020-12-11 20:40:25,952 ERROR [JavaFX Application Thread] m.j.s.Main [Utility.java:12] Unesen je podatak koji nije broj
2020-12-11 20:40:29,824 ERROR [JavaFX Application Thread] m.j.s.Main [Utility.java:12] Unesen je podatak koji nije broj
2020-12-11 20:40:29,824 ERROR [JavaFX Application Thread] m.j.s.Main [Utility.java:12] Unesen je podatak koji nije broj
2020-12-11 20:42:12,223 ERROR [JavaFX Application Thread] m.j.s.Main [Main.java:28] Pokrenuli smo program
2020-12-11 20:44:41,741 ERROR [JavaFX Application Thread] m.j.s.Main [Main.java:28] Pokrenuli smo program
2020-12-11 20:47:23,922 ERROR [JavaFX Application Thread] m.j.s.Main [Main.java:28] Pokrenuli smo program
2020-12-11 21:15:44,393 ERROR [JavaFX Application Thread] m.j.s.Main [Main.java:28] Pokrenuli smo program
2020-12-11 21:15:59,080 ERROR [JavaFX Application Thread] m.j.s.Main [Main.java:28] Pokrenuli smo program
2020-12-11 21:22:14,988 ERROR [JavaFX Application Thread] m.j.s.Main [Main.java:28] Pokrenuli smo program
2020-12-11 21:22:26,062 ERROR [JavaFX Application Thread] m.j.s.Main [Main.java:28] Pokrenuli smo program
2020-12-11 21:25:18,262 ERROR [JavaFX Application Thread] m.j.s.Main [Main.java:28] Pokrenuli smo program
2020-12-11 21:25:23,877 ERROR [JavaFX Application Thread] m.j.s.Main [Main.java:28] Pokrenuli smo program
2020-12-11 21:26:42,471 ERROR [JavaFX Application Thread] m.j.s.Main [Main.java:28] Pokrenuli smo program
2020-12-11 21:28:57,724 ERROR [JavaFX Application Thread] m.j.s.Main [Main.java:28] Pokrenuli smo program
2020-12-11 21:29:42,195 ERROR [JavaFX Application Thread] m.j.s.Main [Main.java:28] Pokrenuli smo program
2020-12-11 21:29:57,320 ERROR [JavaFX Application Thread] m.j.s.Main [Main.java:28] Pokrenuli smo program
2020-12-11 21:31:25,676 ERROR [JavaFX Application Thread] m.j.s.Main [Main.java:28] Pokrenuli smo program
2020-12-11 21:32:15,994 ERROR [JavaFX Application Thread] m.j.s.Main [Main.java:28] Pokrenuli smo program
2020-12-11 21:32:39,760 ERROR [JavaFX Application Thread] m.j.s.Main [Main.java:28] Pokrenuli smo program
2020-12-11 21:38:30,822 ERROR [JavaFX Application Thread] m.j.s.Main [Main.java:28] Pokrenuli smo program
2020-12-11 21:39:14,891 ERROR [JavaFX Application Thread] m.j.s.Main [Main.java:28] Pokrenuli smo program
2020-12-11 21:39:26,429 ERROR [JavaFX Application Thread] m.j.s.Main [Utility.java:12] Unesen je podatak koji nije broj
2020-12-11 21:39:37,149 ERROR [JavaFX Application Thread] m.j.s.Main [Utility.java:12] Unesen je podatak koji nije broj
2020-12-11 21:39:40,126 ERROR [JavaFX Application Thread] m.j.s.Main [Utility.java:12] Unesen je podatak koji nije broj
2020-12-11 21:41:21,269 ERROR [JavaFX Application Thread] m.j.s.Main [Main.java:28] Pokrenuli smo program
2020-12-11 21:42:46,319 ERROR [JavaFX Application Thread] m.j.s.Main [Main.java:28] Pokrenuli smo program
2020-12-11 21:59:36,065 ERROR [JavaFX Application Thread] m.j.s.Main [Main.java:28] Pokrenuli smo program
2020-12-11 22:02:48,528 ERROR [JavaFX Application Thread] m.j.s.Main [Main.java:28] Pokrenuli smo program
2020-12-11 22:10:50,237 ERROR [JavaFX Application Thread] m.j.s.Main [Main.java:28] Pokrenuli smo program
2020-12-11 22:11:06,183 ERROR [JavaFX Application Thread] m.j.s.Main [PocetniEkranController.java:22] Greška kod prikaza ekrana Unos bolesti
2020-12-11 22:13:27,313 ERROR [JavaFX Application Thread] m.j.s.Main [Main.java:28] Pokrenuli smo program
2020-12-11 22:13:29,512 ERROR [JavaFX Application Thread] m.j.s.Main [PocetniEkranController.java:22] Greška kod prikaza ekrana Unos bolesti
2020-12-11 22:15:19,914 ERROR [JavaFX Application Thread] m.j.s.Main [Main.java:28] Pokrenuli smo program
2020-12-11 22:15:24,551 ERROR [JavaFX Application Thread] m.j.s.Main [PocetniEkranController.java:22] Greška kod prikaza ekrana Unos bolesti
2020-12-11 22:16:19,422 ERROR [JavaFX Application Thread] m.j.s.Main [Main.java:28] Pokrenuli smo program
2020-12-11 22:17:30,266 ERROR [JavaFX Application Thread] m.j.s.Main [Main.java:28] Pokrenuli smo program
2020-12-11 22:18:21,442 ERROR [JavaFX Application Thread] m.j.s.Main [Main.java:28] Pokrenuli smo program
2020-12-11 22:25:04,371 ERROR [JavaFX Application Thread] m.j.s.Main [Main.java:28] Pokrenuli smo program
2020-12-12 11:14:40,808 ERROR [JavaFX Application Thread] m.j.s.Main [Main.java:29] Pokrenuli smo program
2020-12-12 11:15:30,650 ERROR [JavaFX Application Thread] m.j.s.Main [Utility.java:12] Unesen je podatak koji nije broj
2020-12-12 11:17:34,813 ERROR [JavaFX Application Thread] m.j.s.Main [Main.java:29] Pokrenuli smo program
2020-12-12 11:18:53,085 ERROR [JavaFX Application Thread] m.j.s.Main [Main.java:29] Pokrenuli smo program
2020-12-12 11:19:19,555 ERROR [JavaFX Application Thread] m.j.s.Main [Main.java:29] Pokrenuli smo program
2020-12-12 11:19:36,320 ERROR [JavaFX Application Thread] m.j.s.Main [Main.java:29] Pokrenuli smo program
2020-12-12 11:20:56,171 ERROR [JavaFX Application Thread] m.j.s.Main [Main.java:29] Pokrenuli smo program
2020-12-12 11:20:59,156 ERROR [JavaFX Application Thread] m.j.s.Main [Utility.java:12] Unesen je podatak koji nije broj
2020-12-12 11:20:59,157 ERROR [JavaFX Application Thread] m.j.s.Main [Utility.java:12] Unesen je podatak koji nije broj
2020-12-12 11:21:16,408 ERROR [JavaFX Application Thread] m.j.s.Main [Main.java:29] Pokrenuli smo program
2020-12-12 11:21:19,686 ERROR [JavaFX Application Thread] m.j.s.Main [Utility.java:12] Unesen je podatak koji nije broj
2020-12-12 11:21:19,686 ERROR [JavaFX Application Thread] m.j.s.Main [Utility.java:12] Unesen je podatak koji nije broj
2020-12-12 11:21:21,960 ERROR [JavaFX Application Thread] m.j.s.Main [Utility.java:12] Unesen je podatak koji nije broj
2020-12-12 11:21:21,960 ERROR [JavaFX Application Thread] m.j.s.Main [Utility.java:12] Unesen je podatak koji nije broj
2020-12-12 11:23:02,859 ERROR [JavaFX Application Thread] m.j.s.Main [Main.java:29] Pokrenuli smo program
2020-12-12 11:23:14,673 ERROR [JavaFX Application Thread] m.j.s.Main [Main.java:29] Pokrenuli smo program
2020-12-12 11:23:25,813 ERROR [JavaFX Application Thread] m.j.s.Main [Main.java:29] Pokrenuli smo program
2020-12-12 11:24:23,368 ERROR [JavaFX Application Thread] m.j.s.Main [Main.java:29] Pokrenuli smo program
2020-12-12 11:24:33,764 ERROR [JavaFX Application Thread] m.j.s.Main [Utility.java:12] Unesen je podatak koji nije broj
2020-12-12 11:24:33,765 ERROR [JavaFX Application Thread] m.j.s.Main [Utility.java:12] Unesen je podatak koji nije broj
2020-12-12 11:29:16,534 ERROR [JavaFX Application Thread] m.j.s.Main [Main.java:29] Pokrenuli smo program
2020-12-12 11:30:33,608 ERROR [JavaFX Application Thread] m.j.s.Main [Main.java:29] Pokrenuli smo program
2020-12-12 11:30:47,461 ERROR [JavaFX Application Thread] m.j.s.Main [Main.java:29] Pokrenuli smo program
2020-12-12 11:30:54,656 ERROR [JavaFX Application Thread] m.j.s.Main [Utility.java:12] Unesen je podatak koji nije broj
2020-12-12 11:30:54,657 ERROR [JavaFX Application Thread] m.j.s.Main [Utility.java:12] Unesen je podatak koji nije broj
2020-12-12 11:36:42,162 ERROR [JavaFX Application Thread] m.j.s.Main [Main.java:32] Pokrenuli smo program
2020-12-12 11:38:39,786 ERROR [JavaFX Application Thread] m.j.s.Main [Main.java:32] Pokrenuli smo program
2020-12-12 11:38:42,934 ERROR [JavaFX Application Thread] m.j.s.Main [PocetniEkranController.java:21] Greška kod prikaza ekrana Unos bolesti
2020-12-12 11:40:34,757 ERROR [JavaFX Application Thread] m.j.s.Main [Main.java:32] Pokrenuli smo program
2020-12-12 11:45:54,838 ERROR [JavaFX Application Thread] m.j.s.Main [Main.java:32] Pokrenuli smo program
2020-12-12 12:00:54,828 ERROR [JavaFX Application Thread] m.j.s.Main [Main.java:32] Pokrenuli smo program
2020-12-12 12:02:14,320 ERROR [JavaFX Application Thread] m.j.s.Main [Main.java:32] Pokrenuli smo program
2020-12-12 12:03:17,308 ERROR [JavaFX Application Thread] m.j.s.Main [Main.java:32] Pokrenuli smo program
2020-12-12 12:04:34,483 ERROR [JavaFX Application Thread] m.j.s.Main [Main.java:32] Pokrenuli smo program
2020-12-12 12:09:18,727 ERROR [JavaFX Application Thread] m.j.s.Main [Main.java:32] Pokrenuli smo program
2020-12-12 12:09:29,026 ERROR [JavaFX Application Thread] m.j.s.Main [Main.java:32] Pokrenuli smo program
2020-12-12 12:12:00,723 ERROR [JavaFX Application Thread] m.j.s.Main [Main.java:32] Pokrenuli smo program
2020-12-12 12:13:19,296 ERROR [JavaFX Application Thread] m.j.s.Main [Main.java:32] Pokrenuli smo program
2020-12-12 12:15:27,084 ERROR [JavaFX Application Thread] m.j.s.Main [Main.java:32] Pokrenuli smo program
2020-12-12 12:17:56,586 ERROR [JavaFX Application Thread] m.j.s.Main [Main.java:32] Pokrenuli smo program
2020-12-12 12:26:10,706 ERROR [JavaFX Application Thread] m.j.s.Main [Main.java:32] Pokrenuli smo program
2020-12-12 12:51:55,945 ERROR [JavaFX Application Thread] m.j.s.Main [Main.java:32] Pokrenuli smo program
2020-12-12 13:02:04,753 ERROR [JavaFX Application Thread] m.j.s.Main [Main.java:32] Pokrenuli smo program
2020-12-12 13:02:17,829 ERROR [JavaFX Application Thread] m.j.s.Main [Main.java:32] Pokrenuli smo program
2020-12-12 13:02:26,219 ERROR [JavaFX Application Thread] m.j.s.Main [Main.java:32] Pokrenuli smo program
2020-12-12 13:03:35,567 ERROR [JavaFX Application Thread] m.j.s.Main [Main.java:32] Pokrenuli smo program
2020-12-12 13:04:14,253 ERROR [JavaFX Application Thread] m.j.s.Main [Main.java:32] Pokrenuli smo program
2020-12-12 13:30:00,696 ERROR [JavaFX Application Thread] m.j.s.Main [Main.java:32] Pokrenuli smo program
2020-12-12 13:30:02,886 ERROR [JavaFX Application Thread] m.j.s.Main [PocetniEkranController.java:21] Greška kod prikaza ekrana Unos bolesti
2020-12-12 13:33:35,027 ERROR [JavaFX Application Thread] m.j.s.Main [Main.java:32] Pokrenuli smo program
2020-12-12 13:34:43,147 ERROR [JavaFX Application Thread] m.j.s.Main [Main.java:32] Pokrenuli smo program
2020-12-12 13:39:01,830 ERROR [JavaFX Application Thread] m.j.s.Main [Main.java:32] Pokrenuli smo program
2020-12-12 13:39:59,569 ERROR [JavaFX Application Thread] m.j.s.Main [Main.java:32] Pokrenuli smo program
2020-12-12 13:40:11,918 ERROR [JavaFX Application Thread] m.j.s.Main [Main.java:32] Pokrenuli smo program
2020-12-12 13:40:14,165 ERROR [JavaFX Application Thread] m.j.s.Main [PocetniEkranController.java:21] Greška kod prikaza ekrana Unos bolesti
2020-12-12 13:41:27,809 ERROR [JavaFX Application Thread] m.j.s.Main [Main.java:32] Pokrenuli smo program
2020-12-12 13:41:51,314 ERROR [JavaFX Application Thread] m.j.s.Main [Main.java:32] Pokrenuli smo program
2020-12-12 13:56:42,358 ERROR [JavaFX Application Thread] m.j.s.Main [Main.java:32] Pokrenuli smo program
2020-12-12 13:56:53,748 ERROR [JavaFX Application Thread] m.j.s.Main [Main.java:32] Pokrenuli smo program
2020-12-12 13:58:46,429 ERROR [JavaFX Application Thread] m.j.s.Main [Main.java:32] Pokrenuli smo program
2020-12-12 13:58:48,675 ERROR [JavaFX Application Thread] m.j.s.Main [PocetniEkranController.java:21] Greška kod prikaza ekrana Unos bolesti
2020-12-12 13:59:06,788 ERROR [JavaFX Application Thread] m.j.s.Main [Main.java:32] Pokrenuli smo program
2020-12-12 14:04:06,787 ERROR [JavaFX Application Thread] m.j.s.Main [Main.java:32] Pokrenuli smo program
2020-12-12 14:08:33,181 ERROR [JavaFX Application Thread] m.j.s.Main [Main.java:32] Pokrenuli smo program
2020-12-12 14:11:28,045 ERROR [JavaFX Application Thread] m.j.s.Main [Main.java:32] Pokrenuli smo program
2020-12-12 14:11:53,132 ERROR [JavaFX Application Thread] m.j.s.Main [Main.java:32] Pokrenuli smo program
2020-12-12 14:17:12,539 ERROR [JavaFX Application Thread] m.j.s.Main [Main.java:32] Pokrenuli smo program
2020-12-12 14:17:35,126 ERROR [JavaFX Application Thread] m.j.s.Main [Main.java:32] Pokrenuli smo program
2020-12-12 15:21:44,098 ERROR [JavaFX Application Thread] m.j.s.Main [Main.java:32] Pokrenuli smo program
2020-12-12 15:28:03,968 ERROR [JavaFX Application Thread] m.j.s.Main [Main.java:32] Pokrenuli smo program
2020-12-12 15:28:06,110 ERROR [JavaFX Application Thread] m.j.s.Main [PocetniEkranController.java:21] Greška kod prikaza ekrana Unos osobe
2020-12-12 15:28:12,551 ERROR [JavaFX Application Thread] m.j.s.Main [Main.java:32] Pokrenuli smo program
2020-12-12 15:37:12,935 ERROR [JavaFX Application Thread] m.j.s.Main [Main.java:32] Pokrenuli smo program
2020-12-12 15:37:22,227 ERROR [JavaFX Application Thread] m.j.s.Main [Main.java:32] Pokrenuli smo program
2020-12-12 15:37:24,862 ERROR [JavaFX Application Thread] m.j.s.Main [PocetniEkranController.java:21] Greška kod prikaza ekrana Unos osobe
2020-12-12 15:37:58,090 ERROR [JavaFX Application Thread] m.j.s.Main [Main.java:32] Pokrenuli smo program
2020-12-12 15:38:34,729 ERROR [JavaFX Application Thread] m.j.s.Main [Main.java:32] Pokrenuli smo program
2020-12-12 15:42:28,726 ERROR [JavaFX Application Thread] m.j.s.Main [Main.java:32] Pokrenuli smo program
2020-12-12 15:50:19,775 ERROR [JavaFX Application Thread] m.j.s.Main [Main.java:32] Pokrenuli smo program
2020-12-12 15:50:42,736 ERROR [JavaFX Application Thread] m.j.s.Main [PocetniEkranController.java:21] Greška kod prikaza ekrana Pretraga osoba
2020-12-12 15:51:43,202 ERROR [JavaFX Application Thread] m.j.s.Main [Main.java:32] Pokrenuli smo program
2020-12-12 15:51:45,354 ERROR [JavaFX Application Thread] m.j.s.Main [PocetniEkranController.java:21] Greška kod prikaza ekrana Unos osobe
2020-12-12 15:52:14,473 ERROR [JavaFX Application Thread] m.j.s.Main [Main.java:32] Pokrenuli smo program
2020-12-12 15:53:20,109 ERROR [JavaFX Application Thread] m.j.s.Main [Main.java:32] Pokrenuli smo program
2020-12-12 15:54:21,665 ERROR [JavaFX Application Thread] m.j.s.Main [PocetniEkranController.java:21] Greška kod prikaza ekrana Pretraga osoba
2020-12-12 15:55:01,897 ERROR [JavaFX Application Thread] m.j.s.Main [Main.java:32] Pokrenuli smo program
2020-12-12 15:55:13,122 ERROR [JavaFX Application Thread] m.j.s.Main [Main.java:32] Pokrenuli smo program
2020-12-12 15:55:39,418 ERROR [JavaFX Application Thread] m.j.s.Main [Main.java:32] Pokrenuli smo program
2020-12-12 15:56:18,387 ERROR [JavaFX Application Thread] m.j.s.Main [Utility.java:12] Unesen je podatak koji nije broj
2020-12-12 15:56:18,388 ERROR [JavaFX Application Thread] m.j.s.Main [Utility.java:12] Unesen je podatak koji nije broj
2020-12-12 16:03:59,215 ERROR [JavaFX Application Thread] m.j.s.Main [Main.java:32] Pokrenuli smo program
2020-12-12 16:10:07,815 ERROR [JavaFX Application Thread] m.j.s.Main [Main.java:32] Pokrenuli smo program
2020-12-12 17:54:56,277 ERROR [JavaFX Application Thread] m.j.s.Main [Main.java:32] Pokrenuli smo program
2020-12-12 17:57:38,135 ERROR [JavaFX Application Thread] m.j.s.Main [Main.java:32] Pokrenuli smo program
2020-12-12 18:01:12,183 ERROR [JavaFX Application Thread] m.j.s.Main [Main.java:32] Pokrenuli smo program
2020-12-12 18:01:16,095 ERROR [JavaFX Application Thread] m.j.s.Main [PocetniEkranController.java:24] Greška kod prikaza ekrana Unos osobe
2020-12-12 18:01:45,502 ERROR [JavaFX Application Thread] m.j.s.Main [Main.java:32] Pokrenuli smo program
2020-12-12 18:05:43,009 ERROR [JavaFX Application Thread] m.j.s.Main [Main.java:32] Pokrenuli smo program
2020-12-12 18:08:41,523 ERROR [JavaFX Application Thread] m.j.s.Main [Main.java:32] Pokrenuli smo program
2020-12-12 18:10:25,414 ERROR [JavaFX Application Thread] m.j.s.Main [Main.java:32] Pokrenuli smo program
2020-12-12 18:13:16,638 ERROR [JavaFX Application Thread] m.j.s.Main [Main.java:32] Pokrenuli smo program
2020-12-12 18:14:32,840 ERROR [JavaFX Application Thread] m.j.s.Main [Main.java:32] Pokrenuli smo program
2020-12-12 18:17:10,394 ERROR [JavaFX Application Thread] m.j.s.Main [Main.java:32] Pokrenuli smo program
2020-12-12 18:17:48,315 ERROR [JavaFX Application Thread] m.j.s.Main [Main.java:32] Pokrenuli smo program
2020-12-12 18:18:22,400 ERROR [JavaFX Application Thread] m.j.s.Main [Main.java:32] Pokrenuli smo program
2020-12-12 18:21:18,037 ERROR [JavaFX Application Thread] m.j.s.Main [Main.java:32] Pokrenuli smo program
2020-12-12 18:22:22,703 ERROR [JavaFX Application Thread] m.j.s.Main [Main.java:32] Pokrenuli smo program
2020-12-12 22:03:22,943 ERROR [JavaFX Application Thread] m.j.s.Main [Main.java:32] Pokrenuli smo program
2020-12-12 22:05:07,353 ERROR [JavaFX Application Thread] m.j.s.Main [Main.java:32] Pokrenuli smo program
2020-12-12 22:06:33,392 ERROR [JavaFX Application Thread] m.j.s.Main [Main.java:32] Pokrenuli smo program
2020-12-13 11:37:09,619 ERROR [JavaFX Application Thread] m.j.s.Main [Main.java:32] Pokrenuli smo program
2020-12-13 11:42:10,079 ERROR [JavaFX Application Thread] m.j.s.Main [Main.java:32] Pokrenuli smo program
2020-12-13 11:43:30,222 ERROR [JavaFX Application Thread] m.j.s.Main [Main.java:32] Pokrenuli smo program
2020-12-13 11:43:53,822 ERROR [JavaFX Application Thread] m.j.s.Main [Main.java:32] Pokrenuli smo program
2020-12-13 11:45:20,485 ERROR [JavaFX Application Thread] m.j.s.Main [Main.java:32] Pokrenuli smo program
2020-12-13 11:45:42,542 ERROR [JavaFX Application Thread] m.j.s.Main [Main.java:32] Pokrenuli smo program
2020-12-13 11:46:07,736 ERROR [JavaFX Application Thread] m.j.s.Main [Main.java:32] Pokrenuli smo program
2020-12-13 11:56:58,424 ERROR [JavaFX Application Thread] m.j.s.Main [Main.java:32] Pokrenuli smo program
2020-12-13 12:01:10,496 ERROR [JavaFX Application Thread] m.j.s.Main [Main.java:32] Pokrenuli smo program
2020-12-13 12:04:39,140 ERROR [JavaFX Application Thread] m.j.s.Main [Main.java:32] Pokrenuli smo program
2020-12-13 12:05:33,844 ERROR [JavaFX Application Thread] m.j.s.Main [Main.java:32] Pokrenuli smo program
2020-12-13 12:06:07,130 ERROR [JavaFX Application Thread] m.j.s.Main [Main.java:32] Pokrenuli smo program
2020-12-13 12:06:42,239 ERROR [JavaFX Application Thread] m.j.s.Main [Main.java:32] Pokrenuli smo program
2020-12-13 12:07:42,732 ERROR [JavaFX Application Thread] m.j.s.Main [Main.java:32] Pokrenuli smo program
2020-12-13 12:07:51,098 ERROR [JavaFX Application Thread] m.j.s.Main [Main.java:32] Pokrenuli smo program
2020-12-13 12:08:16,794 ERROR [JavaFX Application Thread] m.j.s.Main [Main.java:32] Pokrenuli smo program
2020-12-13 12:08:51,549 ERROR [JavaFX Application Thread] m.j.s.Main [Main.java:32] Pokrenuli smo program
2020-12-13 12:10:20,588 ERROR [JavaFX Application Thread] m.j.s.Main [Main.java:32] Pokrenuli smo program
2020-12-13 12:10:45,480 ERROR [JavaFX Application Thread] m.j.s.Main [Main.java:32] Pokrenuli smo program
2020-12-13 12:11:12,204 ERROR [JavaFX Application Thread] m.j.s.Main [Main.java:32] Pokrenuli smo program
2020-12-13 12:11:31,843 ERROR [JavaFX Application Thread] m.j.s.Main [Main.java:32] Pokrenuli smo program
2020-12-13 12:12:08,137 ERROR [JavaFX Application Thread] m.j.s.Main [Main.java:32] Pokrenuli smo program
2020-12-13 12:12:39,280 ERROR [JavaFX Application Thread] m.j.s.Main [Main.java:32] Pokrenuli smo program
2020-12-13 12:13:46,395 ERROR [JavaFX Application Thread] m.j.s.Main [Main.java:32] Pokrenuli smo program
2020-12-13 12:14:36,623 ERROR [JavaFX Application Thread] m.j.s.Main [Main.java:32] Pokrenuli smo program
2020-12-13 12:14:50,271 ERROR [JavaFX Application Thread] m.j.s.Main [Main.java:32] Pokrenuli smo program
2020-12-13 12:15:04,046 ERROR [JavaFX Application Thread] m.j.s.Main [Main.java:32] Pokrenuli smo program
2020-12-13 12:16:36,603 ERROR [JavaFX Application Thread] m.j.s.Main [Main.java:32] Pokrenuli smo program
2020-12-13 12:17:15,055 ERROR [JavaFX Application Thread] m.j.s.Main [Main.java:32] Pokrenuli smo program
2020-12-13 12:17:52,687 ERROR [JavaFX Application Thread] m.j.s.Main [Main.java:32] Pokrenuli smo program
2020-12-13 12:20:09,528 ERROR [JavaFX Application Thread] m.j.s.Main [Main.java:32] Pokrenuli smo program
2020-12-13 12:20:26,230 ERROR [JavaFX Application Thread] m.j.s.Main [Main.java:32] Pokrenuli smo program
2020-12-13 12:21:34,407 ERROR [JavaFX Application Thread] m.j.s.Main [Main.java:32] Pokrenuli smo program
2020-12-13 12:21:45,810 ERROR [JavaFX Application Thread] m.j.s.Main [Main.java:32] Pokrenuli smo program
2020-12-13 12:22:11,442 ERROR [JavaFX Application Thread] m.j.s.Main [Main.java:32] Pokrenuli smo program
2020-12-13 12:22:26,424 ERROR [JavaFX Application Thread] m.j.s.Main [Main.java:32] Pokrenuli smo program
2020-12-13 12:22:37,639 ERROR [JavaFX Application Thread] m.j.s.Main [Main.java:32] Pokrenuli smo program
2020-12-13 12:22:59,237 ERROR [JavaFX Application Thread] m.j.s.Main [Main.java:32] Pokrenuli smo program
2020-12-13 12:23:07,554 ERROR [JavaFX Application Thread] m.j.s.Main [Main.java:32] Pokrenuli smo program
2020-12-13 12:24:07,293 ERROR [JavaFX Application Thread] m.j.s.Main [Main.java:32] Pokrenuli smo program
2020-12-13 12:25:07,190 ERROR [JavaFX Application Thread] m.j.s.Main [Main.java:32] Pokrenuli smo program
2020-12-13 12:26:12,009 ERROR [JavaFX Application Thread] m.j.s.Main [Main.java:32] Pokrenuli smo program
2020-12-13 12:42:02,870 ERROR [JavaFX Application Thread] m.j.s.Main [Main.java:32] Pokrenuli smo program
2020-12-13 12:43:30,030 ERROR [JavaFX Application Thread] m.j.s.Main [Main.java:32] Pokrenuli smo program
2020-12-13 12:44:19,359 ERROR [JavaFX Application Thread] m.j.s.Main [Main.java:32] Pokrenuli smo program
2020-12-13 12:44:52,948 ERROR [JavaFX Application Thread] m.j.s.Main [Main.java:32] Pokrenuli smo program
2020-12-13 12:53:15,600 ERROR [JavaFX Application Thread] m.j.s.Main [Main.java:32] Pokrenuli smo program
2020-12-13 12:53:49,186 ERROR [JavaFX Application Thread] m.j.s.Main [Main.java:32] Pokrenuli smo program
2020-12-13 12:54:07,172 ERROR [JavaFX Application Thread] m.j.s.Main [Main.java:32] Pokrenuli smo program
2020-12-13 12:54:44,654 ERROR [JavaFX Application Thread] m.j.s.Main [Main.java:32] Pokrenuli smo program
2020-12-13 12:55:22,122 ERROR [JavaFX Application Thread] m.j.s.Main [Main.java:32] Pokrenuli smo program
2020-12-13 12:57:27,101 ERROR [JavaFX Application Thread] m.j.s.Main [Main.java:32] Pokrenuli smo program
2020-12-13 12:58:26,496 ERROR [JavaFX Application Thread] m.j.s.Main [Main.java:32] Pokrenuli smo program
2020-12-13 13:01:40,843 ERROR [JavaFX Application Thread] m.j.s.Main [Main.java:32] Pokrenuli smo program
2020-12-13 13:01:50,548 ERROR [JavaFX Application Thread] m.j.s.Main [Main.java:32] Pokrenuli smo program
2020-12-13 13:02:01,070 ERROR [JavaFX Application Thread] m.j.s.Main [Main.java:32] Pokrenuli smo program
2020-12-13 13:04:32,325 ERROR [JavaFX Application Thread] m.j.s.Main [Main.java:32] Pokrenuli smo program
2020-12-13 13:05:12,319 ERROR [JavaFX Application Thread] m.j.s.Main [Main.java:32] Pokrenuli smo program
2020-12-13 13:05:34,964 ERROR [JavaFX Application Thread] m.j.s.Main [Main.java:32] Pokrenuli smo program
2020-12-13 13:05:44,467 ERROR [JavaFX Application Thread] m.j.s.Main [Main.java:32] Pokrenuli smo program
2020-12-13 13:07:00,883 ERROR [JavaFX Application Thread] m.j.s.Main [Main.java:32] Pokrenuli smo program
2020-12-13 13:13:57,355 ERROR [JavaFX Application Thread] m.j.s.Main [Main.java:32] Pokrenuli smo program
2020-12-13 13:14:34,098 ERROR [JavaFX Application Thread] m.j.s.Main [Main.java:32] Pokrenuli smo program
2020-12-13 13:15:02,652 ERROR [JavaFX Application Thread] m.j.s.Main [Utility.java:12] Unesen je podatak koji nije broj
2020-12-13 13:16:36,815 ERROR [JavaFX Application Thread] m.j.s.Main [Main.java:32] Pokrenuli smo program
2020-12-13 13:18:12,643 ERROR [JavaFX Application Thread] m.j.s.Main [Main.java:32] Pokrenuli smo program
2020-12-13 13:18:34,200 ERROR [JavaFX Application Thread] m.j.s.Main [Main.java:32] Pokrenuli smo program
2020-12-13 13:19:31,118 ERROR [JavaFX Application Thread] m.j.s.Main [Main.java:32] Pokrenuli smo program
2020-12-13 13:22:13,445 ERROR [JavaFX Application Thread] m.j.s.Main [Main.java:32] Pokrenuli smo program
2020-12-13 13:22:32,588 ERROR [JavaFX Application Thread] m.j.s.Main [Main.java:32] Pokrenuli smo program
2020-12-13 13:23:10,054 ERROR [JavaFX Application Thread] m.j.s.Main [Main.java:32] Pokrenuli smo program
2020-12-13 13:24:01,531 ERROR [JavaFX Application Thread] m.j.s.Main [Main.java:32] Pokrenuli smo program
2020-12-13 13:24:21,151 ERROR [JavaFX Application Thread] m.j.s.Main [Main.java:32] Pokrenuli smo program
2020-12-13 13:25:01,281 ERROR [JavaFX Application Thread] m.j.s.Main [Main.java:32] Pokrenuli smo program
2020-12-13 13:25:30,455 ERROR [JavaFX Application Thread] m.j.s.Main [Main.java:32] Pokrenuli smo program
2020-12-13 13:25:42,626 ERROR [JavaFX Application Thread] m.j.s.Main [Main.java:32] Pokrenuli smo program
2020-12-13 13:26:18,946 ERROR [JavaFX Application Thread] m.j.s.Main [Main.java:32] Pokrenuli smo program
2020-12-13 13:28:11,285 ERROR [JavaFX Application Thread] m.j.s.Main [Main.java:32] Pokrenuli smo program
2020-12-13 13:28:47,831 ERROR [JavaFX Application Thread] m.j.s.Main [Main.java:32] Pokrenuli smo program
2020-12-13 13:31:46,976 ERROR [JavaFX Application Thread] m.j.s.Main [Main.java:32] Pokrenuli smo program
2020-12-13 13:36:11,072 ERROR [JavaFX Application Thread] m.j.s.Main [Main.java:32] Pokrenuli smo program
2020-12-13 13:42:51,001 ERROR [JavaFX Application Thread] m.j.s.Main [Main.java:32] Pokrenuli smo program
2020-12-13 13:43:47,643 ERROR [JavaFX Application Thread] m.j.s.Main [Main.java:32] Pokrenuli smo program
2020-12-13 13:44:15,057 ERROR [JavaFX Application Thread] m.j.s.Main [Main.java:32] Pokrenuli smo program
2020-12-14 12:22:56,606 ERROR [JavaFX Application Thread] m.j.s.Main [Main.java:32] Pokrenuli smo program
2020-12-14 12:23:03,970 ERROR [JavaFX Application Thread] m.j.s.Main [Utility.java:12] Unesen je podatak koji nije broj
2020-12-14 12:23:03,971 ERROR [JavaFX Application Thread] m.j.s.Main [Utility.java:12] Unesen je podatak koji nije broj
2020-12-14 12:23:06,895 ERROR [JavaFX Application Thread] m.j.s.Main [Utility.java:12] Unesen je podatak koji nije broj
2020-12-14 12:25:41,067 ERROR [JavaFX Application Thread] m.j.s.Main [Main.java:32] Pokrenuli smo program
2020-12-14 12:30:16,176 ERROR [JavaFX Application Thread] m.j.s.Main [Main.java:33] Pokrenuli smo program
2020-12-14 12:30:27,050 ERROR [JavaFX Application Thread] m.j.s.Main [Main.java:33] Pokrenuli smo program
2020-12-14 12:31:22,808 ERROR [JavaFX Application Thread] m.j.s.Main [Main.java:33] Pokrenuli smo program
2020-12-14 12:31:47,182 ERROR [JavaFX Application Thread] m.j.s.Main [Main.java:33] Pokrenuli smo program
2020-12-14 12:32:25,478 ERROR [JavaFX Application Thread] m.j.s.Main [Main.java:33] Pokrenuli smo program
2020-12-14 12:33:10,924 ERROR [JavaFX Application Thread] m.j.s.Main [Main.java:33] Pokrenuli smo program
2020-12-14 12:33:32,491 ERROR [JavaFX Application Thread] m.j.s.Main [Main.java:33] Pokrenuli smo program
2020-12-14 12:34:30,809 ERROR [JavaFX Application Thread] m.j.s.Main [Main.java:35] Pokrenuli smo program
2020-12-14 12:35:23,814 ERROR [JavaFX Application Thread] m.j.s.Main [Main.java:33] Pokrenuli smo program
2020-12-14 12:35:56,395 ERROR [JavaFX Application Thread] m.j.s.Main [Main.java:33] Pokrenuli smo program
2020-12-14 12:36:17,330 ERROR [JavaFX Application Thread] m.j.s.Main [Main.java:33] Pokrenuli smo program
2020-12-14 12:37:00,682 ERROR [JavaFX Application Thread] m.j.s.Main [Main.java:33] Pokrenuli smo program
2020-12-14 12:37:50,375 ERROR [JavaFX Application Thread] m.j.s.Main [Main.java:33] Pokrenuli smo program
2020-12-14 12:38:43,192 ERROR [JavaFX Application Thread] m.j.s.Main [Main.java:33] Pokrenuli smo program
2020-12-14 12:39:36,097 ERROR [JavaFX Application Thread] m.j.s.Main [Main.java:33] Pokrenuli smo program
2020-12-14 12:40:00,549 ERROR [JavaFX Application Thread] m.j.s.Main [Main.java:33] Pokrenuli smo program
2020-12-14 12:40:52,115 ERROR [JavaFX Application Thread] m.j.s.Main [Main.java:33] Pokrenuli smo program
2020-12-14 12:41:18,208 ERROR [JavaFX Application Thread] m.j.s.Main [Main.java:33] Pokrenuli smo program
2020-12-14 12:42:04,862 ERROR [JavaFX Application Thread] m.j.s.Main [Main.java:33] Pokrenuli smo program
2020-12-14 12:43:20,510 ERROR [JavaFX Application Thread] m.j.s.Main [Main.java:33] Pokrenuli smo program
2020-12-14 12:43:47,676 ERROR [JavaFX Application Thread] m.j.s.Main [Main.java:33] Pokrenuli smo program
2020-12-14 12:44:10,597 ERROR [JavaFX Application Thread] m.j.s.Main [Main.java:33] Pokrenuli smo program
2020-12-14 12:44:24,840 ERROR [JavaFX Application Thread] m.j.s.Main [Main.java:33] Pokrenuli smo program
2020-12-14 12:46:08,015 ERROR [JavaFX Application Thread] m.j.s.Main [Main.java:33] Pokrenuli smo program
2020-12-14 12:47:07,042 ERROR [JavaFX Application Thread] m.j.s.Main [Main.java:33] Pokrenuli smo program
2020-12-14 12:47:51,784 ERROR [JavaFX Application Thread] m.j.s.Main [Main.java:33] Pokrenuli smo program
2020-12-14 13:12:40,779 ERROR [JavaFX Application Thread] m.j.s.Main [Main.java:33] Pokrenuli smo program
2020-12-14 13:17:51,955 ERROR [JavaFX Application Thread] m.j.s.Main [Main.java:33] Pokrenuli smo program
2020-12-14 13:18:36,448 ERROR [JavaFX Application Thread] m.j.s.Main [Main.java:33] Pokrenuli smo program
2020-12-14 13:30:21,892 ERROR [JavaFX Application Thread] m.j.s.Main [Main.java:33] Pokrenuli smo program
2020-12-14 13:32:34,857 ERROR [JavaFX Application Thread] m.j.s.Main [Main.java:33] Pokrenuli smo program
2020-12-14 13:39:05,143 ERROR [JavaFX Application Thread] m.j.s.Main [Main.java:33] Pokrenuli smo program
2020-12-14 17:21:46,577 ERROR [JavaFX Application Thread] m.j.s.Main [Main.java:33] Pokrenuli smo program
2020-12-14 17:23:00,971 ERROR [JavaFX Application Thread] m.j.s.Main [Main.java:33] Pokrenuli smo program
2020-12-14 17:58:17,905 ERROR [JavaFX Application Thread] m.j.s.Main [Main.java:33] Pokrenuli smo program
2020-12-14 17:59:00,432 ERROR [JavaFX Application Thread] m.j.s.Main [Main.java:33] Pokrenuli smo program
2020-12-14 17:59:08,408 ERROR [JavaFX Application Thread] m.j.s.Main [Utility.java:12] Unesen je podatak koji nije broj
2020-12-14 17:59:08,408 ERROR [JavaFX Application Thread] m.j.s.Main [Utility.java:12] Unesen je podatak koji nije broj
2020-12-14 18:01:30,223 ERROR [JavaFX Application Thread] m.j.s.Main [Main.java:33] Pokrenuli smo program
2020-12-14 18:01:50,719 ERROR [JavaFX Application Thread] m.j.s.Main [Main.java:33] Pokrenuli smo program
2020-12-14 18:01:55,024 ERROR [JavaFX Application Thread] m.j.s.Main [Utility.java:12] Unesen je podatak koji nije broj
2020-12-14 18:01:55,024 ERROR [JavaFX Application Thread] m.j.s.Main [Utility.java:12] Unesen je podatak koji nije broj
2020-12-14 18:02:20,570 ERROR [JavaFX Application Thread] m.j.s.Main [Main.java:33] Pokrenuli smo program
2020-12-14 18:02:23,319 ERROR [JavaFX Application Thread] m.j.s.Main [Utility.java:12] Unesen je podatak koji nije broj
2020-12-14 18:02:23,319 ERROR [JavaFX Application Thread] m.j.s.Main [Utility.java:12] Unesen je podatak koji nije broj
2020-12-14 18:02:24,938 ERROR [JavaFX Application Thread] m.j.s.Main [Utility.java:12] Unesen je podatak koji nije broj
2020-12-14 18:02:24,939 ERROR [JavaFX Application Thread] m.j.s.Main [Utility.java:12] Unesen je podatak koji nije broj
2020-12-14 18:02:55,192 ERROR [JavaFX Application Thread] m.j.s.Main [Main.java:33] Pokrenuli smo program
2020-12-14 18:02:58,280 ERROR [JavaFX Application Thread] m.j.s.Main [Utility.java:12] Unesen je podatak koji nije broj
2020-12-14 18:02:58,280 ERROR [JavaFX Application Thread] m.j.s.Main [Utility.java:12] Unesen je podatak koji nije broj
2020-12-14 18:02:59,997 ERROR [JavaFX Application Thread] m.j.s.Main [Utility.java:12] Unesen je podatak koji nije broj
2020-12-14 18:02:59,997 ERROR [JavaFX Application Thread] m.j.s.Main [Utility.java:12] Unesen je podatak koji nije broj
2020-12-14 18:03:22,731 ERROR [JavaFX Application Thread] m.j.s.Main [Main.java:33] Pokrenuli smo program
2020-12-14 18:03:26,909 ERROR [JavaFX Application Thread] m.j.s.Main [Utility.java:12] Unesen je podatak koji nije broj
2020-12-14 18:03:26,909 ERROR [JavaFX Application Thread] m.j.s.Main [Utility.java:12] Unesen je podatak koji nije broj
2020-12-14 18:04:04,431 ERROR [JavaFX Application Thread] m.j.s.Main [Main.java:33] Pokrenuli smo program
2020-12-14 18:04:07,923 ERROR [JavaFX Application Thread] m.j.s.Main [Utility.java:12] Unesen je podatak koji nije broj
2020-12-14 18:04:07,924 ERROR [JavaFX Application Thread] m.j.s.Main [Utility.java:12] Unesen je podatak koji nije broj
2020-12-14 18:04:10,909 ERROR [JavaFX Application Thread] m.j.s.Main [Utility.java:12] Unesen je podatak koji nije broj
2020-12-14 18:04:10,909 ERROR [JavaFX Application Thread] m.j.s.Main [Utility.java:12] Unesen je podatak koji nije broj
2020-12-14 18:04:14,085 ERROR [JavaFX Application Thread] m.j.s.Main [Utility.java:12] Unesen je podatak koji nije broj
2020-12-14 18:04:14,085 ERROR [JavaFX Application Thread] m.j.s.Main [Utility.java:12] Unesen je podatak koji nije broj
2020-12-14 18:04:17,005 ERROR [JavaFX Application Thread] m.j.s.Main [Utility.java:12] Unesen je podatak koji nije broj
2020-12-14 18:05:08,647 ERROR [JavaFX Application Thread] m.j.s.Main [Main.java:33] Pokrenuli smo program
2020-12-14 18:05:12,190 ERROR [JavaFX Application Thread] m.j.s.Main [Utility.java:12] Unesen je podatak koji nije broj
2020-12-14 18:05:12,191 ERROR [JavaFX Application Thread] m.j.s.Main [Utility.java:12] Unesen je podatak koji nije broj
2020-12-14 18:05:17,364 ERROR [JavaFX Application Thread] m.j.s.Main [Utility.java:12] Unesen je podatak koji nije broj
2020-12-14 18:05:17,364 ERROR [JavaFX Application Thread] m.j.s.Main [Utility.java:12] Unesen je podatak koji nije broj
2020-12-14 18:05:19,031 ERROR [JavaFX Application Thread] m.j.s.Main [Utility.java:12] Unesen je podatak koji nije broj
2020-12-14 18:05:19,032 ERROR [JavaFX Application Thread] m.j.s.Main [Utility.java:12] Unesen je podatak koji nije broj
2020-12-14 18:06:01,428 ERROR [JavaFX Application Thread] m.j.s.Main [Main.java:33] Pokrenuli smo program
2020-12-14 18:06:10,960 ERROR [JavaFX Application Thread] m.j.s.Main [Utility.java:12] Unesen je podatak koji nije broj
2020-12-14 18:06:15,347 ERROR [JavaFX Application Thread] m.j.s.Main [Utility.java:12] Unesen je podatak koji nije broj
2020-12-14 18:07:33,692 ERROR [JavaFX Application Thread] m.j.s.Main [Main.java:33] Pokrenuli smo program
2020-12-14 18:07:37,597 ERROR [JavaFX Application Thread] m.j.s.Main [Utility.java:12] Unesen je podatak koji nije broj
2020-12-14 18:07:37,598 ERROR [JavaFX Application Thread] m.j.s.Main [Utility.java:12] Unesen je podatak koji nije broj
2020-12-14 18:07:39,520 ERROR [JavaFX Application Thread] m.j.s.Main [Utility.java:12] Unesen je podatak koji nije broj
2020-12-14 18:07:39,521 ERROR [JavaFX Application Thread] m.j.s.Main [Utility.java:12] Unesen je podatak koji nije broj
2020-12-14 18:07:42,127 ERROR [JavaFX Application Thread] m.j.s.Main [Utility.java:12] Unesen je podatak koji nije broj
2020-12-14 18:07:42,127 ERROR [JavaFX Application Thread] m.j.s.Main [Utility.java:12] Unesen je podatak koji nije broj
2020-12-14 18:07:56,150 ERROR [JavaFX Application Thread] m.j.s.Main [Utility.java:12] Unesen je podatak koji nije broj
2020-12-14 18:09:07,786 ERROR [JavaFX Application Thread] m.j.s.Main [Main.java:33] Pokrenuli smo program
2020-12-14 18:09:10,805 ERROR [JavaFX Application Thread] m.j.s.Main [Utility.java:12] Unesen je podatak koji nije broj
2020-12-14 18:09:10,806 ERROR [JavaFX Application Thread] m.j.s.Main [Utility.java:12] Unesen je podatak koji nije broj
2020-12-14 18:09:13,633 ERROR [JavaFX Application Thread] m.j.s.Main [Utility.java:12] Unesen je podatak koji nije broj
2020-12-14 18:09:16,715 ERROR [JavaFX Application Thread] m.j.s.Main [Utility.java:12] Unesen je podatak koji nije broj
2020-12-14 18:10:30,283 ERROR [JavaFX Application Thread] m.j.s.Main [Main.java:33] Pokrenuli smo program
2020-12-14 18:10:42,877 ERROR [JavaFX Application Thread] m.j.s.Main [Utility.java:12] Unesen je podatak koji nije broj
2020-12-14 18:10:42,878 ERROR [JavaFX Application Thread] m.j.s.Main [Utility.java:12] Unesen je podatak koji nije broj
2020-12-14 19:44:03,333 ERROR [JavaFX Application Thread] m.j.s.Main [Utility.java:12] Unesen je podatak koji nije broj
2020-12-14 19:44:03,337 ERROR [JavaFX Application Thread] m.j.s.Main [Utility.java:12] Unesen je podatak koji nije broj
2020-12-14 22:18:47,494 ERROR [JavaFX Application Thread] m.j.s.Main [Main.java:33] Pokrenuli smo program
2020-12-14 22:18:52,085 ERROR [JavaFX Application Thread] m.j.s.Main [Utility.java:12] Unesen je podatak koji nije broj
2020-12-14 22:18:52,085 ERROR [JavaFX Application Thread] m.j.s.Main [Utility.java:12] Unesen je podatak koji nije broj
2020-12-14 22:19:23,687 ERROR [JavaFX Application Thread] m.j.s.Main [Main.java:33] Pokrenuli smo program
2020-12-14 22:19:49,713 ERROR [JavaFX Application Thread] m.j.s.Main [Main.java:33] Pokrenuli smo program
2020-12-14 22:20:15,478 ERROR [JavaFX Application Thread] m.j.s.Main [Main.java:33] Pokrenuli smo program
2020-12-14 22:20:36,357 ERROR [JavaFX Application Thread] m.j.s.Main [Main.java:33] Pokrenuli smo program
2020-12-14 22:21:22,673 ERROR [JavaFX Application Thread] m.j.s.Main [Main.java:33] Pokrenuli smo program
2020-12-14 22:21:45,527 ERROR [JavaFX Application Thread] m.j.s.Main [Utility.java:12] Unesen je podatak koji nije broj
